# JRE version: Java(TM) SE Runtime Environment (8.0_144-b01) (build 1.8.0_144-b01)
# Java VM: Java HotSpot(TM) 64-Bit Server VM (25.144-b01 mixed mode bsd-amd64 compressed oops)
Heap:
 PSYoungGen      total 535040K, used 382075K [0x000000076ab00000, 0x000000078d000000, 0x00000007c0000000)
  eden space 509440K, 71% used [0x000000076ab00000,0x0000000780e62888,0x0000000789c80000)
  from space 25600K, 70% used [0x000000078b580000,0x000000078c73c4e8,0x000000078ce80000)
  to   space 25600K, 0% used [0x0000000789c80000,0x0000000789c80000,0x000000078b580000)
 ParOldGen       total 537600K, used 447540K [0x00000006c0000000, 0x00000006e0d00000, 0x000000076ab00000)
  object space 537600K, 83% used [0x00000006c0000000,0x00000006db50d088,0x00000006e0d00000)
 Metaspace       used 125003K, capacity 133944K, committed 134168K, reserved 1167360K
  class space    used 14720K, capacity 17114K, committed 17176K, reserved 1048576K
GC Heap History (10 events):
Event: 216609.154 GC heap before
{Heap before GC invocations=17005 (full 5):
 PSYoungGen      total 530432K, used 517115K [0x000000076ab00000, 0x000000078ca00000, 0x00000007c0000000)
  eden space 506368K, 100% used [0x000000076ab00000,0x0000000789980000,0x0000000789980000)
  from space 24064K, 44% used [0x0000000789980000,0x000000078a3fee28,0x000000078b100000)
  to   space 24064K, 0% used [0x000000078b280000,0x000000078b280000,0x000000078ca00000)
 ParOldGen       total 537600K, used 447152K [0x00000006c0000000, 0x00000006e0d00000, 0x000000076ab00000)
  object space 537600K, 83% used [0x00000006c0000000,0x00000006db4ac058,0x00000006e0d00000)
 Metaspace       used 124980K, capacity 133944K, committed 134168K, reserved 1167360K
  class space    used 14720K, capacity 17114K, committed 17176K, reserved 1048576K
Event: 216609.161 GC heap after
Heap after GC invocations=17005 (full 5):
 PSYoungGen      total 531968K, used 11071K [0x000000076ab00000, 0x000000078ca00000, 0x00000007c0000000)
  eden space 507904K, 0% used [0x000000076ab00000,0x000000076ab00000,0x0000000789b00000)
  from space 24064K, 46% used [0x000000078b280000,0x000000078bd4fd58,0x000000078ca00000)
  to   space 24064K, 0% used [0x0000000789b00000,0x0000000789b00000,0x000000078b280000)
 ParOldGen       total 537600K, used 447160K [0x00000006c0000000, 0x00000006e0d00000, 0x000000076ab00000)
  object space 537600K, 83% used [0x00000006c0000000,0x00000006db4ae058,0x00000006e0d00000)
 Metaspace       used 124980K, capacity 133944K, committed 134168K, reserved 1167360K
  class space    used 14720K, capacity 17114K, committed 17176K, reserved 1048576K
}
Event: 216813.731 GC heap before
{Heap before GC invocations=17006 (full 5):
 PSYoungGen      total 531968K, used 518975K [0x000000076ab00000, 0x000000078ca00000, 0x00000007c0000000)
  eden space 507904K, 100% used [0x000000076ab00000,0x0000000789b00000,0x0000000789b00000)
  from space 24064K, 46% used [0x000000078b280000,0x000000078bd4fd58,0x000000078ca00000)
  to   space 24064K, 0% used [0x0000000789b00000,0x0000000789b00000,0x000000078b280000)
 ParOldGen       total 537600K, used 447160K [0x00000006c0000000, 0x00000006e0d00000, 0x000000076ab00000)
  object space 537600K, 83% used [0x00000006c0000000,0x00000006db4ae058,0x00000006e0d00000)
 Metaspace       used 124981K, capacity 133944K, committed 134168K, reserved 1167360K
  class space    used 14720K, capacity 17114K, committed 17176K, reserved 1048576K
Event: 216813.744 GC heap after
Heap after GC invocations=17006 (full 5):
 PSYoungGen      total 531968K, used 12767K [0x000000076ab00000, 0x000000078ca00000, 0x00000007c0000000)
  eden space 507904K, 0% used [0x000000076ab00000,0x000000076ab00000,0x0000000789b00000)
  from space 24064K, 53% used [0x0000000789b00000,0x000000078a777c48,0x000000078b280000)
  to   space 23552K, 0% used [0x000000078b300000,0x000000078b300000,0x000000078ca00000)
 ParOldGen       total 537600K, used 447192K [0x00000006c0000000, 0x00000006e0d00000, 0x000000076ab00000)
  object space 537600K, 83% used [0x00000006c0000000,0x00000006db4b6058,0x00000006e0d00000)
 Metaspace       used 124981K, capacity 133944K, committed 134168K, reserved 1167360K
  class space    used 14720K, capacity 17114K, committed 17176K, reserved 1048576K
}
Event: 216896.224 GC heap before
{Heap before GC invocations=17007 (full 5):
 PSYoungGen      total 531968K, used 519517K [0x000000076ab00000, 0x000000078ca00000, 0x00000007c0000000)
  eden space 507904K, 99% used [0x000000076ab00000,0x00000007899dfad0,0x0000000789b00000)
  from space 24064K, 53% used [0x0000000789b00000,0x000000078a777c48,0x000000078b280000)
  to   space 23552K, 0% used [0x000000078b300000,0x000000078b300000,0x000000078ca00000)
 ParOldGen       total 537600K, used 447192K [0x00000006c0000000, 0x00000006e0d00000, 0x000000076ab00000)
  object space 537600K, 83% used [0x00000006c0000000,0x00000006db4b6058,0x00000006e0d00000)
 Metaspace       used 124985K, capacity 133944K, committed 134168K, reserved 1167360K
  class space    used 14720K, capacity 17114K, committed 17176K, reserved 1048576K
Event: 216896.237 GC heap after
Heap after GC invocations=17007 (full 5):
 PSYoungGen      total 531456K, used 20365K [0x000000076ab00000, 0x000000078cc00000, 0x00000007c0000000)
  eden space 507904K, 0% used [0x000000076ab00000,0x000000076ab00000,0x0000000789b00000)
  from space 23552K, 86% used [0x000000078b300000,0x000000078c6e37b0,0x000000078ca00000)
  to   space 24576K, 0% used [0x0000000789b00000,0x0000000789b00000,0x000000078b300000)
 ParOldGen       total 537600K, used 447240K [0x00000006c0000000, 0x00000006e0d00000, 0x000000076ab00000)
  object space 537600K, 83% used [0x00000006c0000000,0x00000006db4c2058,0x00000006e0d00000)
 Metaspace       used 124985K, capacity 133944K, committed 134168K, reserved 1167360K
  class space    used 14720K, capacity 17114K, committed 17176K, reserved 1048576K
}
Event: 216912.142 GC heap before
{Heap before GC invocations=17008 (full 5):
 PSYoungGen      total 531456K, used 527723K [0x000000076ab00000, 0x000000078cc00000, 0x00000007c0000000)
  eden space 507904K, 99% used [0x000000076ab00000,0x0000000789a777f8,0x0000000789b00000)
  from space 23552K, 86% used [0x000000078b300000,0x000000078c6e37b0,0x000000078ca00000)
  to   space 24576K, 0% used [0x0000000789b00000,0x0000000789b00000,0x000000078b300000)
 ParOldGen       total 537600K, used 447240K [0x00000006c0000000, 0x00000006e0d00000, 0x000000076ab00000)
  object space 537600K, 83% used [0x00000006c0000000,0x00000006db4c2058,0x00000006e0d00000)
 Metaspace       used 124990K, capacity 133944K, committed 134168K, reserved 1167360K
  class space    used 14720K, capacity 17114K, committed 17176K, reserved 1048576K
Event: 216912.155 GC heap after
Heap after GC invocations=17008 (full 5):
 PSYoungGen      total 532480K, used 20405K [0x000000076ab00000, 0x000000078ce80000, 0x00000007c0000000)
  eden space 507904K, 0% used [0x000000076ab00000,0x000000076ab00000,0x0000000789b00000)
  from space 24576K, 83% used [0x0000000789b00000,0x000000078aeed710,0x000000078b300000)
  to   space 25600K, 0% used [0x000000078b580000,0x000000078b580000,0x000000078ce80000)
 ParOldGen       total 537600K, used 447296K [0x00000006c0000000, 0x00000006e0d00000, 0x000000076ab00000)
  object space 537600K, 83% used [0x00000006c0000000,0x00000006db4d0078,0x00000006e0d00000)
 Metaspace       used 124990K, capacity 133944K, committed 134168K, reserved 1167360K
  class space    used 14720K, capacity 17114K, committed 17176K, reserved 1048576K
}
Event: 216925.232 GC heap before
{Heap before GC invocations=17009 (full 5):
 PSYoungGen      total 532480K, used 526300K [0x000000076ab00000, 0x000000078ce80000, 0x00000007c0000000)
  eden space 507904K, 99% used [0x000000076ab00000,0x0000000789909950,0x0000000789b00000)
  from space 24576K, 83% used [0x0000000789b00000,0x000000078aeed710,0x000000078b300000)
  to   space 25600K, 0% used [0x000000078b580000,0x000000078b580000,0x000000078ce80000)
 ParOldGen       total 537600K, used 447296K [0x00000006c0000000, 0x00000006e0d00000, 0x000000076ab00000)
  object space 537600K, 83% used [0x00000006c0000000,0x00000006db4d0078,0x00000006e0d00000)
 Metaspace       used 125003K, capacity 133944K, committed 134168K, reserved 1167360K
  class space    used 14720K, capacity 17114K, committed 17176K, reserved 1048576K
Event: 216925.260 GC heap after
Heap after GC invocations=17009 (full 5):
 PSYoungGen      total 535040K, used 18161K [0x000000076ab00000, 0x000000078d000000, 0x00000007c0000000)
  eden space 509440K, 0% used [0x000000076ab00000,0x000000076ab00000,0x0000000789c80000)
  from space 25600K, 70% used [0x000000078b580000,0x000000078c73c4e8,0x000000078ce80000)
  to   space 25600K, 0% used [0x0000000789c80000,0x0000000789c80000,0x000000078b580000)
 ParOldGen       total 537600K, used 447540K [0x00000006c0000000, 0x00000006e0d00000, 0x000000076ab00000)
  object space 537600K, 83% used [0x00000006c0000000,0x00000006db50d088,0x00000006e0d00000)
 Metaspace       used 125003K, capacity 133944K, committed 134168K, reserved 1167360K
  class space    used 14720K, capacity 17114K, committed 17176K, reserved 1048576K
}

