# JRE version: Java(TM) SE Runtime Environment (8.0_144-b01) (build 1.8.0_144-b01)
# Java VM: Java HotSpot(TM) 64-Bit Server VM (25.144-b01 mixed mode bsd-amd64 compressed oops)
Heap:
 PSYoungGen      total 233472K, used 205306K [0x000000076ab00000, 0x000000077ba80000, 0x00000007c0000000)
  eden space 192000K, 95% used [0x000000076ab00000,0x0000000775ec8a58,0x0000000776680000)
  from space 41472K, 51% used [0x0000000779200000,0x000000077a6b5db8,0x000000077ba80000)
  to   space 43008K, 0% used [0x0000000776680000,0x0000000776680000,0x0000000779080000)
 ParOldGen       total 443904K, used 106311K [0x00000006c0000000, 0x00000006db180000, 0x000000076ab00000)
  object space 443904K, 23% used [0x00000006c0000000,0x00000006c67d1ca0,0x00000006db180000)
 Metaspace       used 95358K, capacity 103254K, committed 103512K, reserved 1138688K
  class space    used 11621K, capacity 13682K, committed 13696K, reserved 1048576K
GC Heap History (10 events):
Event: 1769.707 GC heap before
{Heap before GC invocations=48 (full 4):
 PSYoungGen      total 169984K, used 154318K [0x000000076ab00000, 0x0000000778a00000, 0x00000007c0000000)
  eden space 132096K, 100% used [0x000000076ab00000,0x0000000772c00000,0x0000000772c00000)
  from space 37888K, 58% used [0x0000000772c00000,0x00000007741b3b58,0x0000000775100000)
  to   space 39424K, 0% used [0x0000000776380000,0x0000000776380000,0x0000000778a00000)
 ParOldGen       total 443904K, used 106271K [0x00000006c0000000, 0x00000006db180000, 0x000000076ab00000)
  object space 443904K, 23% used [0x00000006c0000000,0x00000006c67c7ca0,0x00000006db180000)
 Metaspace       used 93057K, capacity 100760K, committed 101080K, reserved 1136640K
  class space    used 11389K, capacity 13485K, committed 13568K, reserved 1048576K
Event: 1769.725 GC heap after
Heap after GC invocations=48 (full 4):
 PSYoungGen      total 188416K, used 21043K [0x000000076ab00000, 0x0000000778d00000, 0x00000007c0000000)
  eden space 148992K, 0% used [0x000000076ab00000,0x000000076ab00000,0x0000000773c80000)
  from space 39424K, 53% used [0x0000000776380000,0x000000077780cf98,0x0000000778a00000)
  to   space 39936K, 0% used [0x0000000773c80000,0x0000000773c80000,0x0000000776380000)
 ParOldGen       total 443904K, used 106279K [0x00000006c0000000, 0x00000006db180000, 0x000000076ab00000)
  object space 443904K, 23% used [0x00000006c0000000,0x00000006c67c9ca0,0x00000006db180000)
 Metaspace       used 93057K, capacity 100760K, committed 101080K, reserved 1136640K
  class space    used 11389K, capacity 13485K, committed 13568K, reserved 1048576K
}
Event: 1772.075 GC heap before
{Heap before GC invocations=49 (full 4):
 PSYoungGen      total 188416K, used 169362K [0x000000076ab00000, 0x0000000778d00000, 0x00000007c0000000)
  eden space 148992K, 99% used [0x000000076ab00000,0x0000000773bd7af0,0x0000000773c80000)
  from space 39424K, 53% used [0x0000000776380000,0x000000077780cf98,0x0000000778a00000)
  to   space 39936K, 0% used [0x0000000773c80000,0x0000000773c80000,0x0000000776380000)
 ParOldGen       total 443904K, used 106279K [0x00000006c0000000, 0x00000006db180000, 0x000000076ab00000)
  object space 443904K, 23% used [0x00000006c0000000,0x00000006c67c9ca0,0x00000006db180000)
 Metaspace       used 94192K, capacity 101928K, committed 102232K, reserved 1138688K
  class space    used 11504K, capacity 13569K, committed 13696K, reserved 1048576K
Event: 1772.094 GC heap after
Heap after GC invocations=49 (full 4):
 PSYoungGen      total 188928K, used 28348K [0x000000076ab00000, 0x000000077a500000, 0x00000007c0000000)
  eden space 148992K, 0% used [0x000000076ab00000,0x000000076ab00000,0x0000000773c80000)
  from space 39936K, 70% used [0x0000000773c80000,0x000000077582f068,0x0000000776380000)
  to   space 43008K, 0% used [0x0000000777b00000,0x0000000777b00000,0x000000077a500000)
 ParOldGen       total 443904K, used 106287K [0x00000006c0000000, 0x00000006db180000, 0x000000076ab00000)
  object space 443904K, 23% used [0x00000006c0000000,0x00000006c67cbca0,0x00000006db180000)
 Metaspace       used 94192K, capacity 101928K, committed 102232K, reserved 1138688K
  class space    used 11504K, capacity 13569K, committed 13696K, reserved 1048576K
}
Event: 1772.767 GC heap before
{Heap before GC invocations=50 (full 4):
 PSYoungGen      total 188928K, used 177340K [0x000000076ab00000, 0x000000077a500000, 0x00000007c0000000)
  eden space 148992K, 100% used [0x000000076ab00000,0x0000000773c80000,0x0000000773c80000)
  from space 39936K, 70% used [0x0000000773c80000,0x000000077582f068,0x0000000776380000)
  to   space 43008K, 0% used [0x0000000777b00000,0x0000000777b00000,0x000000077a500000)
 ParOldGen       total 443904K, used 106287K [0x00000006c0000000, 0x00000006db180000, 0x000000076ab00000)
  object space 443904K, 23% used [0x00000006c0000000,0x00000006c67cbca0,0x00000006db180000)
 Metaspace       used 94417K, capacity 102152K, committed 102488K, reserved 1138688K
  class space    used 11523K, capacity 13601K, committed 13696K, reserved 1048576K
Event: 1772.792 GC heap after
Heap after GC invocations=50 (full 4):
 PSYoungGen      total 211456K, used 27786K [0x000000076ab00000, 0x000000077a880000, 0x00000007c0000000)
  eden space 168448K, 0% used [0x000000076ab00000,0x000000076ab00000,0x0000000774f80000)
  from space 43008K, 64% used [0x0000000777b00000,0x00000007796228a0,0x000000077a500000)
  to   space 44544K, 0% used [0x0000000774f80000,0x0000000774f80000,0x0000000777b00000)
 ParOldGen       total 443904K, used 106295K [0x00000006c0000000, 0x00000006db180000, 0x000000076ab00000)
  object space 443904K, 23% used [0x00000006c0000000,0x00000006c67cdca0,0x00000006db180000)
 Metaspace       used 94417K, capacity 102152K, committed 102488K, reserved 1138688K
  class space    used 11523K, capacity 13601K, committed 13696K, reserved 1048576K
}
Event: 1773.367 GC heap before
{Heap before GC invocations=51 (full 4):
 PSYoungGen      total 211456K, used 196234K [0x000000076ab00000, 0x000000077a880000, 0x00000007c0000000)
  eden space 168448K, 100% used [0x000000076ab00000,0x0000000774f80000,0x0000000774f80000)
  from space 43008K, 64% used [0x0000000777b00000,0x00000007796228a0,0x000000077a500000)
  to   space 44544K, 0% used [0x0000000774f80000,0x0000000774f80000,0x0000000777b00000)
 ParOldGen       total 443904K, used 106295K [0x00000006c0000000, 0x00000006db180000, 0x000000076ab00000)
  object space 443904K, 23% used [0x00000006c0000000,0x00000006c67cdca0,0x00000006db180000)
 Metaspace       used 94558K, capacity 102346K, committed 102744K, reserved 1138688K
  class space    used 11531K, capacity 13603K, committed 13696K, reserved 1048576K
Event: 1773.385 GC heap after
Heap after GC invocations=51 (full 4):
 PSYoungGen      total 212992K, used 21213K [0x000000076ab00000, 0x000000077bd00000, 0x00000007c0000000)
  eden space 168448K, 0% used [0x000000076ab00000,0x000000076ab00000,0x0000000774f80000)
  from space 44544K, 47% used [0x0000000774f80000,0x0000000776437518,0x0000000777b00000)
  to   space 44032K, 0% used [0x0000000779200000,0x0000000779200000,0x000000077bd00000)
 ParOldGen       total 443904K, used 106303K [0x00000006c0000000, 0x00000006db180000, 0x000000076ab00000)
  object space 443904K, 23% used [0x00000006c0000000,0x00000006c67cfca0,0x00000006db180000)
 Metaspace       used 94558K, capacity 102346K, committed 102744K, reserved 1138688K
  class space    used 11531K, capacity 13603K, committed 13696K, reserved 1048576K
}
Event: 1774.283 GC heap before
{Heap before GC invocations=52 (full 4):
 PSYoungGen      total 212992K, used 189661K [0x000000076ab00000, 0x000000077bd00000, 0x00000007c0000000)
  eden space 168448K, 100% used [0x000000076ab00000,0x0000000774f80000,0x0000000774f80000)
  from space 44544K, 47% used [0x0000000774f80000,0x0000000776437518,0x0000000777b00000)
  to   space 44032K, 0% used [0x0000000779200000,0x0000000779200000,0x000000077bd00000)
 ParOldGen       total 443904K, used 106303K [0x00000006c0000000, 0x00000006db180000, 0x000000076ab00000)
  object space 443904K, 23% used [0x00000006c0000000,0x00000006c67cfca0,0x00000006db180000)
 Metaspace       used 95117K, capacity 102984K, committed 103256K, reserved 1138688K
  class space    used 11611K, capacity 13681K, committed 13696K, reserved 1048576K
Event: 1774.300 GC heap after
Heap after GC invocations=52 (full 4):
 PSYoungGen      total 233472K, used 21207K [0x000000076ab00000, 0x000000077ba80000, 0x00000007c0000000)
  eden space 192000K, 0% used [0x000000076ab00000,0x000000076ab00000,0x0000000776680000)
  from space 41472K, 51% used [0x0000000779200000,0x000000077a6b5db8,0x000000077ba80000)
  to   space 43008K, 0% used [0x0000000776680000,0x0000000776680000,0x0000000779080000)
 ParOldGen       total 443904K, used 106311K [0x00000006c0000000, 0x00000006db180000, 0x000000076ab00000)
  object space 443904K, 23% used [0x00000006c0000000,0x00000006c67d1ca0,0x00000006db180000)
 Metaspace       used 95117K, capacity 102984K, committed 103256K, reserved 1138688K
  class space    used 11611K, capacity 13681K, committed 13696K, reserved 1048576K
}

