# JRE version: Java(TM) SE Runtime Environment (8.0_144-b01) (build 1.8.0_144-b01)
# Java VM: Java HotSpot(TM) 64-Bit Server VM (25.144-b01 mixed mode bsd-amd64 compressed oops)
Heap:
 PSYoungGen      total 348160K, used 48567K [0x000000076ab00000, 0x0000000782500000, 0x00000007c0000000)
  eden space 333824K, 11% used [0x000000076ab00000,0x000000076d0068a0,0x000000077f100000)
  from space 14336K, 74% used [0x0000000781700000,0x00000007821673b0,0x0000000782500000)
  to   space 26624K, 0% used [0x000000077f100000,0x000000077f100000,0x0000000780b00000)
 ParOldGen       total 306688K, used 104655K [0x00000006c0000000, 0x00000006d2b80000, 0x000000076ab00000)
  object space 306688K, 34% used [0x00000006c0000000,0x00000006c6633f10,0x00000006d2b80000)
 Metaspace       used 101858K, capacity 110062K, committed 110336K, reserved 1144832K
  class space    used 12316K, capacity 14485K, committed 14592K, reserved 1048576K
GC Heap History (10 events):
Event: 392.516 GC heap before
{Heap before GC invocations=28 (full 4):
 PSYoungGen      total 409088K, used 408584K [0x000000076ab00000, 0x0000000786a00000, 0x00000007c0000000)
  eden space 393216K, 99% used [0x000000076ab00000,0x0000000782ad6bd0,0x0000000782b00000)
  from space 15872K, 97% used [0x0000000783880000,0x00000007847ab770,0x0000000784800000)
  to   space 32256K, 0% used [0x0000000784a80000,0x0000000784a80000,0x0000000786a00000)
 ParOldGen       total 306688K, used 104639K [0x00000006c0000000, 0x00000006d2b80000, 0x000000076ab00000)
  object space 306688K, 34% used [0x00000006c0000000,0x00000006c662ff10,0x00000006d2b80000)
 Metaspace       used 101344K, capacity 109514K, committed 109824K, reserved 1144832K
  class space    used 12311K, capacity 14479K, committed 14592K, reserved 1048576K
Event: 392.529 GC heap after
Heap after GC invocations=28 (full 4):
 PSYoungGen      total 395776K, used 15700K [0x000000076ab00000, 0x0000000785a00000, 0x00000007c0000000)
  eden space 379904K, 0% used [0x000000076ab00000,0x000000076ab00000,0x0000000781e00000)
  from space 15872K, 98% used [0x0000000784a80000,0x00000007859d5288,0x0000000785a00000)
  to   space 30720K, 0% used [0x0000000781e00000,0x0000000781e00000,0x0000000783c00000)
 ParOldGen       total 306688K, used 104647K [0x00000006c0000000, 0x00000006d2b80000, 0x000000076ab00000)
  object space 306688K, 34% used [0x00000006c0000000,0x00000006c6631f10,0x00000006d2b80000)
 Metaspace       used 101344K, capacity 109514K, committed 109824K, reserved 1144832K
  class space    used 12311K, capacity 14479K, committed 14592K, reserved 1048576K
}
Event: 402.592 GC heap before
{Heap before GC invocations=29 (full 4):
 PSYoungGen      total 395776K, used 395604K [0x000000076ab00000, 0x0000000785a00000, 0x00000007c0000000)
  eden space 379904K, 100% used [0x000000076ab00000,0x0000000781e00000,0x0000000781e00000)
  from space 15872K, 98% used [0x0000000784a80000,0x00000007859d5288,0x0000000785a00000)
  to   space 30720K, 0% used [0x0000000781e00000,0x0000000781e00000,0x0000000783c00000)
 ParOldGen       total 306688K, used 104647K [0x00000006c0000000, 0x00000006d2b80000, 0x000000076ab00000)
  object space 306688K, 34% used [0x00000006c0000000,0x00000006c6631f10,0x00000006d2b80000)
 Metaspace       used 101496K, capacity 109656K, committed 110080K, reserved 1144832K
  class space    used 12314K, capacity 14482K, committed 14592K, reserved 1048576K
Event: 402.605 GC heap after
Heap after GC invocations=29 (full 4):
 PSYoungGen      total 384000K, used 16035K [0x000000076ab00000, 0x0000000784b00000, 0x00000007c0000000)
  eden space 367616K, 0% used [0x000000076ab00000,0x000000076ab00000,0x0000000781200000)
  from space 16384K, 97% used [0x0000000781e00000,0x0000000782da8c38,0x0000000782e00000)
  to   space 29184K, 0% used [0x0000000782e80000,0x0000000782e80000,0x0000000784b00000)
 ParOldGen       total 306688K, used 104647K [0x00000006c0000000, 0x00000006d2b80000, 0x000000076ab00000)
  object space 306688K, 34% used [0x00000006c0000000,0x00000006c6631f10,0x00000006d2b80000)
 Metaspace       used 101496K, capacity 109656K, committed 110080K, reserved 1144832K
  class space    used 12314K, capacity 14482K, committed 14592K, reserved 1048576K
}
Event: 416.201 GC heap before
{Heap before GC invocations=30 (full 4):
 PSYoungGen      total 384000K, used 383651K [0x000000076ab00000, 0x0000000784b00000, 0x00000007c0000000)
  eden space 367616K, 100% used [0x000000076ab00000,0x0000000781200000,0x0000000781200000)
  from space 16384K, 97% used [0x0000000781e00000,0x0000000782da8c38,0x0000000782e00000)
  to   space 29184K, 0% used [0x0000000782e80000,0x0000000782e80000,0x0000000784b00000)
 ParOldGen       total 306688K, used 104647K [0x00000006c0000000, 0x00000006d2b80000, 0x000000076ab00000)
  object space 306688K, 34% used [0x00000006c0000000,0x00000006c6631f10,0x00000006d2b80000)
 Metaspace       used 101620K, capacity 109784K, committed 110080K, reserved 1144832K
  class space    used 12314K, capacity 14482K, committed 14592K, reserved 1048576K
Event: 416.219 GC heap after
Heap after GC invocations=30 (full 4):
 PSYoungGen      total 371712K, used 15676K [0x000000076ab00000, 0x0000000783e00000, 0x00000007c0000000)
  eden space 355840K, 0% used [0x000000076ab00000,0x000000076ab00000,0x0000000780680000)
  from space 15872K, 98% used [0x0000000782e80000,0x0000000783dcf060,0x0000000783e00000)
  to   space 28160K, 0% used [0x0000000780700000,0x0000000780700000,0x0000000782280000)
 ParOldGen       total 306688K, used 104647K [0x00000006c0000000, 0x00000006d2b80000, 0x000000076ab00000)
  object space 306688K, 34% used [0x00000006c0000000,0x00000006c6631f10,0x00000006d2b80000)
 Metaspace       used 101620K, capacity 109784K, committed 110080K, reserved 1144832K
  class space    used 12314K, capacity 14482K, committed 14592K, reserved 1048576K
}
Event: 418.803 GC heap before
{Heap before GC invocations=31 (full 4):
 PSYoungGen      total 371712K, used 371226K [0x000000076ab00000, 0x0000000783e00000, 0x00000007c0000000)
  eden space 355840K, 99% used [0x000000076ab00000,0x0000000780637b78,0x0000000780680000)
  from space 15872K, 98% used [0x0000000782e80000,0x0000000783dcf060,0x0000000783e00000)
  to   space 28160K, 0% used [0x0000000780700000,0x0000000780700000,0x0000000782280000)
 ParOldGen       total 306688K, used 104647K [0x00000006c0000000, 0x00000006d2b80000, 0x000000076ab00000)
  object space 306688K, 34% used [0x00000006c0000000,0x00000006c6631f10,0x00000006d2b80000)
 Metaspace       used 101713K, capacity 109916K, committed 110336K, reserved 1144832K
  class space    used 12314K, capacity 14482K, committed 14592K, reserved 1048576K
Event: 418.820 GC heap after
Heap after GC invocations=31 (full 4):
 PSYoungGen      total 360960K, used 16172K [0x000000076ab00000, 0x0000000782f80000, 0x00000007c0000000)
  eden space 344576K, 0% used [0x000000076ab00000,0x000000076ab00000,0x000000077fb80000)
  from space 16384K, 98% used [0x0000000780700000,0x00000007816cb0c8,0x0000000781700000)
  to   space 25088K, 0% used [0x0000000781700000,0x0000000781700000,0x0000000782f80000)
 ParOldGen       total 306688K, used 104655K [0x00000006c0000000, 0x00000006d2b80000, 0x000000076ab00000)
  object space 306688K, 34% used [0x00000006c0000000,0x00000006c6633f10,0x00000006d2b80000)
 Metaspace       used 101713K, capacity 109916K, committed 110336K, reserved 1144832K
  class space    used 12314K, capacity 14482K, committed 14592K, reserved 1048576K
}
Event: 447.983 GC heap before
{Heap before GC invocations=32 (full 4):
 PSYoungGen      total 360960K, used 360748K [0x000000076ab00000, 0x0000000782f80000, 0x00000007c0000000)
  eden space 344576K, 100% used [0x000000076ab00000,0x000000077fb80000,0x000000077fb80000)
  from space 16384K, 98% used [0x0000000780700000,0x00000007816cb0c8,0x0000000781700000)
  to   space 25088K, 0% used [0x0000000781700000,0x0000000781700000,0x0000000782f80000)
 ParOldGen       total 306688K, used 104655K [0x00000006c0000000, 0x00000006d2b80000, 0x000000076ab00000)
  object space 306688K, 34% used [0x00000006c0000000,0x00000006c6633f10,0x00000006d2b80000)
 Metaspace       used 101810K, capacity 109934K, committed 110336K, reserved 1144832K
  class space    used 12316K, capacity 14485K, committed 14592K, reserved 1048576K
Event: 447.995 GC heap after
Heap after GC invocations=32 (full 4):
 PSYoungGen      total 348160K, used 10652K [0x000000076ab00000, 0x0000000782500000, 0x00000007c0000000)
  eden space 333824K, 0% used [0x000000076ab00000,0x000000076ab00000,0x000000077f100000)
  from space 14336K, 74% used [0x0000000781700000,0x00000007821673b0,0x0000000782500000)
  to   space 26624K, 0% used [0x000000077f100000,0x000000077f100000,0x0000000780b00000)
 ParOldGen       total 306688K, used 104655K [0x00000006c0000000, 0x00000006d2b80000, 0x000000076ab00000)
  object space 306688K, 34% used [0x00000006c0000000,0x00000006c6633f10,0x00000006d2b80000)
 Metaspace       used 101810K, capacity 109934K, committed 110336K, reserved 1144832K
  class space    used 12316K, capacity 14485K, committed 14592K, reserved 1048576K
}

