# JRE version: Java(TM) SE Runtime Environment (8.0_144-b01) (build 1.8.0_144-b01)
# Java VM: Java HotSpot(TM) 64-Bit Server VM (25.144-b01 mixed mode bsd-amd64 compressed oops)
Heap:
 PSYoungGen      total 326656K, used 114382K [0x000000076ab00000, 0x0000000783200000, 0x00000007c0000000)
  eden space 263168K, 25% used [0x000000076ab00000,0x000000076ec46a58,0x000000077ac00000)
  from space 63488K, 74% used [0x000000077ec80000,0x0000000781aeceb8,0x0000000782a80000)
  to   space 66048K, 0% used [0x000000077ac00000,0x000000077ac00000,0x000000077ec80000)
 ParOldGen       total 471552K, used 76283K [0x00000006c0000000, 0x00000006dcc80000, 0x000000076ab00000)
  object space 471552K, 16% used [0x00000006c0000000,0x00000006c4a7ec88,0x00000006dcc80000)
 Metaspace       used 98984K, capacity 107206K, committed 107392K, reserved 1142784K
  class space    used 12229K, capacity 14445K, committed 14464K, reserved 1048576K
GC Heap History (10 events):
Event: 140.084 GC heap before
{Heap before GC invocations=22 (full 4):
 PSYoungGen      total 242176K, used 200844K [0x000000076ab00000, 0x000000077e800000, 0x00000007c0000000)
  eden space 187392K, 100% used [0x000000076ab00000,0x0000000776200000,0x0000000776200000)
  from space 54784K, 24% used [0x0000000776200000,0x0000000776f23370,0x0000000779780000)
  to   space 54784K, 0% used [0x000000077b280000,0x000000077b280000,0x000000077e800000)
 ParOldGen       total 471552K, used 76251K [0x00000006c0000000, 0x00000006dcc80000, 0x000000076ab00000)
  object space 471552K, 16% used [0x00000006c0000000,0x00000006c4a76c88,0x00000006dcc80000)
 Metaspace       used 91811K, capacity 99550K, committed 99712K, reserved 1136640K
  class space    used 11312K, capacity 13404K, committed 13440K, reserved 1048576K
Event: 140.122 GC heap after
Heap after GC invocations=22 (full 4):
 PSYoungGen      total 268288K, used 39526K [0x000000076ab00000, 0x000000077ed00000, 0x00000007c0000000)
  eden space 213504K, 0% used [0x000000076ab00000,0x000000076ab00000,0x0000000777b80000)
  from space 54784K, 72% used [0x000000077b280000,0x000000077d919a38,0x000000077e800000)
  to   space 56320K, 0% used [0x0000000777b80000,0x0000000777b80000,0x000000077b280000)
 ParOldGen       total 471552K, used 76259K [0x00000006c0000000, 0x00000006dcc80000, 0x000000076ab00000)
  object space 471552K, 16% used [0x00000006c0000000,0x00000006c4a78c88,0x00000006dcc80000)
 Metaspace       used 91811K, capacity 99550K, committed 99712K, reserved 1136640K
  class space    used 11312K, capacity 13404K, committed 13440K, reserved 1048576K
}
Event: 144.991 GC heap before
{Heap before GC invocations=23 (full 4):
 PSYoungGen      total 268288K, used 253030K [0x000000076ab00000, 0x000000077ed00000, 0x00000007c0000000)
  eden space 213504K, 100% used [0x000000076ab00000,0x0000000777b80000,0x0000000777b80000)
  from space 54784K, 72% used [0x000000077b280000,0x000000077d919a38,0x000000077e800000)
  to   space 56320K, 0% used [0x0000000777b80000,0x0000000777b80000,0x000000077b280000)
 ParOldGen       total 471552K, used 76259K [0x00000006c0000000, 0x00000006dcc80000, 0x000000076ab00000)
  object space 471552K, 16% used [0x00000006c0000000,0x00000006c4a78c88,0x00000006dcc80000)
 Metaspace       used 94489K, capacity 102422K, committed 102528K, reserved 1138688K
  class space    used 11726K, capacity 13929K, committed 13952K, reserved 1048576K
Event: 145.014 GC heap after
Heap after GC invocations=23 (full 4):
 PSYoungGen      total 269824K, used 42585K [0x000000076ab00000, 0x0000000780b80000, 0x00000007c0000000)
  eden space 213504K, 0% used [0x000000076ab00000,0x000000076ab00000,0x0000000777b80000)
  from space 56320K, 75% used [0x0000000777b80000,0x000000077a516490,0x000000077b280000)
  to   space 58880K, 0% used [0x000000077d200000,0x000000077d200000,0x0000000780b80000)
 ParOldGen       total 471552K, used 76267K [0x00000006c0000000, 0x00000006dcc80000, 0x000000076ab00000)
  object space 471552K, 16% used [0x00000006c0000000,0x00000006c4a7ac88,0x00000006dcc80000)
 Metaspace       used 94489K, capacity 102422K, committed 102528K, reserved 1138688K
  class space    used 11726K, capacity 13929K, committed 13952K, reserved 1048576K
}
Event: 150.274 GC heap before
{Heap before GC invocations=24 (full 4):
 PSYoungGen      total 269824K, used 256089K [0x000000076ab00000, 0x0000000780b80000, 0x00000007c0000000)
  eden space 213504K, 100% used [0x000000076ab00000,0x0000000777b80000,0x0000000777b80000)
  from space 56320K, 75% used [0x0000000777b80000,0x000000077a516490,0x000000077b280000)
  to   space 58880K, 0% used [0x000000077d200000,0x000000077d200000,0x0000000780b80000)
 ParOldGen       total 471552K, used 76267K [0x00000006c0000000, 0x00000006dcc80000, 0x000000076ab00000)
  object space 471552K, 16% used [0x00000006c0000000,0x00000006c4a7ac88,0x00000006dcc80000)
 Metaspace       used 95230K, capacity 103482K, committed 103680K, reserved 1138688K
  class space    used 11817K, capacity 14041K, committed 14080K, reserved 1048576K
Event: 150.306 GC heap after
Heap after GC invocations=24 (full 4):
 PSYoungGen      total 299008K, used 41035K [0x000000076ab00000, 0x0000000780b80000, 0x00000007c0000000)
  eden space 240128K, 0% used [0x000000076ab00000,0x000000076ab00000,0x0000000779580000)
  from space 58880K, 69% used [0x000000077d200000,0x000000077fa12c40,0x0000000780b80000)
  to   space 60416K, 0% used [0x0000000779580000,0x0000000779580000,0x000000077d080000)
 ParOldGen       total 471552K, used 76275K [0x00000006c0000000, 0x00000006dcc80000, 0x000000076ab00000)
  object space 471552K, 16% used [0x00000006c0000000,0x00000006c4a7cc88,0x00000006dcc80000)
 Metaspace       used 95230K, capacity 103482K, committed 103680K, reserved 1138688K
  class space    used 11817K, capacity 14041K, committed 14080K, reserved 1048576K
}
Event: 157.060 GC heap before
{Heap before GC invocations=25 (full 4):
 PSYoungGen      total 299008K, used 281018K [0x000000076ab00000, 0x0000000780b80000, 0x00000007c0000000)
  eden space 240128K, 99% used [0x000000076ab00000,0x000000077955be70,0x0000000779580000)
  from space 58880K, 69% used [0x000000077d200000,0x000000077fa12c40,0x0000000780b80000)
  to   space 60416K, 0% used [0x0000000779580000,0x0000000779580000,0x000000077d080000)
 ParOldGen       total 471552K, used 76275K [0x00000006c0000000, 0x00000006dcc80000, 0x000000076ab00000)
  object space 471552K, 16% used [0x00000006c0000000,0x00000006c4a7cc88,0x00000006dcc80000)
 Metaspace       used 98784K, capacity 107142K, committed 107392K, reserved 1142784K
  class space    used 12226K, capacity 14445K, committed 14464K, reserved 1048576K
Event: 157.082 GC heap after
Heap after GC invocations=25 (full 4):
 PSYoungGen      total 300544K, used 47930K [0x000000076ab00000, 0x0000000782a80000, 0x00000007c0000000)
  eden space 240128K, 0% used [0x000000076ab00000,0x000000076ab00000,0x0000000779580000)
  from space 60416K, 79% used [0x0000000779580000,0x000000077c44eab8,0x000000077d080000)
  to   space 63488K, 0% used [0x000000077ec80000,0x000000077ec80000,0x0000000782a80000)
 ParOldGen       total 471552K, used 76283K [0x00000006c0000000, 0x00000006dcc80000, 0x000000076ab00000)
  object space 471552K, 16% used [0x00000006c0000000,0x00000006c4a7ec88,0x00000006dcc80000)
 Metaspace       used 98784K, capacity 107142K, committed 107392K, reserved 1142784K
  class space    used 12226K, capacity 14445K, committed 14464K, reserved 1048576K
}
Event: 158.915 GC heap before
{Heap before GC invocations=26 (full 4):
 PSYoungGen      total 300544K, used 286954K [0x000000076ab00000, 0x0000000782a80000, 0x00000007c0000000)
  eden space 240128K, 99% used [0x000000076ab00000,0x000000077946bf00,0x0000000779580000)
  from space 60416K, 79% used [0x0000000779580000,0x000000077c44eab8,0x000000077d080000)
  to   space 63488K, 0% used [0x000000077ec80000,0x000000077ec80000,0x0000000782a80000)
 ParOldGen       total 471552K, used 76283K [0x00000006c0000000, 0x00000006dcc80000, 0x000000076ab00000)
  object space 471552K, 16% used [0x00000006c0000000,0x00000006c4a7ec88,0x00000006dcc80000)
 Metaspace       used 98812K, capacity 107142K, committed 107392K, reserved 1142784K
  class space    used 12226K, capacity 14445K, committed 14464K, reserved 1048576K
Event: 158.945 GC heap after
Heap after GC invocations=26 (full 4):
 PSYoungGen      total 326656K, used 47539K [0x000000076ab00000, 0x0000000783200000, 0x00000007c0000000)
  eden space 263168K, 0% used [0x000000076ab00000,0x000000076ab00000,0x000000077ac00000)
  from space 63488K, 74% used [0x000000077ec80000,0x0000000781aeceb8,0x0000000782a80000)
  to   space 66048K, 0% used [0x000000077ac00000,0x000000077ac00000,0x000000077ec80000)
 ParOldGen       total 471552K, used 76283K [0x00000006c0000000, 0x00000006dcc80000, 0x000000076ab00000)
  object space 471552K, 16% used [0x00000006c0000000,0x00000006c4a7ec88,0x00000006dcc80000)
 Metaspace       used 98812K, capacity 107142K, committed 107392K, reserved 1142784K
  class space    used 12226K, capacity 14445K, committed 14464K, reserved 1048576K
}

