# JRE version: Java(TM) SE Runtime Environment (8.0_172-b11) (build 1.8.0_172-b11)
# Java VM: Java HotSpot(TM) 64-Bit Server VM (25.172-b11 mixed mode bsd-amd64 compressed oops)
Heap:
 PSYoungGen      total 285696K, used 257506K [0x000000076ab00000, 0x0000000781400000, 0x00000007c0000000)
  eden space 235520K, 88% used [0x000000076ab00000,0x00000007775b9110,0x0000000779100000)
  from space 50176K, 99% used [0x0000000779600000,0x000000077c6bf9d0,0x000000077c700000)
  to   space 67072K, 0% used [0x000000077d280000,0x000000077d280000,0x0000000781400000)
 ParOldGen       total 473088K, used 327821K [0x00000006c0000000, 0x00000006dce00000, 0x000000076ab00000)
  object space 473088K, 69% used [0x00000006c0000000,0x00000006d40237a8,0x00000006dce00000)
 Metaspace       used 121812K, capacity 130768K, committed 130836K, reserved 1163264K
  class space    used 14744K, capacity 17168K, committed 17212K, reserved 1048576K
GC Heap History (10 events):
Event: 4888.190 GC heap before
{Heap before GC invocations=91 (full 4):
 PSYoungGen      total 320512K, used 289437K [0x000000076ab00000, 0x0000000782d00000, 0x00000007c0000000)
  eden space 263168K, 100% used [0x000000076ab00000,0x000000077ac00000,0x000000077ac00000)
  from space 57344K, 45% used [0x000000077f500000,0x0000000780ea7558,0x0000000782d00000)
  to   space 66048K, 0% used [0x000000077ac00000,0x000000077ac00000,0x000000077ec80000)
 ParOldGen       total 473088K, used 324441K [0x00000006c0000000, 0x00000006dce00000, 0x000000076ab00000)
  object space 473088K, 68% used [0x00000006c0000000,0x00000006d3cd6650,0x00000006dce00000)
 Metaspace       used 121692K, capacity 130576K, committed 130836K, reserved 1163264K
  class space    used 14737K, capacity 17168K, committed 17212K, reserved 1048576K
Event: 4888.207 GC heap after
Heap after GC invocations=91 (full 4):
 PSYoungGen      total 285184K, used 27747K [0x000000076ab00000, 0x0000000782200000, 0x00000007c0000000)
  eden space 257024K, 0% used [0x000000076ab00000,0x000000076ab00000,0x000000077a600000)
  from space 28160K, 98% used [0x000000077ac00000,0x000000077c718ef0,0x000000077c780000)
  to   space 63488K, 0% used [0x000000077e400000,0x000000077e400000,0x0000000782200000)
 ParOldGen       total 473088K, used 324633K [0x00000006c0000000, 0x00000006dce00000, 0x000000076ab00000)
  object space 473088K, 68% used [0x00000006c0000000,0x00000006d3d06650,0x00000006dce00000)
 Metaspace       used 121692K, capacity 130576K, committed 130836K, reserved 1163264K
  class space    used 14737K, capacity 17168K, committed 17212K, reserved 1048576K
}
Event: 4949.814 GC heap before
{Heap before GC invocations=92 (full 4):
 PSYoungGen      total 285184K, used 284771K [0x000000076ab00000, 0x0000000782200000, 0x00000007c0000000)
  eden space 257024K, 100% used [0x000000076ab00000,0x000000077a600000,0x000000077a600000)
  from space 28160K, 98% used [0x000000077ac00000,0x000000077c718ef0,0x000000077c780000)
  to   space 63488K, 0% used [0x000000077e400000,0x000000077e400000,0x0000000782200000)
 ParOldGen       total 473088K, used 324633K [0x00000006c0000000, 0x00000006dce00000, 0x000000076ab00000)
  object space 473088K, 68% used [0x00000006c0000000,0x00000006d3d06650,0x00000006dce00000)
 Metaspace       used 121752K, capacity 130704K, committed 130836K, reserved 1163264K
  class space    used 14743K, capacity 17168K, committed 17212K, reserved 1048576K
Event: 4949.829 GC heap after
Heap after GC invocations=92 (full 4):
 PSYoungGen      total 304128K, used 28288K [0x000000076ab00000, 0x0000000781780000, 0x00000007c0000000)
  eden space 251392K, 0% used [0x000000076ab00000,0x000000076ab00000,0x000000077a080000)
  from space 52736K, 53% used [0x000000077e400000,0x000000077ffa0268,0x0000000781780000)
  to   space 60928K, 0% used [0x000000077a080000,0x000000077a080000,0x000000077dc00000)
 ParOldGen       total 473088K, used 325430K [0x00000006c0000000, 0x00000006dce00000, 0x000000076ab00000)
  object space 473088K, 68% used [0x00000006c0000000,0x00000006d3dcd9f8,0x00000006dce00000)
 Metaspace       used 121752K, capacity 130704K, committed 130836K, reserved 1163264K
  class space    used 14743K, capacity 17168K, committed 17212K, reserved 1048576K
}
Event: 4970.814 GC heap before
{Heap before GC invocations=93 (full 4):
 PSYoungGen      total 304128K, used 278906K [0x000000076ab00000, 0x0000000781780000, 0x00000007c0000000)
  eden space 251392K, 99% used [0x000000076ab00000,0x0000000779fbe958,0x000000077a080000)
  from space 52736K, 53% used [0x000000077e400000,0x000000077ffa0268,0x0000000781780000)
  to   space 60928K, 0% used [0x000000077a080000,0x000000077a080000,0x000000077dc00000)
 ParOldGen       total 473088K, used 325430K [0x00000006c0000000, 0x00000006dce00000, 0x000000076ab00000)
  object space 473088K, 68% used [0x00000006c0000000,0x00000006d3dcd9f8,0x00000006dce00000)
 Metaspace       used 121774K, capacity 130768K, committed 130836K, reserved 1163264K
  class space    used 14744K, capacity 17168K, committed 17212K, reserved 1048576K
Event: 4970.836 GC heap after
Heap after GC invocations=93 (full 4):
 PSYoungGen      total 299520K, used 53372K [0x000000076ab00000, 0x0000000781c00000, 0x00000007c0000000)
  eden space 245760K, 0% used [0x000000076ab00000,0x000000076ab00000,0x0000000779b00000)
  from space 53760K, 99% used [0x000000077a080000,0x000000077d49f1c8,0x000000077d500000)
  to   space 66048K, 0% used [0x000000077db80000,0x000000077db80000,0x0000000781c00000)
 ParOldGen       total 473088K, used 327645K [0x00000006c0000000, 0x00000006dce00000, 0x000000076ab00000)
  object space 473088K, 69% used [0x00000006c0000000,0x00000006d3ff77a8,0x00000006dce00000)
 Metaspace       used 121774K, capacity 130768K, committed 130836K, reserved 1163264K
  class space    used 14744K, capacity 17168K, committed 17212K, reserved 1048576K
}
Event: 4973.189 GC heap before
{Heap before GC invocations=94 (full 4):
 PSYoungGen      total 299520K, used 299132K [0x000000076ab00000, 0x0000000781c00000, 0x00000007c0000000)
  eden space 245760K, 100% used [0x000000076ab00000,0x0000000779b00000,0x0000000779b00000)
  from space 53760K, 99% used [0x000000077a080000,0x000000077d49f1c8,0x000000077d500000)
  to   space 66048K, 0% used [0x000000077db80000,0x000000077db80000,0x0000000781c00000)
 ParOldGen       total 473088K, used 327645K [0x00000006c0000000, 0x00000006dce00000, 0x000000076ab00000)
  object space 473088K, 69% used [0x00000006c0000000,0x00000006d3ff77a8,0x00000006dce00000)
 Metaspace       used 121775K, capacity 130768K, committed 130836K, reserved 1163264K
  class space    used 14744K, capacity 17168K, committed 17212K, reserved 1048576K
Event: 4973.217 GC heap after
Heap after GC invocations=94 (full 4):
 PSYoungGen      total 297472K, used 36100K [0x000000076ab00000, 0x0000000781300000, 0x00000007c0000000)
  eden space 240640K, 0% used [0x000000076ab00000,0x000000076ab00000,0x0000000779600000)
  from space 56832K, 63% used [0x000000077db80000,0x000000077fec1028,0x0000000781300000)
  to   space 64000K, 0% used [0x0000000779600000,0x0000000779600000,0x000000077d480000)
 ParOldGen       total 473088K, used 327805K [0x00000006c0000000, 0x00000006dce00000, 0x000000076ab00000)
  object space 473088K, 69% used [0x00000006c0000000,0x00000006d401f7a8,0x00000006dce00000)
 Metaspace       used 121775K, capacity 130768K, committed 130836K, reserved 1163264K
  class space    used 14744K, capacity 17168K, committed 17212K, reserved 1048576K
}
Event: 4974.153 GC heap before
{Heap before GC invocations=95 (full 4):
 PSYoungGen      total 297472K, used 276378K [0x000000076ab00000, 0x0000000781300000, 0x00000007c0000000)
  eden space 240640K, 99% used [0x000000076ab00000,0x00000007795a5b50,0x0000000779600000)
  from space 56832K, 63% used [0x000000077db80000,0x000000077fec1028,0x0000000781300000)
  to   space 64000K, 0% used [0x0000000779600000,0x0000000779600000,0x000000077d480000)
 ParOldGen       total 473088K, used 327805K [0x00000006c0000000, 0x00000006dce00000, 0x000000076ab00000)
  object space 473088K, 69% used [0x00000006c0000000,0x00000006d401f7a8,0x00000006dce00000)
 Metaspace       used 121777K, capacity 130768K, committed 130836K, reserved 1163264K
  class space    used 14744K, capacity 17168K, committed 17212K, reserved 1048576K
Event: 4974.180 GC heap after
Heap after GC invocations=95 (full 4):
 PSYoungGen      total 285696K, used 49918K [0x000000076ab00000, 0x0000000781400000, 0x00000007c0000000)
  eden space 235520K, 0% used [0x000000076ab00000,0x000000076ab00000,0x0000000779100000)
  from space 50176K, 99% used [0x0000000779600000,0x000000077c6bf9d0,0x000000077c700000)
  to   space 67072K, 0% used [0x000000077d280000,0x000000077d280000,0x0000000781400000)
 ParOldGen       total 473088K, used 327821K [0x00000006c0000000, 0x00000006dce00000, 0x000000076ab00000)
  object space 473088K, 69% used [0x00000006c0000000,0x00000006d40237a8,0x00000006dce00000)
 Metaspace       used 121777K, capacity 130768K, committed 130836K, reserved 1163264K
  class space    used 14744K, capacity 17168K, committed 17212K, reserved 1048576K
}

