# JRE version: Java(TM) SE Runtime Environment (8.0_144-b01) (build 1.8.0_144-b01)
# Java VM: Java HotSpot(TM) 64-Bit Server VM (25.144-b01 mixed mode bsd-amd64 compressed oops)
Heap:
 PSYoungGen      total 150528K, used 70441K [0x000000076ab00000, 0x0000000775100000, 0x00000007c0000000)
  eden space 136704K, 43% used [0x000000076ab00000,0x000000076e527518,0x0000000773080000)
  from space 13824K, 78% used [0x0000000773080000,0x0000000773b23070,0x0000000773e00000)
  to   space 14336K, 0% used [0x0000000774300000,0x0000000774300000,0x0000000775100000)
 ParOldGen       total 657920K, used 178159K [0x00000006c0000000, 0x00000006e8280000, 0x000000076ab00000)
  object space 657920K, 27% used [0x00000006c0000000,0x00000006cadfbdf0,0x00000006e8280000)
 Metaspace       used 112520K, capacity 121264K, committed 121560K, reserved 1155072K
  class space    used 12956K, capacity 15312K, committed 15360K, reserved 1048576K
GC Heap History (10 events):
Event: 148165.422 GC heap before
{Heap before GC invocations=5142 (full 5):
 PSYoungGen      total 144384K, used 140076K [0x000000076ab00000, 0x0000000774480000, 0x00000007c0000000)
  eden space 132608K, 100% used [0x000000076ab00000,0x0000000772c80000,0x0000000772c80000)
  from space 11776K, 63% used [0x0000000773900000,0x000000077404b178,0x0000000774480000)
  to   space 12288K, 0% used [0x0000000772c80000,0x0000000772c80000,0x0000000773880000)
 ParOldGen       total 657920K, used 177833K [0x00000006c0000000, 0x00000006e8280000, 0x000000076ab00000)
  object space 657920K, 27% used [0x00000006c0000000,0x00000006cadaa7d0,0x00000006e8280000)
 Metaspace       used 112494K, capacity 121200K, committed 121560K, reserved 1155072K
  class space    used 12955K, capacity 15312K, committed 15360K, reserved 1048576K
Event: 148165.427 GC heap after
Heap after GC invocations=5142 (full 5):
 PSYoungGen      total 144896K, used 3362K [0x000000076ab00000, 0x0000000774600000, 0x00000007c0000000)
  eden space 132608K, 0% used [0x000000076ab00000,0x000000076ab00000,0x0000000772c80000)
  from space 12288K, 27% used [0x0000000772c80000,0x0000000772fc8a38,0x0000000773880000)
  to   space 12800K, 0% used [0x0000000773980000,0x0000000773980000,0x0000000774600000)
 ParOldGen       total 657920K, used 178051K [0x00000006c0000000, 0x00000006e8280000, 0x000000076ab00000)
  object space 657920K, 27% used [0x00000006c0000000,0x00000006cade0de0,0x00000006e8280000)
 Metaspace       used 112494K, capacity 121200K, committed 121560K, reserved 1155072K
  class space    used 12955K, capacity 15312K, committed 15360K, reserved 1048576K
}
Event: 148166.484 GC heap before
{Heap before GC invocations=5143 (full 5):
 PSYoungGen      total 144896K, used 135970K [0x000000076ab00000, 0x0000000774600000, 0x00000007c0000000)
  eden space 132608K, 100% used [0x000000076ab00000,0x0000000772c80000,0x0000000772c80000)
  from space 12288K, 27% used [0x0000000772c80000,0x0000000772fc8a38,0x0000000773880000)
  to   space 12800K, 0% used [0x0000000773980000,0x0000000773980000,0x0000000774600000)
 ParOldGen       total 657920K, used 178051K [0x00000006c0000000, 0x00000006e8280000, 0x000000076ab00000)
  object space 657920K, 27% used [0x00000006c0000000,0x00000006cade0de0,0x00000006e8280000)
 Metaspace       used 112494K, capacity 121200K, committed 121560K, reserved 1155072K
  class space    used 12955K, capacity 15312K, committed 15360K, reserved 1048576K
Event: 148166.492 GC heap after
Heap after GC invocations=5143 (full 5):
 PSYoungGen      total 145920K, used 9644K [0x000000076ab00000, 0x0000000774880000, 0x00000007c0000000)
  eden space 133120K, 0% used [0x000000076ab00000,0x000000076ab00000,0x0000000772d00000)
  from space 12800K, 75% used [0x0000000773980000,0x00000007742eb190,0x0000000774600000)
  to   space 12800K, 0% used [0x0000000772d00000,0x0000000772d00000,0x0000000773980000)
 ParOldGen       total 657920K, used 178075K [0x00000006c0000000, 0x00000006e8280000, 0x000000076ab00000)
  object space 657920K, 27% used [0x00000006c0000000,0x00000006cade6de0,0x00000006e8280000)
 Metaspace       used 112494K, capacity 121200K, committed 121560K, reserved 1155072K
  class space    used 12955K, capacity 15312K, committed 15360K, reserved 1048576K
}
Event: 148168.479 GC heap before
{Heap before GC invocations=5144 (full 5):
 PSYoungGen      total 145920K, used 142764K [0x000000076ab00000, 0x0000000774880000, 0x00000007c0000000)
  eden space 133120K, 100% used [0x000000076ab00000,0x0000000772d00000,0x0000000772d00000)
  from space 12800K, 75% used [0x0000000773980000,0x00000007742eb190,0x0000000774600000)
  to   space 12800K, 0% used [0x0000000772d00000,0x0000000772d00000,0x0000000773980000)
 ParOldGen       total 657920K, used 178075K [0x00000006c0000000, 0x00000006e8280000, 0x000000076ab00000)
  object space 657920K, 27% used [0x00000006c0000000,0x00000006cade6de0,0x00000006e8280000)
 Metaspace       used 112497K, capacity 121200K, committed 121560K, reserved 1155072K
  class space    used 12955K, capacity 15312K, committed 15360K, reserved 1048576K
Event: 148168.489 GC heap after
Heap after GC invocations=5144 (full 5):
 PSYoungGen      total 145920K, used 9722K [0x000000076ab00000, 0x0000000774b00000, 0x00000007c0000000)
  eden space 133120K, 0% used [0x000000076ab00000,0x000000076ab00000,0x0000000772d00000)
  from space 12800K, 75% used [0x0000000772d00000,0x000000077367e858,0x0000000773980000)
  to   space 13312K, 0% used [0x0000000773e00000,0x0000000773e00000,0x0000000774b00000)
 ParOldGen       total 657920K, used 178095K [0x00000006c0000000, 0x00000006e8280000, 0x000000076ab00000)
  object space 657920K, 27% used [0x00000006c0000000,0x00000006cadebdf0,0x00000006e8280000)
 Metaspace       used 112497K, capacity 121200K, committed 121560K, reserved 1155072K
  class space    used 12955K, capacity 15312K, committed 15360K, reserved 1048576K
}
Event: 148177.345 GC heap before
{Heap before GC invocations=5145 (full 5):
 PSYoungGen      total 145920K, used 142842K [0x000000076ab00000, 0x0000000774b00000, 0x00000007c0000000)
  eden space 133120K, 100% used [0x000000076ab00000,0x0000000772d00000,0x0000000772d00000)
  from space 12800K, 75% used [0x0000000772d00000,0x000000077367e858,0x0000000773980000)
  to   space 13312K, 0% used [0x0000000773e00000,0x0000000773e00000,0x0000000774b00000)
 ParOldGen       total 657920K, used 178095K [0x00000006c0000000, 0x00000006e8280000, 0x000000076ab00000)
  object space 657920K, 27% used [0x00000006c0000000,0x00000006cadebdf0,0x00000006e8280000)
 Metaspace       used 112508K, capacity 121200K, committed 121560K, reserved 1155072K
  class space    used 12955K, capacity 15312K, committed 15360K, reserved 1048576K
Event: 148177.355 GC heap after
Heap after GC invocations=5145 (full 5):
 PSYoungGen      total 150016K, used 10939K [0x000000076ab00000, 0x0000000774b80000, 0x00000007c0000000)
  eden space 136704K, 0% used [0x000000076ab00000,0x000000076ab00000,0x0000000773080000)
  from space 13312K, 82% used [0x0000000773e00000,0x00000007748aec58,0x0000000774b00000)
  to   space 13824K, 0% used [0x0000000773080000,0x0000000773080000,0x0000000773e00000)
 ParOldGen       total 657920K, used 178127K [0x00000006c0000000, 0x00000006e8280000, 0x000000076ab00000)
  object space 657920K, 27% used [0x00000006c0000000,0x00000006cadf3df0,0x00000006e8280000)
 Metaspace       used 112508K, capacity 121200K, committed 121560K, reserved 1155072K
  class space    used 12955K, capacity 15312K, committed 15360K, reserved 1048576K
}
Event: 148179.054 GC heap before
{Heap before GC invocations=5146 (full 5):
 PSYoungGen      total 150016K, used 147510K [0x000000076ab00000, 0x0000000774b80000, 0x00000007c0000000)
  eden space 136704K, 99% used [0x000000076ab00000,0x000000077305ed90,0x0000000773080000)
  from space 13312K, 82% used [0x0000000773e00000,0x00000007748aec58,0x0000000774b00000)
  to   space 13824K, 0% used [0x0000000773080000,0x0000000773080000,0x0000000773e00000)
 ParOldGen       total 657920K, used 178127K [0x00000006c0000000, 0x00000006e8280000, 0x000000076ab00000)
  object space 657920K, 27% used [0x00000006c0000000,0x00000006cadf3df0,0x00000006e8280000)
 Metaspace       used 112508K, capacity 121200K, committed 121560K, reserved 1155072K
  class space    used 12955K, capacity 15312K, committed 15360K, reserved 1048576K
Event: 148179.063 GC heap after
Heap after GC invocations=5146 (full 5):
 PSYoungGen      total 150528K, used 10892K [0x000000076ab00000, 0x0000000775100000, 0x00000007c0000000)
  eden space 136704K, 0% used [0x000000076ab00000,0x000000076ab00000,0x0000000773080000)
  from space 13824K, 78% used [0x0000000773080000,0x0000000773b23070,0x0000000773e00000)
  to   space 14336K, 0% used [0x0000000774300000,0x0000000774300000,0x0000000775100000)
 ParOldGen       total 657920K, used 178159K [0x00000006c0000000, 0x00000006e8280000, 0x000000076ab00000)
  object space 657920K, 27% used [0x00000006c0000000,0x00000006cadfbdf0,0x00000006e8280000)
 Metaspace       used 112508K, capacity 121200K, committed 121560K, reserved 1155072K
  class space    used 12955K, capacity 15312K, committed 15360K, reserved 1048576K
}

