# JRE version: Java(TM) SE Runtime Environment (8.0_144-b01) (build 1.8.0_144-b01)
# Java VM: Java HotSpot(TM) 64-Bit Server VM (25.144-b01 mixed mode bsd-amd64 compressed oops)
Heap:
 PSYoungGen      total 440832K, used 25768K [0x000000076ab00000, 0x000000078d480000, 0x00000007c0000000)
  eden space 376320K, 5% used [0x000000076ab00000,0x000000076bec9f28,0x0000000781a80000)
  from space 64512K, 8% used [0x0000000781a80000,0x0000000781fe0278,0x0000000785980000)
  to   space 65536K, 0% used [0x0000000789480000,0x0000000789480000,0x000000078d480000)
 ParOldGen       total 434688K, used 109679K [0x00000006c0000000, 0x00000006da880000, 0x000000076ab00000)
  object space 434688K, 25% used [0x00000006c0000000,0x00000006c6b1bc68,0x00000006da880000)
 Metaspace       used 91675K, capacity 99898K, committed 100008K, reserved 1136640K
  class space    used 11317K, capacity 13438K, committed 13488K, reserved 1048576K
GC Heap History (10 events):
Event: 19.353 GC heap before
{Heap before GC invocations=11 (full 3):
 PSYoungGen      total 279552K, used 279551K [0x000000076ab00000, 0x0000000784980000, 0x00000007c0000000)
  eden space 250880K, 100% used [0x000000076ab00000,0x000000077a000000,0x000000077a000000)
  from space 28672K, 99% used [0x000000077a000000,0x000000077bbfffd8,0x000000077bc00000)
  to   space 37888K, 0% used [0x0000000782480000,0x0000000782480000,0x0000000784980000)
 ParOldGen       total 278016K, used 59968K [0x00000006c0000000, 0x00000006d0f80000, 0x000000076ab00000)
  object space 278016K, 21% used [0x00000006c0000000,0x00000006c3a90308,0x00000006d0f80000)
 Metaspace       used 85671K, capacity 93236K, committed 93480K, reserved 1130496K
  class space    used 10650K, capacity 12786K, committed 12848K, reserved 1048576K
Event: 19.377 GC heap after
Heap after GC invocations=11 (full 3):
 PSYoungGen      total 371200K, used 37882K [0x000000076ab00000, 0x0000000784980000, 0x00000007c0000000)
  eden space 333312K, 0% used [0x000000076ab00000,0x000000076ab00000,0x000000077f080000)
  from space 37888K, 99% used [0x0000000782480000,0x000000078497e918,0x0000000784980000)
  to   space 43008K, 0% used [0x000000077f580000,0x000000077f580000,0x0000000781f80000)
 ParOldGen       total 278016K, used 60062K [0x00000006c0000000, 0x00000006d0f80000, 0x000000076ab00000)
  object space 278016K, 21% used [0x00000006c0000000,0x00000006c3aa7a20,0x00000006d0f80000)
 Metaspace       used 85671K, capacity 93236K, committed 93480K, reserved 1130496K
  class space    used 10650K, capacity 12786K, committed 12848K, reserved 1048576K
}
Event: 21.893 GC heap before
{Heap before GC invocations=12 (full 3):
 PSYoungGen      total 371200K, used 371194K [0x000000076ab00000, 0x0000000784980000, 0x00000007c0000000)
  eden space 333312K, 100% used [0x000000076ab00000,0x000000077f080000,0x000000077f080000)
  from space 37888K, 99% used [0x0000000782480000,0x000000078497e918,0x0000000784980000)
  to   space 43008K, 0% used [0x000000077f580000,0x000000077f580000,0x0000000781f80000)
 ParOldGen       total 278016K, used 60062K [0x00000006c0000000, 0x00000006d0f80000, 0x000000076ab00000)
  object space 278016K, 21% used [0x00000006c0000000,0x00000006c3aa7a20,0x00000006d0f80000)
 Metaspace       used 88265K, capacity 95880K, committed 96040K, reserved 1132544K
  class space    used 10938K, capacity 13042K, committed 13104K, reserved 1048576K
Event: 21.924 GC heap after
Heap after GC invocations=12 (full 3):
 PSYoungGen      total 381440K, used 38446K [0x000000076ab00000, 0x0000000788780000, 0x00000007c0000000)
  eden space 338432K, 0% used [0x000000076ab00000,0x000000076ab00000,0x000000077f580000)
  from space 43008K, 89% used [0x000000077f580000,0x0000000781b0b8f8,0x0000000781f80000)
  to   space 47104K, 0% used [0x0000000785980000,0x0000000785980000,0x0000000788780000)
 ParOldGen       total 278016K, used 60070K [0x00000006c0000000, 0x00000006d0f80000, 0x000000076ab00000)
  object space 278016K, 21% used [0x00000006c0000000,0x00000006c3aa9a20,0x00000006d0f80000)
 Metaspace       used 88265K, capacity 95880K, committed 96040K, reserved 1132544K
  class space    used 10938K, capacity 13042K, committed 13104K, reserved 1048576K
}
Event: 28.224 GC heap before
{Heap before GC invocations=13 (full 3):
 PSYoungGen      total 381440K, used 366366K [0x000000076ab00000, 0x0000000788780000, 0x00000007c0000000)
  eden space 338432K, 96% used [0x000000076ab00000,0x000000077eb3bfe0,0x000000077f580000)
  from space 43008K, 89% used [0x000000077f580000,0x0000000781b0b8f8,0x0000000781f80000)
  to   space 47104K, 0% used [0x0000000785980000,0x0000000785980000,0x0000000788780000)
 ParOldGen       total 278016K, used 60070K [0x00000006c0000000, 0x00000006d0f80000, 0x000000076ab00000)
  object space 278016K, 21% used [0x00000006c0000000,0x00000006c3aa9a20,0x00000006d0f80000)
 Metaspace       used 90748K, capacity 98550K, committed 98600K, reserved 1134592K
  class space    used 11217K, capacity 13359K, committed 13360K, reserved 1048576K
Event: 28.293 GC heap after
Heap after GC invocations=13 (full 3):
 PSYoungGen      total 423424K, used 47090K [0x000000076ab00000, 0x000000078aa00000, 0x00000007c0000000)
  eden space 376320K, 0% used [0x000000076ab00000,0x000000076ab00000,0x0000000781a80000)
  from space 47104K, 99% used [0x0000000785980000,0x000000078877c8c0,0x0000000788780000)
  to   space 64512K, 0% used [0x0000000781a80000,0x0000000781a80000,0x0000000785980000)
 ParOldGen       total 278016K, used 91791K [0x00000006c0000000, 0x00000006d0f80000, 0x000000076ab00000)
  object space 278016K, 33% used [0x00000006c0000000,0x00000006c59a3db0,0x00000006d0f80000)
 Metaspace       used 90748K, capacity 98550K, committed 98600K, reserved 1134592K
  class space    used 11217K, capacity 13359K, committed 13360K, reserved 1048576K
}
Event: 28.293 GC heap before
{Heap before GC invocations=14 (full 4):
 PSYoungGen      total 423424K, used 47090K [0x000000076ab00000, 0x000000078aa00000, 0x00000007c0000000)
  eden space 376320K, 0% used [0x000000076ab00000,0x000000076ab00000,0x0000000781a80000)
  from space 47104K, 99% used [0x0000000785980000,0x000000078877c8c0,0x0000000788780000)
  to   space 64512K, 0% used [0x0000000781a80000,0x0000000781a80000,0x0000000785980000)
 ParOldGen       total 278016K, used 91791K [0x00000006c0000000, 0x00000006d0f80000, 0x000000076ab00000)
  object space 278016K, 33% used [0x00000006c0000000,0x00000006c59a3db0,0x00000006d0f80000)
 Metaspace       used 90748K, capacity 98550K, committed 98600K, reserved 1134592K
  class space    used 11217K, capacity 13359K, committed 13360K, reserved 1048576K
Event: 28.545 GC heap after
Heap after GC invocations=14 (full 4):
 PSYoungGen      total 423424K, used 0K [0x000000076ab00000, 0x000000078aa00000, 0x00000007c0000000)
  eden space 376320K, 0% used [0x000000076ab00000,0x000000076ab00000,0x0000000781a80000)
  from space 47104K, 0% used [0x0000000785980000,0x0000000785980000,0x0000000788780000)
  to   space 64512K, 0% used [0x0000000781a80000,0x0000000781a80000,0x0000000785980000)
 ParOldGen       total 434688K, used 109679K [0x00000006c0000000, 0x00000006da880000, 0x000000076ab00000)
  object space 434688K, 25% used [0x00000006c0000000,0x00000006c6b1bc68,0x00000006da880000)
 Metaspace       used 90737K, capacity 98526K, committed 98600K, reserved 1134592K
  class space    used 11212K, capacity 13351K, committed 13360K, reserved 1048576K
}
Event: 36.023 GC heap before
{Heap before GC invocations=15 (full 4):
 PSYoungGen      total 423424K, used 376320K [0x000000076ab00000, 0x000000078aa00000, 0x00000007c0000000)
  eden space 376320K, 100% used [0x000000076ab00000,0x0000000781a80000,0x0000000781a80000)
  from space 47104K, 0% used [0x0000000785980000,0x0000000785980000,0x0000000788780000)
  to   space 64512K, 0% used [0x0000000781a80000,0x0000000781a80000,0x0000000785980000)
 ParOldGen       total 434688K, used 109679K [0x00000006c0000000, 0x00000006da880000, 0x000000076ab00000)
  object space 434688K, 25% used [0x00000006c0000000,0x00000006c6b1bc68,0x00000006da880000)
 Metaspace       used 91595K, capacity 99706K, committed 100008K, reserved 1136640K
  class space    used 11313K, capacity 13438K, committed 13488K, reserved 1048576K
Event: 36.031 GC heap after
Heap after GC invocations=15 (full 4):
 PSYoungGen      total 440832K, used 5504K [0x000000076ab00000, 0x000000078d480000, 0x00000007c0000000)
  eden space 376320K, 0% used [0x000000076ab00000,0x000000076ab00000,0x0000000781a80000)
  from space 64512K, 8% used [0x0000000781a80000,0x0000000781fe0278,0x0000000785980000)
  to   space 65536K, 0% used [0x0000000789480000,0x0000000789480000,0x000000078d480000)
 ParOldGen       total 434688K, used 109679K [0x00000006c0000000, 0x00000006da880000, 0x000000076ab00000)
  object space 434688K, 25% used [0x00000006c0000000,0x00000006c6b1bc68,0x00000006da880000)
 Metaspace       used 91595K, capacity 99706K, committed 100008K, reserved 1136640K
  class space    used 11313K, capacity 13438K, committed 13488K, reserved 1048576K
}

