# JRE version: Java(TM) SE Runtime Environment (8.0_144-b01) (build 1.8.0_144-b01)
# Java VM: Java HotSpot(TM) 64-Bit Server VM (25.144-b01 mixed mode bsd-amd64 compressed oops)
Heap:
 PSYoungGen      total 80896K, used 73665K [0x000000076ab00000, 0x0000000770380000, 0x00000007c0000000)
  eden space 72192K, 97% used [0x000000076ab00000,0x000000076ef9c7c0,0x000000076f180000)
  from space 8704K, 39% used [0x000000076fb00000,0x000000076fe53e40,0x0000000770380000)
  to   space 9216K, 0% used [0x000000076f180000,0x000000076f180000,0x000000076fa80000)
 ParOldGen       total 488960K, used 276572K [0x00000006c0000000, 0x00000006ddd80000, 0x000000076ab00000)
  object space 488960K, 56% used [0x00000006c0000000,0x00000006d0e17388,0x00000006ddd80000)
 Metaspace       used 115610K, capacity 124314K, committed 124760K, reserved 1157120K
  class space    used 13738K, capacity 16123K, committed 16256K, reserved 1048576K
GC Heap History (10 events):
Event: 198121.895 GC heap before
{Heap before GC invocations=3899 (full 5):
 PSYoungGen      total 58368K, used 52576K [0x000000076ab00000, 0x000000076f700000, 0x00000007c0000000)
  eden space 46592K, 100% used [0x000000076ab00000,0x000000076d880000,0x000000076d880000)
  from space 11776K, 50% used [0x000000076d880000,0x000000076de58000,0x000000076e400000)
  to   space 11776K, 0% used [0x000000076eb80000,0x000000076eb80000,0x000000076f700000)
 ParOldGen       total 488960K, used 272680K [0x00000006c0000000, 0x00000006ddd80000, 0x000000076ab00000)
  object space 488960K, 55% used [0x00000006c0000000,0x00000006d0a4a2a8,0x00000006ddd80000)
 Metaspace       used 115573K, capacity 124250K, committed 124504K, reserved 1157120K
  class space    used 13738K, capacity 16123K, committed 16256K, reserved 1048576K
Event: 198121.906 GC heap after
Heap after GC invocations=3899 (full 5):
 PSYoungGen      total 65024K, used 4489K [0x000000076ab00000, 0x000000076f580000, 0x00000007c0000000)
  eden space 54784K, 0% used [0x000000076ab00000,0x000000076ab00000,0x000000076e080000)
  from space 10240K, 43% used [0x000000076eb80000,0x000000076efe25f8,0x000000076f580000)
  to   space 10752K, 0% used [0x000000076e080000,0x000000076e080000,0x000000076eb00000)
 ParOldGen       total 488960K, used 274421K [0x00000006c0000000, 0x00000006ddd80000, 0x000000076ab00000)
  object space 488960K, 56% used [0x00000006c0000000,0x00000006d0bfd770,0x00000006ddd80000)
 Metaspace       used 115573K, capacity 124250K, committed 124504K, reserved 1157120K
  class space    used 13738K, capacity 16123K, committed 16256K, reserved 1048576K
}
Event: 198122.157 GC heap before
{Heap before GC invocations=3900 (full 5):
 PSYoungGen      total 65024K, used 59273K [0x000000076ab00000, 0x000000076f580000, 0x00000007c0000000)
  eden space 54784K, 100% used [0x000000076ab00000,0x000000076e080000,0x000000076e080000)
  from space 10240K, 43% used [0x000000076eb80000,0x000000076efe25f8,0x000000076f580000)
  to   space 10752K, 0% used [0x000000076e080000,0x000000076e080000,0x000000076eb00000)
 ParOldGen       total 488960K, used 274421K [0x00000006c0000000, 0x00000006ddd80000, 0x000000076ab00000)
  object space 488960K, 56% used [0x00000006c0000000,0x00000006d0bfd770,0x00000006ddd80000)
 Metaspace       used 115574K, capacity 124250K, committed 124504K, reserved 1157120K
  class space    used 13738K, capacity 16123K, committed 16256K, reserved 1048576K
Event: 198122.162 GC heap after
Heap after GC invocations=3900 (full 5):
 PSYoungGen      total 65536K, used 4233K [0x000000076ab00000, 0x000000076fd80000, 0x00000007c0000000)
  eden space 54784K, 0% used [0x000000076ab00000,0x000000076ab00000,0x000000076e080000)
  from space 10752K, 39% used [0x000000076e080000,0x000000076e4a25f8,0x000000076eb00000)
  to   space 10240K, 0% used [0x000000076f380000,0x000000076f380000,0x000000076fd80000)
 ParOldGen       total 488960K, used 274573K [0x00000006c0000000, 0x00000006ddd80000, 0x000000076ab00000)
  object space 488960K, 56% used [0x00000006c0000000,0x00000006d0c23780,0x00000006ddd80000)
 Metaspace       used 115574K, capacity 124250K, committed 124504K, reserved 1157120K
  class space    used 13738K, capacity 16123K, committed 16256K, reserved 1048576K
}
Event: 198126.448 GC heap before
{Heap before GC invocations=3901 (full 5):
 PSYoungGen      total 65536K, used 59017K [0x000000076ab00000, 0x000000076fd80000, 0x00000007c0000000)
  eden space 54784K, 100% used [0x000000076ab00000,0x000000076e080000,0x000000076e080000)
  from space 10752K, 39% used [0x000000076e080000,0x000000076e4a25f8,0x000000076eb00000)
  to   space 10240K, 0% used [0x000000076f380000,0x000000076f380000,0x000000076fd80000)
 ParOldGen       total 488960K, used 274573K [0x00000006c0000000, 0x00000006ddd80000, 0x000000076ab00000)
  object space 488960K, 56% used [0x00000006c0000000,0x00000006d0c23780,0x00000006ddd80000)
 Metaspace       used 115579K, capacity 124250K, committed 124504K, reserved 1157120K
  class space    used 13738K, capacity 16123K, committed 16256K, reserved 1048576K
Event: 198126.454 GC heap after
Heap after GC invocations=3901 (full 5):
 PSYoungGen      total 72192K, used 3545K [0x000000076ab00000, 0x000000076fc00000, 0x00000007c0000000)
  eden space 63488K, 0% used [0x000000076ab00000,0x000000076ab00000,0x000000076e900000)
  from space 8704K, 40% used [0x000000076f380000,0x000000076f6f65e8,0x000000076fc00000)
  to   space 9728K, 0% used [0x000000076e900000,0x000000076e900000,0x000000076f280000)
 ParOldGen       total 488960K, used 275077K [0x00000006c0000000, 0x00000006ddd80000, 0x000000076ab00000)
  object space 488960K, 56% used [0x00000006c0000000,0x00000006d0ca1780,0x00000006ddd80000)
 Metaspace       used 115579K, capacity 124250K, committed 124504K, reserved 1157120K
  class space    used 13738K, capacity 16123K, committed 16256K, reserved 1048576K
}
Event: 198127.251 GC heap before
{Heap before GC invocations=3902 (full 5):
 PSYoungGen      total 72192K, used 67033K [0x000000076ab00000, 0x000000076fc00000, 0x00000007c0000000)
  eden space 63488K, 100% used [0x000000076ab00000,0x000000076e900000,0x000000076e900000)
  from space 8704K, 40% used [0x000000076f380000,0x000000076f6f65e8,0x000000076fc00000)
  to   space 9728K, 0% used [0x000000076e900000,0x000000076e900000,0x000000076f280000)
 ParOldGen       total 488960K, used 275077K [0x00000006c0000000, 0x00000006ddd80000, 0x000000076ab00000)
  object space 488960K, 56% used [0x00000006c0000000,0x00000006d0ca1780,0x00000006ddd80000)
 Metaspace       used 115600K, capacity 124314K, committed 124760K, reserved 1157120K
  class space    used 13738K, capacity 16123K, committed 16256K, reserved 1048576K
Event: 198127.259 GC heap after
Heap after GC invocations=3902 (full 5):
 PSYoungGen      total 73216K, used 4188K [0x000000076ab00000, 0x0000000770400000, 0x00000007c0000000)
  eden space 63488K, 0% used [0x000000076ab00000,0x000000076ab00000,0x000000076e900000)
  from space 9728K, 43% used [0x000000076e900000,0x000000076ed17020,0x000000076f280000)
  to   space 9216K, 0% used [0x000000076fb00000,0x000000076fb00000,0x0000000770400000)
 ParOldGen       total 488960K, used 276463K [0x00000006c0000000, 0x00000006ddd80000, 0x000000076ab00000)
  object space 488960K, 56% used [0x00000006c0000000,0x00000006d0dfbd78,0x00000006ddd80000)
 Metaspace       used 115600K, capacity 124314K, committed 124760K, reserved 1157120K
  class space    used 13738K, capacity 16123K, committed 16256K, reserved 1048576K
}
Event: 198137.591 GC heap before
{Heap before GC invocations=3903 (full 5):
 PSYoungGen      total 73216K, used 67676K [0x000000076ab00000, 0x0000000770400000, 0x00000007c0000000)
  eden space 63488K, 100% used [0x000000076ab00000,0x000000076e900000,0x000000076e900000)
  from space 9728K, 43% used [0x000000076e900000,0x000000076ed17020,0x000000076f280000)
  to   space 9216K, 0% used [0x000000076fb00000,0x000000076fb00000,0x0000000770400000)
 ParOldGen       total 488960K, used 276463K [0x00000006c0000000, 0x00000006ddd80000, 0x000000076ab00000)
  object space 488960K, 56% used [0x00000006c0000000,0x00000006d0dfbd78,0x00000006ddd80000)
 Metaspace       used 115610K, capacity 124314K, committed 124760K, reserved 1157120K
  class space    used 13738K, capacity 16123K, committed 16256K, reserved 1048576K
Event: 198137.597 GC heap after
Heap after GC invocations=3903 (full 5):
 PSYoungGen      total 80896K, used 3407K [0x000000076ab00000, 0x0000000770380000, 0x00000007c0000000)
  eden space 72192K, 0% used [0x000000076ab00000,0x000000076ab00000,0x000000076f180000)
  from space 8704K, 39% used [0x000000076fb00000,0x000000076fe53e40,0x0000000770380000)
  to   space 9216K, 0% used [0x000000076f180000,0x000000076f180000,0x000000076fa80000)
 ParOldGen       total 488960K, used 276572K [0x00000006c0000000, 0x00000006ddd80000, 0x000000076ab00000)
  object space 488960K, 56% used [0x00000006c0000000,0x00000006d0e17388,0x00000006ddd80000)
 Metaspace       used 115610K, capacity 124314K, committed 124760K, reserved 1157120K
  class space    used 13738K, capacity 16123K, committed 16256K, reserved 1048576K
}

