# JRE version: Java(TM) SE Runtime Environment (8.0_144-b01) (build 1.8.0_144-b01)
# Java VM: Java HotSpot(TM) 64-Bit Server VM (25.144-b01 mixed mode bsd-amd64 compressed oops)
Heap:
 PSYoungGen      total 419328K, used 267147K [0x000000076ab00000, 0x0000000787200000, 0x00000007c0000000)
  eden space 375296K, 68% used [0x000000076ab00000,0x000000077a4df880,0x0000000781980000)
  from space 44032K, 25% used [0x0000000781980000,0x0000000782483758,0x0000000784480000)
  to   space 41984K, 0% used [0x0000000784900000,0x0000000784900000,0x0000000787200000)
 ParOldGen       total 334336K, used 108646K [0x00000006c0000000, 0x00000006d4680000, 0x000000076ab00000)
  object space 334336K, 32% used [0x00000006c0000000,0x00000006c6a199c8,0x00000006d4680000)
 Metaspace       used 98375K, capacity 106862K, committed 107224K, reserved 1142784K
  class space    used 12064K, capacity 14308K, committed 14336K, reserved 1048576K
GC Heap History (10 events):
Event: 364.338 GC heap before
{Heap before GC invocations=25 (full 4):
 PSYoungGen      total 391680K, used 356327K [0x000000076ab00000, 0x0000000786100000, 0x00000007c0000000)
  eden space 348160K, 100% used [0x000000076ab00000,0x000000077ff00000,0x000000077ff00000)
  from space 43520K, 18% used [0x0000000783680000,0x0000000783e79fe0,0x0000000786100000)
  to   space 50176K, 0% used [0x000000077ff00000,0x000000077ff00000,0x0000000783000000)
 ParOldGen       total 334336K, used 108614K [0x00000006c0000000, 0x00000006d4680000, 0x000000076ab00000)
  object space 334336K, 32% used [0x00000006c0000000,0x00000006c6a119c8,0x00000006d4680000)
 Metaspace       used 94288K, capacity 102624K, committed 102872K, reserved 1138688K
  class space    used 11634K, capacity 13821K, committed 13824K, reserved 1048576K
Event: 364.354 GC heap after
Heap after GC invocations=25 (full 4):
 PSYoungGen      total 398336K, used 9664K [0x000000076ab00000, 0x0000000787380000, 0x00000007c0000000)
  eden space 348160K, 0% used [0x000000076ab00000,0x000000076ab00000,0x000000077ff00000)
  from space 50176K, 19% used [0x000000077ff00000,0x0000000780870110,0x0000000783000000)
  to   space 49152K, 0% used [0x0000000784380000,0x0000000784380000,0x0000000787380000)
 ParOldGen       total 334336K, used 108622K [0x00000006c0000000, 0x00000006d4680000, 0x000000076ab00000)
  object space 334336K, 32% used [0x00000006c0000000,0x00000006c6a139c8,0x00000006d4680000)
 Metaspace       used 94288K, capacity 102624K, committed 102872K, reserved 1138688K
  class space    used 11634K, capacity 13821K, committed 13824K, reserved 1048576K
}
Event: 449.266 GC heap before
{Heap before GC invocations=26 (full 4):
 PSYoungGen      total 398336K, used 357824K [0x000000076ab00000, 0x0000000787380000, 0x00000007c0000000)
  eden space 348160K, 100% used [0x000000076ab00000,0x000000077ff00000,0x000000077ff00000)
  from space 50176K, 19% used [0x000000077ff00000,0x0000000780870110,0x0000000783000000)
  to   space 49152K, 0% used [0x0000000784380000,0x0000000784380000,0x0000000787380000)
 ParOldGen       total 334336K, used 108622K [0x00000006c0000000, 0x00000006d4680000, 0x000000076ab00000)
  object space 334336K, 32% used [0x00000006c0000000,0x00000006c6a139c8,0x00000006d4680000)
 Metaspace       used 97976K, capacity 106260K, committed 106456K, reserved 1140736K
  class space    used 12043K, capacity 14241K, committed 14336K, reserved 1048576K
Event: 449.280 GC heap after
Heap after GC invocations=26 (full 4):
 PSYoungGen      total 406016K, used 10440K [0x000000076ab00000, 0x0000000786c00000, 0x00000007c0000000)
  eden space 364544K, 0% used [0x000000076ab00000,0x000000076ab00000,0x0000000780f00000)
  from space 41472K, 25% used [0x0000000784380000,0x0000000784db21e0,0x0000000786c00000)
  to   space 47616K, 0% used [0x0000000780f00000,0x0000000780f00000,0x0000000783d80000)
 ParOldGen       total 334336K, used 108630K [0x00000006c0000000, 0x00000006d4680000, 0x000000076ab00000)
  object space 334336K, 32% used [0x00000006c0000000,0x00000006c6a159c8,0x00000006d4680000)
 Metaspace       used 97976K, capacity 106260K, committed 106456K, reserved 1140736K
  class space    used 12043K, capacity 14241K, committed 14336K, reserved 1048576K
}
Event: 543.450 GC heap before
{Heap before GC invocations=27 (full 4):
 PSYoungGen      total 406016K, used 374984K [0x000000076ab00000, 0x0000000786c00000, 0x00000007c0000000)
  eden space 364544K, 100% used [0x000000076ab00000,0x0000000780f00000,0x0000000780f00000)
  from space 41472K, 25% used [0x0000000784380000,0x0000000784db21e0,0x0000000786c00000)
  to   space 47616K, 0% used [0x0000000780f00000,0x0000000780f00000,0x0000000783d80000)
 ParOldGen       total 334336K, used 108630K [0x00000006c0000000, 0x00000006d4680000, 0x000000076ab00000)
  object space 334336K, 32% used [0x00000006c0000000,0x00000006c6a159c8,0x00000006d4680000)
 Metaspace       used 98063K, capacity 106330K, committed 106712K, reserved 1142784K
  class space    used 12046K, capacity 14242K, committed 14336K, reserved 1048576K
Event: 543.469 GC heap after
Heap after GC invocations=27 (full 4):
 PSYoungGen      total 412160K, used 12008K [0x000000076ab00000, 0x0000000787580000, 0x00000007c0000000)
  eden space 364544K, 0% used [0x000000076ab00000,0x000000076ab00000,0x0000000780f00000)
  from space 47616K, 25% used [0x0000000780f00000,0x0000000781aba240,0x0000000783d80000)
  to   space 45568K, 0% used [0x0000000784900000,0x0000000784900000,0x0000000787580000)
 ParOldGen       total 334336K, used 108638K [0x00000006c0000000, 0x00000006d4680000, 0x000000076ab00000)
  object space 334336K, 32% used [0x00000006c0000000,0x00000006c6a179c8,0x00000006d4680000)
 Metaspace       used 98063K, capacity 106330K, committed 106712K, reserved 1142784K
  class space    used 12046K, capacity 14242K, committed 14336K, reserved 1048576K
}
Event: 649.485 GC heap before
{Heap before GC invocations=28 (full 4):
 PSYoungGen      total 412160K, used 376552K [0x000000076ab00000, 0x0000000787580000, 0x00000007c0000000)
  eden space 364544K, 100% used [0x000000076ab00000,0x0000000780f00000,0x0000000780f00000)
  from space 47616K, 25% used [0x0000000780f00000,0x0000000781aba240,0x0000000783d80000)
  to   space 45568K, 0% used [0x0000000784900000,0x0000000784900000,0x0000000787580000)
 ParOldGen       total 334336K, used 108638K [0x00000006c0000000, 0x00000006d4680000, 0x000000076ab00000)
  object space 334336K, 32% used [0x00000006c0000000,0x00000006c6a179c8,0x00000006d4680000)
 Metaspace       used 98202K, capacity 106534K, committed 106712K, reserved 1142784K
  class space    used 12063K, capacity 14308K, committed 14336K, reserved 1048576K
Event: 649.495 GC heap after
Heap after GC invocations=28 (full 4):
 PSYoungGen      total 414720K, used 9668K [0x000000076ab00000, 0x0000000786f80000, 0x00000007c0000000)
  eden space 375296K, 0% used [0x000000076ab00000,0x000000076ab00000,0x0000000781980000)
  from space 39424K, 24% used [0x0000000784900000,0x00000007852713f0,0x0000000786f80000)
  to   space 44032K, 0% used [0x0000000781980000,0x0000000781980000,0x0000000784480000)
 ParOldGen       total 334336K, used 108638K [0x00000006c0000000, 0x00000006d4680000, 0x000000076ab00000)
  object space 334336K, 32% used [0x00000006c0000000,0x00000006c6a179c8,0x00000006d4680000)
 Metaspace       used 98202K, capacity 106534K, committed 106712K, reserved 1142784K
  class space    used 12063K, capacity 14308K, committed 14336K, reserved 1048576K
}
Event: 743.900 GC heap before
{Heap before GC invocations=29 (full 4):
 PSYoungGen      total 414720K, used 384964K [0x000000076ab00000, 0x0000000786f80000, 0x00000007c0000000)
  eden space 375296K, 100% used [0x000000076ab00000,0x0000000781980000,0x0000000781980000)
  from space 39424K, 24% used [0x0000000784900000,0x00000007852713f0,0x0000000786f80000)
  to   space 44032K, 0% used [0x0000000781980000,0x0000000781980000,0x0000000784480000)
 ParOldGen       total 334336K, used 108638K [0x00000006c0000000, 0x00000006d4680000, 0x000000076ab00000)
  object space 334336K, 32% used [0x00000006c0000000,0x00000006c6a179c8,0x00000006d4680000)
 Metaspace       used 98265K, capacity 106670K, committed 106968K, reserved 1142784K
  class space    used 12063K, capacity 14308K, committed 14336K, reserved 1048576K
Event: 743.909 GC heap after
Heap after GC invocations=29 (full 4):
 PSYoungGen      total 419328K, used 11277K [0x000000076ab00000, 0x0000000787200000, 0x00000007c0000000)
  eden space 375296K, 0% used [0x000000076ab00000,0x000000076ab00000,0x0000000781980000)
  from space 44032K, 25% used [0x0000000781980000,0x0000000782483758,0x0000000784480000)
  to   space 41984K, 0% used [0x0000000784900000,0x0000000784900000,0x0000000787200000)
 ParOldGen       total 334336K, used 108646K [0x00000006c0000000, 0x00000006d4680000, 0x000000076ab00000)
  object space 334336K, 32% used [0x00000006c0000000,0x00000006c6a199c8,0x00000006d4680000)
 Metaspace       used 98265K, capacity 106670K, committed 106968K, reserved 1142784K
  class space    used 12063K, capacity 14308K, committed 14336K, reserved 1048576K
}

