# JRE version: Java(TM) SE Runtime Environment (8.0_144-b01) (build 1.8.0_144-b01)
# Java VM: Java HotSpot(TM) 64-Bit Server VM (25.144-b01 mixed mode bsd-amd64 compressed oops)
Heap:
 PSYoungGen      total 120832K, used 99063K [0x000000076ab00000, 0x0000000773600000, 0x00000007c0000000)
  eden space 103424K, 83% used [0x000000076ab00000,0x000000076ff7afe0,0x0000000771000000)
  from space 17408K, 72% used [0x0000000772500000,0x0000000773142d50,0x0000000773600000)
  to   space 19456K, 0% used [0x0000000771000000,0x0000000771000000,0x0000000772300000)
 ParOldGen       total 513536K, used 184745K [0x00000006c0000000, 0x00000006df580000, 0x000000076ab00000)
  object space 513536K, 35% used [0x00000006c0000000,0x00000006cb46a798,0x00000006df580000)
 Metaspace       used 111389K, capacity 120286K, committed 120396K, reserved 1155072K
  class space    used 12963K, capacity 15396K, committed 15488K, reserved 1048576K
GC Heap History (10 events):
Event: 4857.693 GC heap before
{Heap before GC invocations=254 (full 4):
 PSYoungGen      total 111616K, used 111288K [0x000000076ab00000, 0x0000000773180000, 0x00000007c0000000)
  eden space 101888K, 100% used [0x000000076ab00000,0x0000000770e80000,0x0000000770e80000)
  from space 9728K, 96% used [0x0000000770f80000,0x00000007718ae250,0x0000000771900000)
  to   space 17920K, 0% used [0x0000000772000000,0x0000000772000000,0x0000000773180000)
 ParOldGen       total 513536K, used 180924K [0x00000006c0000000, 0x00000006df580000, 0x000000076ab00000)
  object space 513536K, 35% used [0x00000006c0000000,0x00000006cb0af0b0,0x00000006df580000)
 Metaspace       used 111333K, capacity 120286K, committed 120396K, reserved 1155072K
  class space    used 12963K, capacity 15396K, committed 15488K, reserved 1048576K
Event: 4857.702 GC heap after
Heap after GC invocations=254 (full 4):
 PSYoungGen      total 116736K, used 11384K [0x000000076ab00000, 0x0000000772f80000, 0x00000007c0000000)
  eden space 100864K, 0% used [0x000000076ab00000,0x000000076ab00000,0x0000000770d80000)
  from space 15872K, 71% used [0x0000000772000000,0x0000000772b1e078,0x0000000772f80000)
  to   space 17408K, 0% used [0x0000000770d80000,0x0000000770d80000,0x0000000771e80000)
 ParOldGen       total 513536K, used 180956K [0x00000006c0000000, 0x00000006df580000, 0x000000076ab00000)
  object space 513536K, 35% used [0x00000006c0000000,0x00000006cb0b70b0,0x00000006df580000)
 Metaspace       used 111333K, capacity 120286K, committed 120396K, reserved 1155072K
  class space    used 12963K, capacity 15396K, committed 15488K, reserved 1048576K
}
Event: 4862.703 GC heap before
{Heap before GC invocations=255 (full 4):
 PSYoungGen      total 116736K, used 109618K [0x000000076ab00000, 0x0000000772f80000, 0x00000007c0000000)
  eden space 100864K, 97% used [0x000000076ab00000,0x0000000770aee9d0,0x0000000770d80000)
  from space 15872K, 71% used [0x0000000772000000,0x0000000772b1e078,0x0000000772f80000)
  to   space 17408K, 0% used [0x0000000770d80000,0x0000000770d80000,0x0000000771e80000)
 ParOldGen       total 513536K, used 180956K [0x00000006c0000000, 0x00000006df580000, 0x000000076ab00000)
  object space 513536K, 35% used [0x00000006c0000000,0x00000006cb0b70b0,0x00000006df580000)
 Metaspace       used 111333K, capacity 120286K, committed 120396K, reserved 1155072K
  class space    used 12963K, capacity 15396K, committed 15488K, reserved 1048576K
Event: 4862.715 GC heap after
Heap after GC invocations=255 (full 4):
 PSYoungGen      total 117248K, used 17393K [0x000000076ab00000, 0x0000000773480000, 0x00000007c0000000)
  eden space 99840K, 0% used [0x000000076ab00000,0x000000076ab00000,0x0000000770c80000)
  from space 17408K, 99% used [0x0000000770d80000,0x0000000771e7c7f8,0x0000000771e80000)
  to   space 20480K, 0% used [0x0000000772080000,0x0000000772080000,0x0000000773480000)
 ParOldGen       total 513536K, used 184689K [0x00000006c0000000, 0x00000006df580000, 0x000000076ab00000)
  object space 513536K, 35% used [0x00000006c0000000,0x00000006cb45c798,0x00000006df580000)
 Metaspace       used 111333K, capacity 120286K, committed 120396K, reserved 1155072K
  class space    used 12963K, capacity 15396K, committed 15488K, reserved 1048576K
}
Event: 4864.161 GC heap before
{Heap before GC invocations=256 (full 4):
 PSYoungGen      total 117248K, used 117233K [0x000000076ab00000, 0x0000000773480000, 0x00000007c0000000)
  eden space 99840K, 100% used [0x000000076ab00000,0x0000000770c80000,0x0000000770c80000)
  from space 17408K, 99% used [0x0000000770d80000,0x0000000771e7c7f8,0x0000000771e80000)
  to   space 20480K, 0% used [0x0000000772080000,0x0000000772080000,0x0000000773480000)
 ParOldGen       total 513536K, used 184689K [0x00000006c0000000, 0x00000006df580000, 0x000000076ab00000)
  object space 513536K, 35% used [0x00000006c0000000,0x00000006cb45c798,0x00000006df580000)
 Metaspace       used 111348K, capacity 120286K, committed 120396K, reserved 1155072K
  class space    used 12963K, capacity 15396K, committed 15488K, reserved 1048576K
Event: 4864.171 GC heap after
Heap after GC invocations=256 (full 4):
 PSYoungGen      total 118272K, used 11410K [0x000000076ab00000, 0x0000000773300000, 0x00000007c0000000)
  eden space 99328K, 0% used [0x000000076ab00000,0x000000076ab00000,0x0000000770c00000)
  from space 18944K, 60% used [0x0000000772080000,0x0000000772ba4be8,0x0000000773300000)
  to   space 19968K, 0% used [0x0000000770c00000,0x0000000770c00000,0x0000000771f80000)
 ParOldGen       total 513536K, used 184721K [0x00000006c0000000, 0x00000006df580000, 0x000000076ab00000)
  object space 513536K, 35% used [0x00000006c0000000,0x00000006cb464798,0x00000006df580000)
 Metaspace       used 111348K, capacity 120286K, committed 120396K, reserved 1155072K
  class space    used 12963K, capacity 15396K, committed 15488K, reserved 1048576K
}
Event: 4864.514 GC heap before
{Heap before GC invocations=257 (full 4):
 PSYoungGen      total 118272K, used 110433K [0x000000076ab00000, 0x0000000773300000, 0x00000007c0000000)
  eden space 99328K, 99% used [0x000000076ab00000,0x0000000770bb3870,0x0000000770c00000)
  from space 18944K, 60% used [0x0000000772080000,0x0000000772ba4be8,0x0000000773300000)
  to   space 19968K, 0% used [0x0000000770c00000,0x0000000770c00000,0x0000000771f80000)
 ParOldGen       total 513536K, used 184721K [0x00000006c0000000, 0x00000006df580000, 0x000000076ab00000)
  object space 513536K, 35% used [0x00000006c0000000,0x00000006cb464798,0x00000006df580000)
 Metaspace       used 111352K, capacity 120286K, committed 120396K, reserved 1155072K
  class space    used 12963K, capacity 15396K, committed 15488K, reserved 1048576K
Event: 4864.524 GC heap after
Heap after GC invocations=257 (full 4):
 PSYoungGen      total 119296K, used 15502K [0x000000076ab00000, 0x0000000773900000, 0x00000007c0000000)
  eden space 99328K, 0% used [0x000000076ab00000,0x000000076ab00000,0x0000000770c00000)
  from space 19968K, 77% used [0x0000000770c00000,0x0000000771b238c0,0x0000000771f80000)
  to   space 20480K, 0% used [0x0000000772500000,0x0000000772500000,0x0000000773900000)
 ParOldGen       total 513536K, used 184721K [0x00000006c0000000, 0x00000006df580000, 0x000000076ab00000)
  object space 513536K, 35% used [0x00000006c0000000,0x00000006cb464798,0x00000006df580000)
 Metaspace       used 111352K, capacity 120286K, committed 120396K, reserved 1155072K
  class space    used 12963K, capacity 15396K, committed 15488K, reserved 1048576K
}
Event: 4867.557 GC heap before
{Heap before GC invocations=258 (full 4):
 PSYoungGen      total 119296K, used 114830K [0x000000076ab00000, 0x0000000773900000, 0x00000007c0000000)
  eden space 99328K, 100% used [0x000000076ab00000,0x0000000770c00000,0x0000000770c00000)
  from space 19968K, 77% used [0x0000000770c00000,0x0000000771b238c0,0x0000000771f80000)
  to   space 20480K, 0% used [0x0000000772500000,0x0000000772500000,0x0000000773900000)
 ParOldGen       total 513536K, used 184721K [0x00000006c0000000, 0x00000006df580000, 0x000000076ab00000)
  object space 513536K, 35% used [0x00000006c0000000,0x00000006cb464798,0x00000006df580000)
 Metaspace       used 111380K, capacity 120286K, committed 120396K, reserved 1155072K
  class space    used 12963K, capacity 15396K, committed 15488K, reserved 1048576K
Event: 4867.568 GC heap after
Heap after GC invocations=258 (full 4):
 PSYoungGen      total 120832K, used 12555K [0x000000076ab00000, 0x0000000773600000, 0x00000007c0000000)
  eden space 103424K, 0% used [0x000000076ab00000,0x000000076ab00000,0x0000000771000000)
  from space 17408K, 72% used [0x0000000772500000,0x0000000773142d50,0x0000000773600000)
  to   space 19456K, 0% used [0x0000000771000000,0x0000000771000000,0x0000000772300000)
 ParOldGen       total 513536K, used 184745K [0x00000006c0000000, 0x00000006df580000, 0x000000076ab00000)
  object space 513536K, 35% used [0x00000006c0000000,0x00000006cb46a798,0x00000006df580000)
 Metaspace       used 111380K, capacity 120286K, committed 120396K, reserved 1155072K
  class space    used 12963K, capacity 15396K, committed 15488K, reserved 1048576K
}

