# JRE version: Java(TM) SE Runtime Environment (8.0_144-b01) (build 1.8.0_144-b01)
# Java VM: Java HotSpot(TM) 64-Bit Server VM (25.144-b01 mixed mode bsd-amd64 compressed oops)
Heap:
 PSYoungGen      total 131072K, used 8752K [0x000000076ab00000, 0x0000000773a80000, 0x00000007c0000000)
  eden space 118272K, 0% used [0x000000076ab00000,0x000000076ac18ef0,0x0000000771e80000)
  from space 12800K, 59% used [0x0000000772e00000,0x0000000773573460,0x0000000773a80000)
  to   space 14336K, 0% used [0x0000000771e80000,0x0000000771e80000,0x0000000772c80000)
 ParOldGen       total 515072K, used 159458K [0x00000006c0000000, 0x00000006df700000, 0x000000076ab00000)
  object space 515072K, 30% used [0x00000006c0000000,0x00000006c9bb8828,0x00000006df700000)
 Metaspace       used 108784K, capacity 117372K, committed 117708K, reserved 1150976K
  class space    used 13151K, capacity 15499K, committed 15616K, reserved 1048576K
GC Heap History (10 events):
Event: 4925.351 GC heap before
{Heap before GC invocations=98 (full 4):
 PSYoungGen      total 126976K, used 126912K [0x000000076ab00000, 0x0000000774480000, 0x00000007c0000000)
  eden space 123392K, 100% used [0x000000076ab00000,0x0000000772380000,0x0000000772380000)
  from space 3584K, 98% used [0x0000000772480000,0x00000007727f0068,0x0000000772800000)
  to   space 16896K, 0% used [0x0000000773400000,0x0000000773400000,0x0000000774480000)
 ParOldGen       total 515072K, used 159410K [0x00000006c0000000, 0x00000006df700000, 0x000000076ab00000)
  object space 515072K, 30% used [0x00000006c0000000,0x00000006c9bac828,0x00000006df700000)
 Metaspace       used 108621K, capacity 117244K, committed 117452K, reserved 1150976K
  class space    used 13149K, capacity 15499K, committed 15616K, reserved 1048576K
Event: 4925.358 GC heap after
Heap after GC invocations=98 (full 4):
 PSYoungGen      total 137216K, used 7830K [0x000000076ab00000, 0x0000000774280000, 0x00000007c0000000)
  eden space 122368K, 0% used [0x000000076ab00000,0x000000076ab00000,0x0000000772280000)
  from space 14848K, 52% used [0x0000000773400000,0x0000000773ba5878,0x0000000774280000)
  to   space 16384K, 0% used [0x0000000772280000,0x0000000772280000,0x0000000773280000)
 ParOldGen       total 515072K, used 159442K [0x00000006c0000000, 0x00000006df700000, 0x000000076ab00000)
  object space 515072K, 30% used [0x00000006c0000000,0x00000006c9bb4828,0x00000006df700000)
 Metaspace       used 108621K, capacity 117244K, committed 117452K, reserved 1150976K
  class space    used 13149K, capacity 15499K, committed 15616K, reserved 1048576K
}
Event: 4927.268 GC heap before
{Heap before GC invocations=99 (full 4):
 PSYoungGen      total 137216K, used 130198K [0x000000076ab00000, 0x0000000774280000, 0x00000007c0000000)
  eden space 122368K, 100% used [0x000000076ab00000,0x0000000772280000,0x0000000772280000)
  from space 14848K, 52% used [0x0000000773400000,0x0000000773ba5878,0x0000000774280000)
  to   space 16384K, 0% used [0x0000000772280000,0x0000000772280000,0x0000000773280000)
 ParOldGen       total 515072K, used 159442K [0x00000006c0000000, 0x00000006df700000, 0x000000076ab00000)
  object space 515072K, 30% used [0x00000006c0000000,0x00000006c9bb4828,0x00000006df700000)
 Metaspace       used 108682K, capacity 117308K, committed 117708K, reserved 1150976K
  class space    used 13149K, capacity 15499K, committed 15616K, reserved 1048576K
Event: 4927.286 GC heap after
Heap after GC invocations=99 (full 4):
 PSYoungGen      total 128512K, used 6834K [0x000000076ab00000, 0x0000000773f80000, 0x00000007c0000000)
  eden space 121344K, 0% used [0x000000076ab00000,0x000000076ab00000,0x0000000772180000)
  from space 7168K, 95% used [0x0000000772280000,0x000000077292c8c0,0x0000000772980000)
  to   space 15360K, 0% used [0x0000000773080000,0x0000000773080000,0x0000000773f80000)
 ParOldGen       total 515072K, used 159450K [0x00000006c0000000, 0x00000006df700000, 0x000000076ab00000)
  object space 515072K, 30% used [0x00000006c0000000,0x00000006c9bb6828,0x00000006df700000)
 Metaspace       used 108682K, capacity 117308K, committed 117708K, reserved 1150976K
  class space    used 13149K, capacity 15499K, committed 15616K, reserved 1048576K
}
Event: 4933.462 GC heap before
{Heap before GC invocations=100 (full 4):
 PSYoungGen      total 128512K, used 128178K [0x000000076ab00000, 0x0000000773f80000, 0x00000007c0000000)
  eden space 121344K, 100% used [0x000000076ab00000,0x0000000772180000,0x0000000772180000)
  from space 7168K, 95% used [0x0000000772280000,0x000000077292c8c0,0x0000000772980000)
  to   space 15360K, 0% used [0x0000000773080000,0x0000000773080000,0x0000000773f80000)
 ParOldGen       total 515072K, used 159450K [0x00000006c0000000, 0x00000006df700000, 0x000000076ab00000)
  object space 515072K, 30% used [0x00000006c0000000,0x00000006c9bb6828,0x00000006df700000)
 Metaspace       used 108693K, capacity 117308K, committed 117708K, reserved 1150976K
  class space    used 13149K, capacity 15499K, committed 15616K, reserved 1048576K
Event: 4933.468 GC heap after
Heap after GC invocations=100 (full 4):
 PSYoungGen      total 134656K, used 8723K [0x000000076ab00000, 0x0000000773e80000, 0x00000007c0000000)
  eden space 120320K, 0% used [0x000000076ab00000,0x000000076ab00000,0x0000000772080000)
  from space 14336K, 60% used [0x0000000773080000,0x0000000773904df0,0x0000000773e80000)
  to   space 15360K, 0% used [0x0000000772080000,0x0000000772080000,0x0000000772f80000)
 ParOldGen       total 515072K, used 159450K [0x00000006c0000000, 0x00000006df700000, 0x000000076ab00000)
  object space 515072K, 30% used [0x00000006c0000000,0x00000006c9bb6828,0x00000006df700000)
 Metaspace       used 108693K, capacity 117308K, committed 117708K, reserved 1150976K
  class space    used 13149K, capacity 15499K, committed 15616K, reserved 1048576K
}
Event: 4935.108 GC heap before
{Heap before GC invocations=101 (full 4):
 PSYoungGen      total 134656K, used 129043K [0x000000076ab00000, 0x0000000773e80000, 0x00000007c0000000)
  eden space 120320K, 100% used [0x000000076ab00000,0x0000000772080000,0x0000000772080000)
  from space 14336K, 60% used [0x0000000773080000,0x0000000773904df0,0x0000000773e80000)
  to   space 15360K, 0% used [0x0000000772080000,0x0000000772080000,0x0000000772f80000)
 ParOldGen       total 515072K, used 159450K [0x00000006c0000000, 0x00000006df700000, 0x000000076ab00000)
  object space 515072K, 30% used [0x00000006c0000000,0x00000006c9bb6828,0x00000006df700000)
 Metaspace       used 108721K, capacity 117308K, committed 117708K, reserved 1150976K
  class space    used 13149K, capacity 15499K, committed 15616K, reserved 1048576K
Event: 4935.119 GC heap after
Heap after GC invocations=101 (full 4):
 PSYoungGen      total 128000K, used 8692K [0x000000076ab00000, 0x0000000773c80000, 0x00000007c0000000)
  eden space 119296K, 0% used [0x000000076ab00000,0x000000076ab00000,0x0000000771f80000)
  from space 8704K, 99% used [0x0000000772080000,0x00000007728fd0b8,0x0000000772900000)
  to   space 14848K, 0% used [0x0000000772e00000,0x0000000772e00000,0x0000000773c80000)
 ParOldGen       total 515072K, used 159450K [0x00000006c0000000, 0x00000006df700000, 0x000000076ab00000)
  object space 515072K, 30% used [0x00000006c0000000,0x00000006c9bb6828,0x00000006df700000)
 Metaspace       used 108721K, capacity 117308K, committed 117708K, reserved 1150976K
  class space    used 13149K, capacity 15499K, committed 15616K, reserved 1048576K
}
Event: 4958.062 GC heap before
{Heap before GC invocations=102 (full 4):
 PSYoungGen      total 128000K, used 127988K [0x000000076ab00000, 0x0000000773c80000, 0x00000007c0000000)
  eden space 119296K, 100% used [0x000000076ab00000,0x0000000771f80000,0x0000000771f80000)
  from space 8704K, 99% used [0x0000000772080000,0x00000007728fd0b8,0x0000000772900000)
  to   space 14848K, 0% used [0x0000000772e00000,0x0000000772e00000,0x0000000773c80000)
 ParOldGen       total 515072K, used 159450K [0x00000006c0000000, 0x00000006df700000, 0x000000076ab00000)
  object space 515072K, 30% used [0x00000006c0000000,0x00000006c9bb6828,0x00000006df700000)
 Metaspace       used 108784K, capacity 117372K, committed 117708K, reserved 1150976K
  class space    used 13151K, capacity 15499K, committed 15616K, reserved 1048576K
Event: 4958.068 GC heap after
Heap after GC invocations=102 (full 4):
 PSYoungGen      total 131072K, used 7629K [0x000000076ab00000, 0x0000000773a80000, 0x00000007c0000000)
  eden space 118272K, 0% used [0x000000076ab00000,0x000000076ab00000,0x0000000771e80000)
  from space 12800K, 59% used [0x0000000772e00000,0x0000000773573460,0x0000000773a80000)
  to   space 14336K, 0% used [0x0000000771e80000,0x0000000771e80000,0x0000000772c80000)
 ParOldGen       total 515072K, used 159458K [0x00000006c0000000, 0x00000006df700000, 0x000000076ab00000)
  object space 515072K, 30% used [0x00000006c0000000,0x00000006c9bb8828,0x00000006df700000)
 Metaspace       used 108784K, capacity 117372K, committed 117708K, reserved 1150976K
  class space    used 13151K, capacity 15499K, committed 15616K, reserved 1048576K
}

