# JRE version: Java(TM) SE Runtime Environment (8.0_144-b01) (build 1.8.0_144-b01)
# Java VM: Java HotSpot(TM) 64-Bit Server VM (25.144-b01 mixed mode bsd-amd64 compressed oops)
Heap:
 PSYoungGen      total 214528K, used 172824K [0x000000076ab00000, 0x000000077b000000, 0x00000007c0000000)
  eden space 203776K, 79% used [0x000000076ab00000,0x0000000774992370,0x0000000777200000)
  from space 10752K, 97% used [0x0000000777580000,0x0000000777fb3d88,0x0000000778000000)
  to   space 31744K, 0% used [0x0000000779100000,0x0000000779100000,0x000000077b000000)
 ParOldGen       total 462336K, used 126948K [0x00000006c0000000, 0x00000006dc380000, 0x000000076ab00000)
  object space 462336K, 27% used [0x00000006c0000000,0x00000006c7bf93f8,0x00000006dc380000)
 Metaspace       used 105371K, capacity 113644K, committed 113868K, reserved 1148928K
  class space    used 12499K, capacity 14811K, committed 14848K, reserved 1048576K
GC Heap History (10 events):
Event: 1433.063 GC heap before
{Heap before GC invocations=47 (full 4):
 PSYoungGen      total 257024K, used 233700K [0x000000076ab00000, 0x000000077d280000, 0x00000007c0000000)
  eden space 223744K, 99% used [0x000000076ab00000,0x000000077857f380,0x0000000778580000)
  from space 33280K, 29% used [0x000000077b200000,0x000000077bbb9f20,0x000000077d280000)
  to   space 39424K, 0% used [0x0000000778580000,0x0000000778580000,0x000000077ac00000)
 ParOldGen       total 462336K, used 125660K [0x00000006c0000000, 0x00000006dc380000, 0x000000076ab00000)
  object space 462336K, 27% used [0x00000006c0000000,0x00000006c7ab73d8,0x00000006dc380000)
 Metaspace       used 105017K, capacity 113364K, committed 113612K, reserved 1148928K
  class space    used 12489K, capacity 14805K, committed 14848K, reserved 1048576K
Event: 1433.075 GC heap after
Heap after GC invocations=47 (full 4):
 PSYoungGen      total 228352K, used 8666K [0x000000076ab00000, 0x000000077cc80000, 0x00000007c0000000)
  eden space 219648K, 0% used [0x000000076ab00000,0x000000076ab00000,0x0000000778180000)
  from space 8704K, 99% used [0x0000000778580000,0x0000000778df68f0,0x0000000778e00000)
  to   space 38400K, 0% used [0x000000077a700000,0x000000077a700000,0x000000077cc80000)
 ParOldGen       total 462336K, used 126540K [0x00000006c0000000, 0x00000006dc380000, 0x000000076ab00000)
  object space 462336K, 27% used [0x00000006c0000000,0x00000006c7b933f8,0x00000006dc380000)
 Metaspace       used 105017K, capacity 113364K, committed 113612K, reserved 1148928K
  class space    used 12489K, capacity 14805K, committed 14848K, reserved 1048576K
}
Event: 1449.400 GC heap before
{Heap before GC invocations=48 (full 4):
 PSYoungGen      total 228352K, used 228314K [0x000000076ab00000, 0x000000077cc80000, 0x00000007c0000000)
  eden space 219648K, 100% used [0x000000076ab00000,0x0000000778180000,0x0000000778180000)
  from space 8704K, 99% used [0x0000000778580000,0x0000000778df68f0,0x0000000778e00000)
  to   space 38400K, 0% used [0x000000077a700000,0x000000077a700000,0x000000077cc80000)
 ParOldGen       total 462336K, used 126540K [0x00000006c0000000, 0x00000006dc380000, 0x000000076ab00000)
  object space 462336K, 27% used [0x00000006c0000000,0x00000006c7b933f8,0x00000006dc380000)
 Metaspace       used 105076K, capacity 113512K, committed 113868K, reserved 1148928K
  class space    used 12497K, capacity 14811K, committed 14848K, reserved 1048576K
Event: 1449.408 GC heap after
Heap after GC invocations=48 (full 4):
 PSYoungGen      total 247808K, used 6828K [0x000000076ab00000, 0x000000077c680000, 0x00000007c0000000)
  eden space 215552K, 0% used [0x000000076ab00000,0x000000076ab00000,0x0000000777d80000)
  from space 32256K, 21% used [0x000000077a700000,0x000000077adab250,0x000000077c680000)
  to   space 37376K, 0% used [0x0000000777d80000,0x0000000777d80000,0x000000077a200000)
 ParOldGen       total 462336K, used 126596K [0x00000006c0000000, 0x00000006dc380000, 0x000000076ab00000)
  object space 462336K, 27% used [0x00000006c0000000,0x00000006c7ba13f8,0x00000006dc380000)
 Metaspace       used 105076K, capacity 113512K, committed 113868K, reserved 1148928K
  class space    used 12497K, capacity 14811K, committed 14848K, reserved 1048576K
}
Event: 1454.293 GC heap before
{Heap before GC invocations=49 (full 4):
 PSYoungGen      total 247808K, used 221661K [0x000000076ab00000, 0x000000077c680000, 0x00000007c0000000)
  eden space 215552K, 99% used [0x000000076ab00000,0x0000000777ccc2a0,0x0000000777d80000)
  from space 32256K, 21% used [0x000000077a700000,0x000000077adab250,0x000000077c680000)
  to   space 37376K, 0% used [0x0000000777d80000,0x0000000777d80000,0x000000077a200000)
 ParOldGen       total 462336K, used 126596K [0x00000006c0000000, 0x00000006dc380000, 0x000000076ab00000)
  object space 462336K, 27% used [0x00000006c0000000,0x00000006c7ba13f8,0x00000006dc380000)
 Metaspace       used 105118K, capacity 113512K, committed 113868K, reserved 1148928K
  class space    used 12497K, capacity 14811K, committed 14848K, reserved 1048576K
Event: 1454.298 GC heap after
Heap after GC invocations=49 (full 4):
 PSYoungGen      total 222208K, used 10348K [0x000000076ab00000, 0x000000077be80000, 0x00000007c0000000)
  eden space 211456K, 0% used [0x000000076ab00000,0x000000076ab00000,0x0000000777980000)
  from space 10752K, 96% used [0x0000000777d80000,0x000000077879b310,0x0000000778800000)
  to   space 35328K, 0% used [0x0000000779c00000,0x0000000779c00000,0x000000077be80000)
 ParOldGen       total 462336K, used 126772K [0x00000006c0000000, 0x00000006dc380000, 0x000000076ab00000)
  object space 462336K, 27% used [0x00000006c0000000,0x00000006c7bcd3f8,0x00000006dc380000)
 Metaspace       used 105118K, capacity 113512K, committed 113868K, reserved 1148928K
  class space    used 12497K, capacity 14811K, committed 14848K, reserved 1048576K
}
Event: 1455.890 GC heap before
{Heap before GC invocations=50 (full 4):
 PSYoungGen      total 222208K, used 220307K [0x000000076ab00000, 0x000000077be80000, 0x00000007c0000000)
  eden space 211456K, 99% used [0x000000076ab00000,0x0000000777809b38,0x0000000777980000)
  from space 10752K, 96% used [0x0000000777d80000,0x000000077879b310,0x0000000778800000)
  to   space 35328K, 0% used [0x0000000779c00000,0x0000000779c00000,0x000000077be80000)
 ParOldGen       total 462336K, used 126772K [0x00000006c0000000, 0x00000006dc380000, 0x000000076ab00000)
  object space 462336K, 27% used [0x00000006c0000000,0x00000006c7bcd3f8,0x00000006dc380000)
 Metaspace       used 105148K, capacity 113580K, committed 113868K, reserved 1148928K
  class space    used 12497K, capacity 14811K, committed 14848K, reserved 1048576K
Event: 1455.902 GC heap after
Heap after GC invocations=50 (full 4):
 PSYoungGen      total 234496K, used 12491K [0x000000076ab00000, 0x000000077b680000, 0x00000007c0000000)
  eden space 207360K, 0% used [0x000000076ab00000,0x000000076ab00000,0x0000000777580000)
  from space 27136K, 46% used [0x0000000779c00000,0x000000077a832cf0,0x000000077b680000)
  to   space 33280K, 0% used [0x0000000777580000,0x0000000777580000,0x0000000779600000)
 ParOldGen       total 462336K, used 126780K [0x00000006c0000000, 0x00000006dc380000, 0x000000076ab00000)
  object space 462336K, 27% used [0x00000006c0000000,0x00000006c7bcf3f8,0x00000006dc380000)
 Metaspace       used 105148K, capacity 113580K, committed 113868K, reserved 1148928K
  class space    used 12497K, capacity 14811K, committed 14848K, reserved 1048576K
}
Event: 1463.101 GC heap before
{Heap before GC invocations=51 (full 4):
 PSYoungGen      total 234496K, used 219851K [0x000000076ab00000, 0x000000077b680000, 0x00000007c0000000)
  eden space 207360K, 100% used [0x000000076ab00000,0x0000000777580000,0x0000000777580000)
  from space 27136K, 46% used [0x0000000779c00000,0x000000077a832cf0,0x000000077b680000)
  to   space 33280K, 0% used [0x0000000777580000,0x0000000777580000,0x0000000779600000)
 ParOldGen       total 462336K, used 126780K [0x00000006c0000000, 0x00000006dc380000, 0x000000076ab00000)
  object space 462336K, 27% used [0x00000006c0000000,0x00000006c7bcf3f8,0x00000006dc380000)
 Metaspace       used 105243K, capacity 113644K, committed 113868K, reserved 1148928K
  class space    used 12497K, capacity 14811K, committed 14848K, reserved 1048576K
Event: 1463.111 GC heap after
Heap after GC invocations=51 (full 4):
 PSYoungGen      total 214528K, used 10447K [0x000000076ab00000, 0x000000077b000000, 0x00000007c0000000)
  eden space 203776K, 0% used [0x000000076ab00000,0x000000076ab00000,0x0000000777200000)
  from space 10752K, 97% used [0x0000000777580000,0x0000000777fb3d88,0x0000000778000000)
  to   space 31744K, 0% used [0x0000000779100000,0x0000000779100000,0x000000077b000000)
 ParOldGen       total 462336K, used 126948K [0x00000006c0000000, 0x00000006dc380000, 0x000000076ab00000)
  object space 462336K, 27% used [0x00000006c0000000,0x00000006c7bf93f8,0x00000006dc380000)
 Metaspace       used 105243K, capacity 113644K, committed 113868K, reserved 1148928K
  class space    used 12497K, capacity 14811K, committed 14848K, reserved 1048576K
}

