# JRE version: Java(TM) SE Runtime Environment (8.0_144-b01) (build 1.8.0_144-b01)
# Java VM: Java HotSpot(TM) 64-Bit Server VM (25.144-b01 mixed mode bsd-amd64 compressed oops)
Heap:
 PSYoungGen      total 115200K, used 93145K [0x000000076ab00000, 0x0000000773100000, 0x00000007c0000000)
  eden space 105472K, 79% used [0x000000076ab00000,0x000000076fcaa368,0x0000000771200000)
  from space 9728K, 97% used [0x0000000771380000,0x0000000771ccc378,0x0000000771d00000)
  to   space 15872K, 0% used [0x0000000772180000,0x0000000772180000,0x0000000773100000)
 ParOldGen       total 432640K, used 313168K [0x00000006c0000000, 0x00000006da680000, 0x000000076ab00000)
  object space 432640K, 72% used [0x00000006c0000000,0x00000006d31d4020,0x00000006da680000)
 Metaspace       used 127964K, capacity 137066K, committed 137432K, reserved 1169408K
  class space    used 14951K, capacity 17538K, committed 17664K, reserved 1048576K
GC Heap History (10 events):
Event: 113560.648 GC heap before
{Heap before GC invocations=8628 (full 9):
 PSYoungGen      total 126464K, used 124388K [0x000000076ab00000, 0x0000000773780000, 0x00000007c0000000)
  eden space 113152K, 100% used [0x000000076ab00000,0x0000000771980000,0x0000000771980000)
  from space 13312K, 84% used [0x0000000772a80000,0x0000000773579128,0x0000000773780000)
  to   space 15360K, 0% used [0x0000000771980000,0x0000000771980000,0x0000000772880000)
 ParOldGen       total 432640K, used 312180K [0x00000006c0000000, 0x00000006da680000, 0x000000076ab00000)
  object space 432640K, 72% used [0x00000006c0000000,0x00000006d30dd3f0,0x00000006da680000)
 Metaspace       used 127958K, capacity 137066K, committed 137432K, reserved 1169408K
  class space    used 14951K, capacity 17538K, committed 17664K, reserved 1048576K
Event: 113560.656 GC heap after
Heap after GC invocations=8628 (full 9):
 PSYoungGen      total 117248K, used 5617K [0x000000076ab00000, 0x0000000773600000, 0x00000007c0000000)
  eden space 111616K, 0% used [0x000000076ab00000,0x000000076ab00000,0x0000000771800000)
  from space 5632K, 99% used [0x0000000771980000,0x0000000771efc698,0x0000000771f00000)
  to   space 15360K, 0% used [0x0000000772700000,0x0000000772700000,0x0000000773600000)
 ParOldGen       total 432640K, used 312963K [0x00000006c0000000, 0x00000006da680000, 0x000000076ab00000)
  object space 432640K, 72% used [0x00000006c0000000,0x00000006d31a0ec0,0x00000006da680000)
 Metaspace       used 127958K, capacity 137066K, committed 137432K, reserved 1169408K
  class space    used 14951K, capacity 17538K, committed 17664K, reserved 1048576K
}
Event: 113575.197 GC heap before
{Heap before GC invocations=8629 (full 9):
 PSYoungGen      total 117248K, used 117233K [0x000000076ab00000, 0x0000000773600000, 0x00000007c0000000)
  eden space 111616K, 100% used [0x000000076ab00000,0x0000000771800000,0x0000000771800000)
  from space 5632K, 99% used [0x0000000771980000,0x0000000771efc698,0x0000000771f00000)
  to   space 15360K, 0% used [0x0000000772700000,0x0000000772700000,0x0000000773600000)
 ParOldGen       total 432640K, used 312963K [0x00000006c0000000, 0x00000006da680000, 0x000000076ab00000)
  object space 432640K, 72% used [0x00000006c0000000,0x00000006d31a0ec0,0x00000006da680000)
 Metaspace       used 127958K, capacity 137066K, committed 137432K, reserved 1169408K
  class space    used 14951K, capacity 17538K, committed 17664K, reserved 1048576K
Event: 113575.203 GC heap after
Heap after GC invocations=8629 (full 9):
 PSYoungGen      total 123904K, used 5188K [0x000000076ab00000, 0x0000000773480000, 0x00000007c0000000)
  eden space 110080K, 0% used [0x000000076ab00000,0x000000076ab00000,0x0000000771680000)
  from space 13824K, 37% used [0x0000000772700000,0x0000000772c11310,0x0000000773480000)
  to   space 15360K, 0% used [0x0000000771680000,0x0000000771680000,0x0000000772580000)
 ParOldGen       total 432640K, used 313144K [0x00000006c0000000, 0x00000006da680000, 0x000000076ab00000)
  object space 432640K, 72% used [0x00000006c0000000,0x00000006d31ce020,0x00000006da680000)
 Metaspace       used 127958K, capacity 137066K, committed 137432K, reserved 1169408K
  class space    used 14951K, capacity 17538K, committed 17664K, reserved 1048576K
}
Event: 113588.648 GC heap before
{Heap before GC invocations=8630 (full 9):
 PSYoungGen      total 123904K, used 114750K [0x000000076ab00000, 0x0000000773480000, 0x00000007c0000000)
  eden space 110080K, 99% used [0x000000076ab00000,0x00000007715fe670,0x0000000771680000)
  from space 13824K, 37% used [0x0000000772700000,0x0000000772c11310,0x0000000773480000)
  to   space 15360K, 0% used [0x0000000771680000,0x0000000771680000,0x0000000772580000)
 ParOldGen       total 432640K, used 313144K [0x00000006c0000000, 0x00000006da680000, 0x000000076ab00000)
  object space 432640K, 72% used [0x00000006c0000000,0x00000006d31ce020,0x00000006da680000)
 Metaspace       used 127959K, capacity 137066K, committed 137432K, reserved 1169408K
  class space    used 14951K, capacity 17538K, committed 17664K, reserved 1048576K
Event: 113588.655 GC heap after
Heap after GC invocations=8630 (full 9):
 PSYoungGen      total 122368K, used 13559K [0x000000076ab00000, 0x0000000773500000, 0x00000007c0000000)
  eden space 108544K, 0% used [0x000000076ab00000,0x000000076ab00000,0x0000000771500000)
  from space 13824K, 98% used [0x0000000771680000,0x00000007723bdd30,0x0000000772400000)
  to   space 16384K, 0% used [0x0000000772500000,0x0000000772500000,0x0000000773500000)
 ParOldGen       total 432640K, used 313168K [0x00000006c0000000, 0x00000006da680000, 0x000000076ab00000)
  object space 432640K, 72% used [0x00000006c0000000,0x00000006d31d4020,0x00000006da680000)
 Metaspace       used 127959K, capacity 137066K, committed 137432K, reserved 1169408K
  class space    used 14951K, capacity 17538K, committed 17664K, reserved 1048576K
}
Event: 113590.751 GC heap before
{Heap before GC invocations=8631 (full 9):
 PSYoungGen      total 122368K, used 122103K [0x000000076ab00000, 0x0000000773500000, 0x00000007c0000000)
  eden space 108544K, 100% used [0x000000076ab00000,0x0000000771500000,0x0000000771500000)
  from space 13824K, 98% used [0x0000000771680000,0x00000007723bdd30,0x0000000772400000)
  to   space 16384K, 0% used [0x0000000772500000,0x0000000772500000,0x0000000773500000)
 ParOldGen       total 432640K, used 313168K [0x00000006c0000000, 0x00000006da680000, 0x000000076ab00000)
  object space 432640K, 72% used [0x00000006c0000000,0x00000006d31d4020,0x00000006da680000)
 Metaspace       used 127959K, capacity 137066K, committed 137432K, reserved 1169408K
  class space    used 14951K, capacity 17538K, committed 17664K, reserved 1048576K
Event: 113590.757 GC heap after
Heap after GC invocations=8631 (full 9):
 PSYoungGen      total 120832K, used 7503K [0x000000076ab00000, 0x0000000773280000, 0x00000007c0000000)
  eden space 107008K, 0% used [0x000000076ab00000,0x000000076ab00000,0x0000000771380000)
  from space 13824K, 54% used [0x0000000772500000,0x0000000772c53f70,0x0000000773280000)
  to   space 15872K, 0% used [0x0000000771380000,0x0000000771380000,0x0000000772300000)
 ParOldGen       total 432640K, used 313168K [0x00000006c0000000, 0x00000006da680000, 0x000000076ab00000)
  object space 432640K, 72% used [0x00000006c0000000,0x00000006d31d4020,0x00000006da680000)
 Metaspace       used 127959K, capacity 137066K, committed 137432K, reserved 1169408K
  class space    used 14951K, capacity 17538K, committed 17664K, reserved 1048576K
}
Event: 113591.473 GC heap before
{Heap before GC invocations=8632 (full 9):
 PSYoungGen      total 120832K, used 112842K [0x000000076ab00000, 0x0000000773280000, 0x00000007c0000000)
  eden space 107008K, 98% used [0x000000076ab00000,0x00000007711debd0,0x0000000771380000)
  from space 13824K, 54% used [0x0000000772500000,0x0000000772c53f70,0x0000000773280000)
  to   space 15872K, 0% used [0x0000000771380000,0x0000000771380000,0x0000000772300000)
 ParOldGen       total 432640K, used 313168K [0x00000006c0000000, 0x00000006da680000, 0x000000076ab00000)
  object space 432640K, 72% used [0x00000006c0000000,0x00000006d31d4020,0x00000006da680000)
 Metaspace       used 127959K, capacity 137066K, committed 137432K, reserved 1169408K
  class space    used 14951K, capacity 17538K, committed 17664K, reserved 1048576K
Event: 113591.479 GC heap after
Heap after GC invocations=8632 (full 9):
 PSYoungGen      total 115200K, used 9520K [0x000000076ab00000, 0x0000000773100000, 0x00000007c0000000)
  eden space 105472K, 0% used [0x000000076ab00000,0x000000076ab00000,0x0000000771200000)
  from space 9728K, 97% used [0x0000000771380000,0x0000000771ccc378,0x0000000771d00000)
  to   space 15872K, 0% used [0x0000000772180000,0x0000000772180000,0x0000000773100000)
 ParOldGen       total 432640K, used 313168K [0x00000006c0000000, 0x00000006da680000, 0x000000076ab00000)
  object space 432640K, 72% used [0x00000006c0000000,0x00000006d31d4020,0x00000006da680000)
 Metaspace       used 127959K, capacity 137066K, committed 137432K, reserved 1169408K
  class space    used 14951K, capacity 17538K, committed 17664K, reserved 1048576K
}

