# JRE version: Java(TM) SE Runtime Environment (8.0_144-b01) (build 1.8.0_144-b01)
# Java VM: Java HotSpot(TM) 64-Bit Server VM (25.144-b01 mixed mode bsd-amd64 compressed oops)
Heap:
 PSYoungGen      total 309760K, used 67269K [0x000000076ab00000, 0x0000000780c80000, 0x00000007c0000000)
  eden space 259072K, 21% used [0x000000076ab00000,0x000000076e063f00,0x000000077a800000)
  from space 50688K, 24% used [0x000000077a800000,0x000000077b44d698,0x000000077d980000)
  to   space 48640K, 0% used [0x000000077dd00000,0x000000077dd00000,0x0000000780c80000)
 ParOldGen       total 538112K, used 101849K [0x00000006c0000000, 0x00000006e0d80000, 0x000000076ab00000)
  object space 538112K, 18% used [0x00000006c0000000,0x00000006c6376730,0x00000006e0d80000)
 Metaspace       used 98239K, capacity 106484K, committed 106712K, reserved 1142784K
  class space    used 11865K, capacity 14061K, committed 14080K, reserved 1048576K
GC Heap History (10 events):
Event: 430.426 GC heap before
{Heap before GC invocations=25 (full 4):
 PSYoungGen      total 295936K, used 252825K [0x000000076ab00000, 0x0000000780180000, 0x00000007c0000000)
  eden space 245248K, 100% used [0x000000076ab00000,0x0000000779a80000,0x0000000779a80000)
  from space 50688K, 14% used [0x000000077d000000,0x000000077d7667e8,0x0000000780180000)
  to   space 52736K, 0% used [0x0000000779a80000,0x0000000779a80000,0x000000077ce00000)
 ParOldGen       total 538112K, used 101753K [0x00000006c0000000, 0x00000006e0d80000, 0x000000076ab00000)
  object space 538112K, 18% used [0x00000006c0000000,0x00000006c635e720,0x00000006e0d80000)
 Metaspace       used 96665K, capacity 104892K, committed 105048K, reserved 1140736K
  class space    used 11745K, capacity 13901K, committed 13952K, reserved 1048576K
Event: 430.433 GC heap after
Heap after GC invocations=25 (full 4):
 PSYoungGen      total 297984K, used 7994K [0x000000076ab00000, 0x0000000780980000, 0x00000007c0000000)
  eden space 245248K, 0% used [0x000000076ab00000,0x000000076ab00000,0x0000000779a80000)
  from space 52736K, 15% used [0x0000000779a80000,0x000000077a24ebc0,0x000000077ce00000)
  to   space 52736K, 0% used [0x000000077d600000,0x000000077d600000,0x0000000780980000)
 ParOldGen       total 538112K, used 101825K [0x00000006c0000000, 0x00000006e0d80000, 0x000000076ab00000)
  object space 538112K, 18% used [0x00000006c0000000,0x00000006c6370730,0x00000006e0d80000)
 Metaspace       used 96665K, capacity 104892K, committed 105048K, reserved 1140736K
  class space    used 11745K, capacity 13901K, committed 13952K, reserved 1048576K
}
Event: 470.954 GC heap before
{Heap before GC invocations=26 (full 4):
 PSYoungGen      total 297984K, used 253242K [0x000000076ab00000, 0x0000000780980000, 0x00000007c0000000)
  eden space 245248K, 100% used [0x000000076ab00000,0x0000000779a80000,0x0000000779a80000)
  from space 52736K, 15% used [0x0000000779a80000,0x000000077a24ebc0,0x000000077ce00000)
  to   space 52736K, 0% used [0x000000077d600000,0x000000077d600000,0x0000000780980000)
 ParOldGen       total 538112K, used 101825K [0x00000006c0000000, 0x00000006e0d80000, 0x000000076ab00000)
  object space 538112K, 18% used [0x00000006c0000000,0x00000006c6370730,0x00000006e0d80000)
 Metaspace       used 97088K, capacity 105248K, committed 105560K, reserved 1140736K
  class space    used 11774K, capacity 13933K, committed 13952K, reserved 1048576K
Event: 470.961 GC heap after
Heap after GC invocations=26 (full 4):
 PSYoungGen      total 303104K, used 7907K [0x000000076ab00000, 0x0000000780800000, 0x00000007c0000000)
  eden space 251904K, 0% used [0x000000076ab00000,0x000000076ab00000,0x000000077a100000)
  from space 51200K, 15% used [0x000000077d600000,0x000000077ddb8e68,0x0000000780800000)
  to   space 52736K, 0% used [0x000000077a100000,0x000000077a100000,0x000000077d480000)
 ParOldGen       total 538112K, used 101825K [0x00000006c0000000, 0x00000006e0d80000, 0x000000076ab00000)
  object space 538112K, 18% used [0x00000006c0000000,0x00000006c6370730,0x00000006e0d80000)
 Metaspace       used 97088K, capacity 105248K, committed 105560K, reserved 1140736K
  class space    used 11774K, capacity 13933K, committed 13952K, reserved 1048576K
}
Event: 481.177 GC heap before
{Heap before GC invocations=27 (full 4):
 PSYoungGen      total 303104K, used 259811K [0x000000076ab00000, 0x0000000780800000, 0x00000007c0000000)
  eden space 251904K, 100% used [0x000000076ab00000,0x000000077a100000,0x000000077a100000)
  from space 51200K, 15% used [0x000000077d600000,0x000000077ddb8e68,0x0000000780800000)
  to   space 52736K, 0% used [0x000000077a100000,0x000000077a100000,0x000000077d480000)
 ParOldGen       total 538112K, used 101825K [0x00000006c0000000, 0x00000006e0d80000, 0x000000076ab00000)
  object space 538112K, 18% used [0x00000006c0000000,0x00000006c6370730,0x00000006e0d80000)
 Metaspace       used 97546K, capacity 105752K, committed 105944K, reserved 1140736K
  class space    used 11820K, capacity 14011K, committed 14080K, reserved 1048576K
Event: 481.184 GC heap after
Heap after GC invocations=27 (full 4):
 PSYoungGen      total 304640K, used 6008K [0x000000076ab00000, 0x0000000780c80000, 0x00000007c0000000)
  eden space 251904K, 0% used [0x000000076ab00000,0x000000076ab00000,0x000000077a100000)
  from space 52736K, 11% used [0x000000077a100000,0x000000077a6de070,0x000000077d480000)
  to   space 52224K, 0% used [0x000000077d980000,0x000000077d980000,0x0000000780c80000)
 ParOldGen       total 538112K, used 101833K [0x00000006c0000000, 0x00000006e0d80000, 0x000000076ab00000)
  object space 538112K, 18% used [0x00000006c0000000,0x00000006c6372730,0x00000006e0d80000)
 Metaspace       used 97546K, capacity 105752K, committed 105944K, reserved 1140736K
  class space    used 11820K, capacity 14011K, committed 14080K, reserved 1048576K
}
Event: 485.088 GC heap before
{Heap before GC invocations=28 (full 4):
 PSYoungGen      total 304640K, used 257912K [0x000000076ab00000, 0x0000000780c80000, 0x00000007c0000000)
  eden space 251904K, 100% used [0x000000076ab00000,0x000000077a100000,0x000000077a100000)
  from space 52736K, 11% used [0x000000077a100000,0x000000077a6de070,0x000000077d480000)
  to   space 52224K, 0% used [0x000000077d980000,0x000000077d980000,0x0000000780c80000)
 ParOldGen       total 538112K, used 101833K [0x00000006c0000000, 0x00000006e0d80000, 0x000000076ab00000)
  object space 538112K, 18% used [0x00000006c0000000,0x00000006c6372730,0x00000006e0d80000)
 Metaspace       used 97738K, capacity 106008K, committed 106200K, reserved 1140736K
  class space    used 11825K, capacity 14011K, committed 14080K, reserved 1048576K
Event: 485.103 GC heap after
Heap after GC invocations=28 (full 4):
 PSYoungGen      total 309760K, used 11177K [0x000000076ab00000, 0x0000000780b00000, 0x00000007c0000000)
  eden space 259072K, 0% used [0x000000076ab00000,0x000000076ab00000,0x000000077a800000)
  from space 50688K, 22% used [0x000000077d980000,0x000000077e46a5a8,0x0000000780b00000)
  to   space 50688K, 0% used [0x000000077a800000,0x000000077a800000,0x000000077d980000)
 ParOldGen       total 538112K, used 101841K [0x00000006c0000000, 0x00000006e0d80000, 0x000000076ab00000)
  object space 538112K, 18% used [0x00000006c0000000,0x00000006c6374730,0x00000006e0d80000)
 Metaspace       used 97738K, capacity 106008K, committed 106200K, reserved 1140736K
  class space    used 11825K, capacity 14011K, committed 14080K, reserved 1048576K
}
Event: 490.626 GC heap before
{Heap before GC invocations=29 (full 4):
 PSYoungGen      total 309760K, used 270249K [0x000000076ab00000, 0x0000000780b00000, 0x00000007c0000000)
  eden space 259072K, 100% used [0x000000076ab00000,0x000000077a800000,0x000000077a800000)
  from space 50688K, 22% used [0x000000077d980000,0x000000077e46a5a8,0x0000000780b00000)
  to   space 50688K, 0% used [0x000000077a800000,0x000000077a800000,0x000000077d980000)
 ParOldGen       total 538112K, used 101841K [0x00000006c0000000, 0x00000006e0d80000, 0x000000076ab00000)
  object space 538112K, 18% used [0x00000006c0000000,0x00000006c6374730,0x00000006e0d80000)
 Metaspace       used 98033K, capacity 106356K, committed 106456K, reserved 1142784K
  class space    used 11859K, capacity 14061K, committed 14080K, reserved 1048576K
Event: 490.639 GC heap after
Heap after GC invocations=29 (full 4):
 PSYoungGen      total 309760K, used 12597K [0x000000076ab00000, 0x0000000780c80000, 0x00000007c0000000)
  eden space 259072K, 0% used [0x000000076ab00000,0x000000076ab00000,0x000000077a800000)
  from space 50688K, 24% used [0x000000077a800000,0x000000077b44d698,0x000000077d980000)
  to   space 48640K, 0% used [0x000000077dd00000,0x000000077dd00000,0x0000000780c80000)
 ParOldGen       total 538112K, used 101849K [0x00000006c0000000, 0x00000006e0d80000, 0x000000076ab00000)
  object space 538112K, 18% used [0x00000006c0000000,0x00000006c6376730,0x00000006e0d80000)
 Metaspace       used 98033K, capacity 106356K, committed 106456K, reserved 1142784K
  class space    used 11859K, capacity 14061K, committed 14080K, reserved 1048576K
}

