# JRE version: Java(TM) SE Runtime Environment (8.0_144-b01) (build 1.8.0_144-b01)
# Java VM: Java HotSpot(TM) 64-Bit Server VM (25.144-b01 mixed mode bsd-amd64 compressed oops)
Heap:
 PSYoungGen      total 352256K, used 149113K [0x000000076ab00000, 0x0000000784b80000, 0x00000007c0000000)
  eden space 280064K, 47% used [0x000000076ab00000,0x0000000772d575b0,0x000000077bc80000)
  from space 72192K, 21% used [0x000000077bc80000,0x000000077cbc7238,0x0000000780300000)
  to   space 69632K, 0% used [0x0000000780780000,0x0000000780780000,0x0000000784b80000)
 ParOldGen       total 513536K, used 101399K [0x00000006c0000000, 0x00000006df580000, 0x000000076ab00000)
  object space 513536K, 19% used [0x00000006c0000000,0x00000006c6305cb0,0x00000006df580000)
 Metaspace       used 98648K, capacity 106830K, committed 107032K, reserved 1142784K
  class space    used 12005K, capacity 14267K, committed 14376K, reserved 1048576K
GC Heap History (10 events):
Event: 273.605 GC heap before
{Heap before GC invocations=27 (full 4):
 PSYoungGen      total 336896K, used 276905K [0x000000076ab00000, 0x0000000784b00000, 0x00000007c0000000)
  eden space 266752K, 100% used [0x000000076ab00000,0x000000077af80000,0x000000077af80000)
  from space 70144K, 14% used [0x000000077f600000,0x000000077ffea6c0,0x0000000783a80000)
  to   space 72192K, 0% used [0x000000077af80000,0x000000077af80000,0x000000077f600000)
 ParOldGen       total 513536K, used 101359K [0x00000006c0000000, 0x00000006df580000, 0x000000076ab00000)
  object space 513536K, 19% used [0x00000006c0000000,0x00000006c62fbcb0,0x00000006df580000)
 Metaspace       used 95667K, capacity 103972K, committed 104088K, reserved 1138688K
  class space    used 11672K, capacity 13893K, committed 13992K, reserved 1048576K
Event: 273.619 GC heap after
Heap after GC invocations=27 (full 4):
 PSYoungGen      total 338944K, used 7703K [0x000000076ab00000, 0x0000000784980000, 0x00000007c0000000)
  eden space 266752K, 0% used [0x000000076ab00000,0x000000076ab00000,0x000000077af80000)
  from space 72192K, 10% used [0x000000077af80000,0x000000077b705ec0,0x000000077f600000)
  to   space 73728K, 0% used [0x0000000780180000,0x0000000780180000,0x0000000784980000)
 ParOldGen       total 513536K, used 101367K [0x00000006c0000000, 0x00000006df580000, 0x000000076ab00000)
  object space 513536K, 19% used [0x00000006c0000000,0x00000006c62fdcb0,0x00000006df580000)
 Metaspace       used 95667K, capacity 103972K, committed 104088K, reserved 1138688K
  class space    used 11672K, capacity 13893K, committed 13992K, reserved 1048576K
}
Event: 370.945 GC heap before
{Heap before GC invocations=28 (full 4):
 PSYoungGen      total 338944K, used 274455K [0x000000076ab00000, 0x0000000784980000, 0x00000007c0000000)
  eden space 266752K, 100% used [0x000000076ab00000,0x000000077af80000,0x000000077af80000)
  from space 72192K, 10% used [0x000000077af80000,0x000000077b705ec0,0x000000077f600000)
  to   space 73728K, 0% used [0x0000000780180000,0x0000000780180000,0x0000000784980000)
 ParOldGen       total 513536K, used 101367K [0x00000006c0000000, 0x00000006df580000, 0x000000076ab00000)
  object space 513536K, 19% used [0x00000006c0000000,0x00000006c62fdcb0,0x00000006df580000)
 Metaspace       used 96350K, capacity 104474K, committed 104600K, reserved 1140736K
  class space    used 11721K, capacity 13928K, committed 13992K, reserved 1048576K
Event: 370.953 GC heap after
Heap after GC invocations=28 (full 4):
 PSYoungGen      total 347648K, used 7680K [0x000000076ab00000, 0x0000000784900000, 0x00000007c0000000)
  eden space 274432K, 0% used [0x000000076ab00000,0x000000076ab00000,0x000000077b700000)
  from space 73216K, 10% used [0x0000000780180000,0x00000007809001c8,0x0000000784900000)
  to   space 74752K, 0% used [0x000000077b700000,0x000000077b700000,0x0000000780000000)
 ParOldGen       total 513536K, used 101375K [0x00000006c0000000, 0x00000006df580000, 0x000000076ab00000)
  object space 513536K, 19% used [0x00000006c0000000,0x00000006c62ffcb0,0x00000006df580000)
 Metaspace       used 96350K, capacity 104474K, committed 104600K, reserved 1140736K
  class space    used 11721K, capacity 13928K, committed 13992K, reserved 1048576K
}
Event: 441.294 GC heap before
{Heap before GC invocations=29 (full 4):
 PSYoungGen      total 347648K, used 282112K [0x000000076ab00000, 0x0000000784900000, 0x00000007c0000000)
  eden space 274432K, 100% used [0x000000076ab00000,0x000000077b700000,0x000000077b700000)
  from space 73216K, 10% used [0x0000000780180000,0x00000007809001c8,0x0000000784900000)
  to   space 74752K, 0% used [0x000000077b700000,0x000000077b700000,0x0000000780000000)
 ParOldGen       total 513536K, used 101375K [0x00000006c0000000, 0x00000006df580000, 0x000000076ab00000)
  object space 513536K, 19% used [0x00000006c0000000,0x00000006c62ffcb0,0x00000006df580000)
 Metaspace       used 97268K, capacity 105524K, committed 105752K, reserved 1140736K
  class space    used 11822K, capacity 14077K, committed 14120K, reserved 1048576K
Event: 441.305 GC heap after
Heap after GC invocations=29 (full 4):
 PSYoungGen      total 349184K, used 9834K [0x000000076ab00000, 0x0000000784d00000, 0x00000007c0000000)
  eden space 274432K, 0% used [0x000000076ab00000,0x000000076ab00000,0x000000077b700000)
  from space 74752K, 13% used [0x000000077b700000,0x000000077c09aae8,0x0000000780000000)
  to   space 74240K, 0% used [0x0000000780480000,0x0000000780480000,0x0000000784d00000)
 ParOldGen       total 513536K, used 101383K [0x00000006c0000000, 0x00000006df580000, 0x000000076ab00000)
  object space 513536K, 19% used [0x00000006c0000000,0x00000006c6301cb0,0x00000006df580000)
 Metaspace       used 97268K, capacity 105524K, committed 105752K, reserved 1140736K
  class space    used 11822K, capacity 14077K, committed 14120K, reserved 1048576K
}
Event: 449.554 GC heap before
{Heap before GC invocations=30 (full 4):
 PSYoungGen      total 349184K, used 284266K [0x000000076ab00000, 0x0000000784d00000, 0x00000007c0000000)
  eden space 274432K, 100% used [0x000000076ab00000,0x000000077b700000,0x000000077b700000)
  from space 74752K, 13% used [0x000000077b700000,0x000000077c09aae8,0x0000000780000000)
  to   space 74240K, 0% used [0x0000000780480000,0x0000000780480000,0x0000000784d00000)
 ParOldGen       total 513536K, used 101383K [0x00000006c0000000, 0x00000006df580000, 0x000000076ab00000)
  object space 513536K, 19% used [0x00000006c0000000,0x00000006c6301cb0,0x00000006df580000)
 Metaspace       used 98191K, capacity 106388K, committed 106648K, reserved 1142784K
  class space    used 11968K, capacity 14186K, committed 14248K, reserved 1048576K
Event: 449.574 GC heap after
Heap after GC invocations=30 (full 4):
 PSYoungGen      total 350720K, used 15521K [0x000000076ab00000, 0x0000000784980000, 0x00000007c0000000)
  eden space 280064K, 0% used [0x000000076ab00000,0x000000076ab00000,0x000000077bc80000)
  from space 70656K, 21% used [0x0000000780480000,0x00000007813a87f8,0x0000000784980000)
  to   space 72192K, 0% used [0x000000077bc80000,0x000000077bc80000,0x0000000780300000)
 ParOldGen       total 513536K, used 101391K [0x00000006c0000000, 0x00000006df580000, 0x000000076ab00000)
  object space 513536K, 19% used [0x00000006c0000000,0x00000006c6303cb0,0x00000006df580000)
 Metaspace       used 98191K, capacity 106388K, committed 106648K, reserved 1142784K
  class space    used 11968K, capacity 14186K, committed 14248K, reserved 1048576K
}
Event: 455.151 GC heap before
{Heap before GC invocations=31 (full 4):
 PSYoungGen      total 350720K, used 294763K [0x000000076ab00000, 0x0000000784980000, 0x00000007c0000000)
  eden space 280064K, 99% used [0x000000076ab00000,0x000000077bbb25f8,0x000000077bc80000)
  from space 70656K, 21% used [0x0000000780480000,0x00000007813a87f8,0x0000000784980000)
  to   space 72192K, 0% used [0x000000077bc80000,0x000000077bc80000,0x0000000780300000)
 ParOldGen       total 513536K, used 101391K [0x00000006c0000000, 0x00000006df580000, 0x000000076ab00000)
  object space 513536K, 19% used [0x00000006c0000000,0x00000006c6303cb0,0x00000006df580000)
 Metaspace       used 98523K, capacity 106762K, committed 107032K, reserved 1142784K
  class space    used 12002K, capacity 14267K, committed 14376K, reserved 1048576K
Event: 455.168 GC heap after
Heap after GC invocations=31 (full 4):
 PSYoungGen      total 352256K, used 15644K [0x000000076ab00000, 0x0000000784b80000, 0x00000007c0000000)
  eden space 280064K, 0% used [0x000000076ab00000,0x000000076ab00000,0x000000077bc80000)
  from space 72192K, 21% used [0x000000077bc80000,0x000000077cbc7238,0x0000000780300000)
  to   space 69632K, 0% used [0x0000000780780000,0x0000000780780000,0x0000000784b80000)
 ParOldGen       total 513536K, used 101399K [0x00000006c0000000, 0x00000006df580000, 0x000000076ab00000)
  object space 513536K, 19% used [0x00000006c0000000,0x00000006c6305cb0,0x00000006df580000)
 Metaspace       used 98523K, capacity 106762K, committed 107032K, reserved 1142784K
  class space    used 12002K, capacity 14267K, committed 14376K, reserved 1048576K
}

