# JRE version: Java(TM) SE Runtime Environment (8.0_144-b01) (build 1.8.0_144-b01)
# Java VM: Java HotSpot(TM) 64-Bit Server VM (25.144-b01 mixed mode bsd-amd64 compressed oops)
Heap:
 PSYoungGen      total 90624K, used 11363K [0x000000076ab00000, 0x0000000771200000, 0x00000007c0000000)
  eden space 77824K, 4% used [0x000000076ab00000,0x000000076aec4c90,0x000000076f700000)
  from space 12800K, 58% used [0x0000000770580000,0x0000000770cd41f8,0x0000000771200000)
  to   space 13824K, 0% used [0x000000076f700000,0x000000076f700000,0x0000000770480000)
 ParOldGen       total 485888K, used 250538K [0x00000006c0000000, 0x00000006dda80000, 0x000000076ab00000)
  object space 485888K, 51% used [0x00000006c0000000,0x00000006cf4aa848,0x00000006dda80000)
 Metaspace       used 109206K, capacity 118112K, committed 118400K, reserved 1153024K
  class space    used 12713K, capacity 15166K, committed 15232K, reserved 1048576K
GC Heap History (10 events):
Event: 4483.140 GC heap before
{Heap before GC invocations=294 (full 4):
 PSYoungGen      total 79872K, used 72679K [0x000000076ab00000, 0x0000000770d00000, 0x00000007c0000000)
  eden space 64000K, 100% used [0x000000076ab00000,0x000000076e980000,0x000000076e980000)
  from space 15872K, 54% used [0x000000076e980000,0x000000076f1f9c88,0x000000076f900000)
  to   space 15360K, 0% used [0x000000076fe00000,0x000000076fe00000,0x0000000770d00000)
 ParOldGen       total 485888K, used 250226K [0x00000006c0000000, 0x00000006dda80000, 0x000000076ab00000)
  object space 485888K, 51% used [0x00000006c0000000,0x00000006cf45c848,0x00000006dda80000)
 Metaspace       used 109178K, capacity 118048K, committed 118400K, reserved 1153024K
  class space    used 12713K, capacity 15166K, committed 15232K, reserved 1048576K
Event: 4483.147 GC heap after
Heap after GC invocations=294 (full 4):
 PSYoungGen      total 82944K, used 7175K [0x000000076ab00000, 0x0000000770b80000, 0x00000007c0000000)
  eden space 69120K, 0% used [0x000000076ab00000,0x000000076ab00000,0x000000076ee80000)
  from space 13824K, 51% used [0x000000076fe00000,0x0000000770501c78,0x0000000770b80000)
  to   space 14848K, 0% used [0x000000076ee80000,0x000000076ee80000,0x000000076fd00000)
 ParOldGen       total 485888K, used 250242K [0x00000006c0000000, 0x00000006dda80000, 0x000000076ab00000)
  object space 485888K, 51% used [0x00000006c0000000,0x00000006cf460848,0x00000006dda80000)
 Metaspace       used 109178K, capacity 118048K, committed 118400K, reserved 1153024K
  class space    used 12713K, capacity 15166K, committed 15232K, reserved 1048576K
}
Event: 4487.864 GC heap before
{Heap before GC invocations=295 (full 4):
 PSYoungGen      total 82944K, used 76295K [0x000000076ab00000, 0x0000000770b80000, 0x00000007c0000000)
  eden space 69120K, 100% used [0x000000076ab00000,0x000000076ee80000,0x000000076ee80000)
  from space 13824K, 51% used [0x000000076fe00000,0x0000000770501c78,0x0000000770b80000)
  to   space 14848K, 0% used [0x000000076ee80000,0x000000076ee80000,0x000000076fd00000)
 ParOldGen       total 485888K, used 250242K [0x00000006c0000000, 0x00000006dda80000, 0x000000076ab00000)
  object space 485888K, 51% used [0x00000006c0000000,0x00000006cf460848,0x00000006dda80000)
 Metaspace       used 109180K, capacity 118048K, committed 118400K, reserved 1153024K
  class space    used 12713K, capacity 15166K, committed 15232K, reserved 1048576K
Event: 4487.870 GC heap after
Heap after GC invocations=295 (full 4):
 PSYoungGen      total 83968K, used 8600K [0x000000076ab00000, 0x0000000770f00000, 0x00000007c0000000)
  eden space 69120K, 0% used [0x000000076ab00000,0x000000076ab00000,0x000000076ee80000)
  from space 14848K, 57% used [0x000000076ee80000,0x000000076f6e61a0,0x000000076fd00000)
  to   space 14336K, 0% used [0x0000000770100000,0x0000000770100000,0x0000000770f00000)
 ParOldGen       total 485888K, used 250322K [0x00000006c0000000, 0x00000006dda80000, 0x000000076ab00000)
  object space 485888K, 51% used [0x00000006c0000000,0x00000006cf474848,0x00000006dda80000)
 Metaspace       used 109180K, capacity 118048K, committed 118400K, reserved 1153024K
  class space    used 12713K, capacity 15166K, committed 15232K, reserved 1048576K
}
Event: 4488.291 GC heap before
{Heap before GC invocations=296 (full 4):
 PSYoungGen      total 83968K, used 77720K [0x000000076ab00000, 0x0000000770f00000, 0x00000007c0000000)
  eden space 69120K, 100% used [0x000000076ab00000,0x000000076ee80000,0x000000076ee80000)
  from space 14848K, 57% used [0x000000076ee80000,0x000000076f6e61a0,0x000000076fd00000)
  to   space 14336K, 0% used [0x0000000770100000,0x0000000770100000,0x0000000770f00000)
 ParOldGen       total 485888K, used 250322K [0x00000006c0000000, 0x00000006dda80000, 0x000000076ab00000)
  object space 485888K, 51% used [0x00000006c0000000,0x00000006cf474848,0x00000006dda80000)
 Metaspace       used 109180K, capacity 118048K, committed 118400K, reserved 1153024K
  class space    used 12713K, capacity 15166K, committed 15232K, reserved 1048576K
Event: 4488.297 GC heap after
Heap after GC invocations=296 (full 4):
 PSYoungGen      total 88064K, used 8642K [0x000000076ab00000, 0x0000000770f00000, 0x00000007c0000000)
  eden space 73728K, 0% used [0x000000076ab00000,0x000000076ab00000,0x000000076f300000)
  from space 14336K, 60% used [0x0000000770100000,0x00000007709708d0,0x0000000770f00000)
  to   space 14336K, 0% used [0x000000076f300000,0x000000076f300000,0x0000000770100000)
 ParOldGen       total 485888K, used 250490K [0x00000006c0000000, 0x00000006dda80000, 0x000000076ab00000)
  object space 485888K, 51% used [0x00000006c0000000,0x00000006cf49e848,0x00000006dda80000)
 Metaspace       used 109180K, capacity 118048K, committed 118400K, reserved 1153024K
  class space    used 12713K, capacity 15166K, committed 15232K, reserved 1048576K
}
Event: 4490.534 GC heap before
{Heap before GC invocations=297 (full 4):
 PSYoungGen      total 88064K, used 82305K [0x000000076ab00000, 0x0000000770f00000, 0x00000007c0000000)
  eden space 73728K, 99% used [0x000000076ab00000,0x000000076f2efd70,0x000000076f300000)
  from space 14336K, 60% used [0x0000000770100000,0x00000007709708d0,0x0000000770f00000)
  to   space 14336K, 0% used [0x000000076f300000,0x000000076f300000,0x0000000770100000)
 ParOldGen       total 485888K, used 250490K [0x00000006c0000000, 0x00000006dda80000, 0x000000076ab00000)
  object space 485888K, 51% used [0x00000006c0000000,0x00000006cf49e848,0x00000006dda80000)
 Metaspace       used 109182K, capacity 118048K, committed 118400K, reserved 1153024K
  class space    used 12713K, capacity 15166K, committed 15232K, reserved 1048576K
Event: 4490.559 GC heap after
Heap after GC invocations=297 (full 4):
 PSYoungGen      total 88064K, used 9291K [0x000000076ab00000, 0x0000000771380000, 0x00000007c0000000)
  eden space 73728K, 0% used [0x000000076ab00000,0x000000076ab00000,0x000000076f300000)
  from space 14336K, 64% used [0x000000076f300000,0x000000076fc12f38,0x0000000770100000)
  to   space 14336K, 0% used [0x0000000770580000,0x0000000770580000,0x0000000771380000)
 ParOldGen       total 485888K, used 250514K [0x00000006c0000000, 0x00000006dda80000, 0x000000076ab00000)
  object space 485888K, 51% used [0x00000006c0000000,0x00000006cf4a4848,0x00000006dda80000)
 Metaspace       used 109182K, capacity 118048K, committed 118400K, reserved 1153024K
  class space    used 12713K, capacity 15166K, committed 15232K, reserved 1048576K
}
Event: 4496.022 GC heap before
{Heap before GC invocations=298 (full 4):
 PSYoungGen      total 88064K, used 83019K [0x000000076ab00000, 0x0000000771380000, 0x00000007c0000000)
  eden space 73728K, 100% used [0x000000076ab00000,0x000000076f300000,0x000000076f300000)
  from space 14336K, 64% used [0x000000076f300000,0x000000076fc12f38,0x0000000770100000)
  to   space 14336K, 0% used [0x0000000770580000,0x0000000770580000,0x0000000771380000)
 ParOldGen       total 485888K, used 250514K [0x00000006c0000000, 0x00000006dda80000, 0x000000076ab00000)
  object space 485888K, 51% used [0x00000006c0000000,0x00000006cf4a4848,0x00000006dda80000)
 Metaspace       used 109206K, capacity 118112K, committed 118400K, reserved 1153024K
  class space    used 12713K, capacity 15166K, committed 15232K, reserved 1048576K
Event: 4496.040 GC heap after
Heap after GC invocations=298 (full 4):
 PSYoungGen      total 90624K, used 7504K [0x000000076ab00000, 0x0000000771200000, 0x00000007c0000000)
  eden space 77824K, 0% used [0x000000076ab00000,0x000000076ab00000,0x000000076f700000)
  from space 12800K, 58% used [0x0000000770580000,0x0000000770cd41f8,0x0000000771200000)
  to   space 13824K, 0% used [0x000000076f700000,0x000000076f700000,0x0000000770480000)
 ParOldGen       total 485888K, used 250538K [0x00000006c0000000, 0x00000006dda80000, 0x000000076ab00000)
  object space 485888K, 51% used [0x00000006c0000000,0x00000006cf4aa848,0x00000006dda80000)
 Metaspace       used 109206K, capacity 118112K, committed 118400K, reserved 1153024K
  class space    used 12713K, capacity 15166K, committed 15232K, reserved 1048576K
}

