# JRE version: Java(TM) SE Runtime Environment (8.0_144-b01) (build 1.8.0_144-b01)
# Java VM: Java HotSpot(TM) 64-Bit Server VM (25.144-b01 mixed mode bsd-amd64 compressed oops)
Heap:
 PSYoungGen      total 402944K, used 333436K [0x000000076ab00000, 0x0000000785980000, 0x00000007c0000000)
  eden space 373248K, 85% used [0x000000076ab00000,0x000000077e251c50,0x0000000781780000)
  from space 29696K, 49% used [0x0000000783c80000,0x0000000784acd480,0x0000000785980000)
  to   space 33792K, 0% used [0x0000000781780000,0x0000000781780000,0x0000000783880000)
 ParOldGen       total 368128K, used 106716K [0x00000006c0000000, 0x00000006d6780000, 0x000000076ab00000)
  object space 368128K, 28% used [0x00000006c0000000,0x00000006c6837208,0x00000006d6780000)
 Metaspace       used 101933K, capacity 110400K, committed 110528K, reserved 1144832K
  class space    used 12426K, capacity 14747K, committed 14824K, reserved 1048576K
GC Heap History (10 events):
Event: 605.502 GC heap before
{Heap before GC invocations=24 (full 4):
 PSYoungGen      total 369152K, used 332863K [0x000000076ab00000, 0x0000000785680000, 0x00000007c0000000)
  eden space 326144K, 100% used [0x000000076ab00000,0x000000077e980000,0x000000077e980000)
  from space 43008K, 15% used [0x000000077e980000,0x000000077f00fe98,0x0000000781380000)
  to   space 41984K, 0% used [0x0000000782d80000,0x0000000782d80000,0x0000000785680000)
 ParOldGen       total 368128K, used 106684K [0x00000006c0000000, 0x00000006d6780000, 0x000000076ab00000)
  object space 368128K, 28% used [0x00000006c0000000,0x00000006c682f208,0x00000006d6780000)
 Metaspace       used 96916K, capacity 104930K, committed 105280K, reserved 1140736K
  class space    used 11928K, capacity 14133K, committed 14184K, reserved 1048576K
Event: 605.518 GC heap after
Heap after GC invocations=24 (full 4):
 PSYoungGen      total 382464K, used 7549K [0x000000076ab00000, 0x0000000784f00000, 0x00000007c0000000)
  eden space 348160K, 0% used [0x000000076ab00000,0x000000076ab00000,0x000000077ff00000)
  from space 34304K, 22% used [0x0000000782d80000,0x00000007834df550,0x0000000784f00000)
  to   space 40960K, 0% used [0x000000077ff00000,0x000000077ff00000,0x0000000782700000)
 ParOldGen       total 368128K, used 106692K [0x00000006c0000000, 0x00000006d6780000, 0x000000076ab00000)
  object space 368128K, 28% used [0x00000006c0000000,0x00000006c6831208,0x00000006d6780000)
 Metaspace       used 96916K, capacity 104930K, committed 105280K, reserved 1140736K
  class space    used 11928K, capacity 14133K, committed 14184K, reserved 1048576K
}
Event: 670.570 GC heap before
{Heap before GC invocations=25 (full 4):
 PSYoungGen      total 382464K, used 355709K [0x000000076ab00000, 0x0000000784f00000, 0x00000007c0000000)
  eden space 348160K, 100% used [0x000000076ab00000,0x000000077ff00000,0x000000077ff00000)
  from space 34304K, 22% used [0x0000000782d80000,0x00000007834df550,0x0000000784f00000)
  to   space 40960K, 0% used [0x000000077ff00000,0x000000077ff00000,0x0000000782700000)
 ParOldGen       total 368128K, used 106692K [0x00000006c0000000, 0x00000006d6780000, 0x000000076ab00000)
  object space 368128K, 28% used [0x00000006c0000000,0x00000006c6831208,0x00000006d6780000)
 Metaspace       used 99635K, capacity 107946K, committed 108224K, reserved 1142784K
  class space    used 12241K, capacity 14526K, committed 14568K, reserved 1048576K
Event: 670.586 GC heap after
Heap after GC invocations=25 (full 4):
 PSYoungGen      total 389120K, used 9593K [0x000000076ab00000, 0x0000000785d80000, 0x00000007c0000000)
  eden space 348160K, 0% used [0x000000076ab00000,0x000000076ab00000,0x000000077ff00000)
  from space 40960K, 23% used [0x000000077ff00000,0x000000078085e6f8,0x0000000782700000)
  to   space 38912K, 0% used [0x0000000783780000,0x0000000783780000,0x0000000785d80000)
 ParOldGen       total 368128K, used 106700K [0x00000006c0000000, 0x00000006d6780000, 0x000000076ab00000)
  object space 368128K, 28% used [0x00000006c0000000,0x00000006c6833208,0x00000006d6780000)
 Metaspace       used 99635K, capacity 107946K, committed 108224K, reserved 1142784K
  class space    used 12241K, capacity 14526K, committed 14568K, reserved 1048576K
}
Event: 759.933 GC heap before
{Heap before GC invocations=26 (full 4):
 PSYoungGen      total 389120K, used 357753K [0x000000076ab00000, 0x0000000785d80000, 0x00000007c0000000)
  eden space 348160K, 100% used [0x000000076ab00000,0x000000077ff00000,0x000000077ff00000)
  from space 40960K, 23% used [0x000000077ff00000,0x000000078085e6f8,0x0000000782700000)
  to   space 38912K, 0% used [0x0000000783780000,0x0000000783780000,0x0000000785d80000)
 ParOldGen       total 368128K, used 106700K [0x00000006c0000000, 0x00000006d6780000, 0x000000076ab00000)
  object space 368128K, 28% used [0x00000006c0000000,0x00000006c6833208,0x00000006d6780000)
 Metaspace       used 100479K, capacity 108860K, committed 109120K, reserved 1144832K
  class space    used 12296K, capacity 14607K, committed 14696K, reserved 1048576K
Event: 759.957 GC heap after
Heap after GC invocations=26 (full 4):
 PSYoungGen      total 394752K, used 11896K [0x000000076ab00000, 0x0000000785600000, 0x00000007c0000000)
  eden space 363520K, 0% used [0x000000076ab00000,0x000000076ab00000,0x0000000780e00000)
  from space 31232K, 38% used [0x0000000783780000,0x000000078431e280,0x0000000785600000)
  to   space 36864K, 0% used [0x0000000780e00000,0x0000000780e00000,0x0000000783200000)
 ParOldGen       total 368128K, used 106700K [0x00000006c0000000, 0x00000006d6780000, 0x000000076ab00000)
  object space 368128K, 28% used [0x00000006c0000000,0x00000006c6833208,0x00000006d6780000)
 Metaspace       used 100479K, capacity 108860K, committed 109120K, reserved 1144832K
  class space    used 12296K, capacity 14607K, committed 14696K, reserved 1048576K
}
Event: 896.632 GC heap before
{Heap before GC invocations=27 (full 4):
 PSYoungGen      total 394752K, used 375416K [0x000000076ab00000, 0x0000000785600000, 0x00000007c0000000)
  eden space 363520K, 100% used [0x000000076ab00000,0x0000000780e00000,0x0000000780e00000)
  from space 31232K, 38% used [0x0000000783780000,0x000000078431e280,0x0000000785600000)
  to   space 36864K, 0% used [0x0000000780e00000,0x0000000780e00000,0x0000000783200000)
 ParOldGen       total 368128K, used 106700K [0x00000006c0000000, 0x00000006d6780000, 0x000000076ab00000)
  object space 368128K, 28% used [0x00000006c0000000,0x00000006c6833208,0x00000006d6780000)
 Metaspace       used 100934K, capacity 109492K, committed 109760K, reserved 1144832K
  class space    used 12349K, capacity 14707K, committed 14824K, reserved 1048576K
Event: 896.649 GC heap after
Heap after GC invocations=27 (full 4):
 PSYoungGen      total 400384K, used 9180K [0x000000076ab00000, 0x0000000785f00000, 0x00000007c0000000)
  eden space 363520K, 0% used [0x000000076ab00000,0x000000076ab00000,0x0000000780e00000)
  from space 36864K, 24% used [0x0000000780e00000,0x00000007816f70f8,0x0000000783200000)
  to   space 35328K, 0% used [0x0000000783c80000,0x0000000783c80000,0x0000000785f00000)
 ParOldGen       total 368128K, used 106708K [0x00000006c0000000, 0x00000006d6780000, 0x000000076ab00000)
  object space 368128K, 28% used [0x00000006c0000000,0x00000006c6835208,0x00000006d6780000)
 Metaspace       used 100934K, capacity 109492K, committed 109760K, reserved 1144832K
  class space    used 12349K, capacity 14707K, committed 14824K, reserved 1048576K
}
Event: 975.133 GC heap before
{Heap before GC invocations=28 (full 4):
 PSYoungGen      total 400384K, used 372700K [0x000000076ab00000, 0x0000000785f00000, 0x00000007c0000000)
  eden space 363520K, 100% used [0x000000076ab00000,0x0000000780e00000,0x0000000780e00000)
  from space 36864K, 24% used [0x0000000780e00000,0x00000007816f70f8,0x0000000783200000)
  to   space 35328K, 0% used [0x0000000783c80000,0x0000000783c80000,0x0000000785f00000)
 ParOldGen       total 368128K, used 106708K [0x00000006c0000000, 0x00000006d6780000, 0x000000076ab00000)
  object space 368128K, 28% used [0x00000006c0000000,0x00000006c6835208,0x00000006d6780000)
 Metaspace       used 101737K, capacity 110272K, committed 110528K, reserved 1144832K
  class space    used 12425K, capacity 14747K, committed 14824K, reserved 1048576K
Event: 975.150 GC heap after
Heap after GC invocations=28 (full 4):
 PSYoungGen      total 402944K, used 14645K [0x000000076ab00000, 0x0000000785980000, 0x00000007c0000000)
  eden space 373248K, 0% used [0x000000076ab00000,0x000000076ab00000,0x0000000781780000)
  from space 29696K, 49% used [0x0000000783c80000,0x0000000784acd480,0x0000000785980000)
  to   space 33792K, 0% used [0x0000000781780000,0x0000000781780000,0x0000000783880000)
 ParOldGen       total 368128K, used 106716K [0x00000006c0000000, 0x00000006d6780000, 0x000000076ab00000)
  object space 368128K, 28% used [0x00000006c0000000,0x00000006c6837208,0x00000006d6780000)
 Metaspace       used 101737K, capacity 110272K, committed 110528K, reserved 1144832K
  class space    used 12425K, capacity 14747K, committed 14824K, reserved 1048576K
}

