# JRE version: Java(TM) SE Runtime Environment (8.0_144-b01) (build 1.8.0_144-b01)
# Java VM: Java HotSpot(TM) 64-Bit Server VM (25.144-b01 mixed mode bsd-amd64 compressed oops)
Heap:
 PSYoungGen      total 459264K, used 408535K [0x000000076ab00000, 0x000000078b680000, 0x00000007c0000000)
  eden space 392704K, 98% used [0x000000076ab00000,0x0000000782408210,0x0000000782a80000)
  from space 66560K, 33% used [0x0000000782a80000,0x000000078406dc30,0x0000000786b80000)
  to   space 62464K, 0% used [0x0000000787980000,0x0000000787980000,0x000000078b680000)
 ParOldGen       total 382976K, used 110518K [0x00000006c0000000, 0x00000006d7600000, 0x000000076ab00000)
  object space 382976K, 28% used [0x00000006c0000000,0x00000006c6bedb48,0x00000006d7600000)
 Metaspace       used 100599K, capacity 108704K, committed 109096K, reserved 1144832K
  class space    used 12076K, capacity 14274K, committed 14384K, reserved 1048576K
GC Heap History (10 events):
Event: 521.235 GC heap before
{Heap before GC invocations=31 (full 4):
 PSYoungGen      total 408064K, used 353412K [0x000000076ab00000, 0x0000000788b00000, 0x00000007c0000000)
  eden space 339968K, 100% used [0x000000076ab00000,0x000000077f700000,0x000000077f700000)
  from space 68096K, 19% used [0x0000000784880000,0x00000007855a1190,0x0000000788b00000)
  to   space 75776K, 0% used [0x000000077f700000,0x000000077f700000,0x0000000784100000)
 ParOldGen       total 382976K, used 110494K [0x00000006c0000000, 0x00000006d7600000, 0x000000076ab00000)
  object space 382976K, 28% used [0x00000006c0000000,0x00000006c6be7b48,0x00000006d7600000)
 Metaspace       used 93091K, capacity 100848K, committed 100904K, reserved 1136640K
  class space    used 11243K, capacity 13346K, committed 13360K, reserved 1048576K
Event: 521.242 GC heap after
Heap after GC invocations=31 (full 4):
 PSYoungGen      total 415744K, used 13455K [0x000000076ab00000, 0x000000078ac80000, 0x00000007c0000000)
  eden space 339968K, 0% used [0x000000076ab00000,0x000000076ab00000,0x000000077f700000)
  from space 75776K, 17% used [0x000000077f700000,0x0000000780423c30,0x0000000784100000)
  to   space 74240K, 0% used [0x0000000786400000,0x0000000786400000,0x000000078ac80000)
 ParOldGen       total 382976K, used 110494K [0x00000006c0000000, 0x00000006d7600000, 0x000000076ab00000)
  object space 382976K, 28% used [0x00000006c0000000,0x00000006c6be7b48,0x00000006d7600000)
 Metaspace       used 93091K, capacity 100848K, committed 100904K, reserved 1136640K
  class space    used 11243K, capacity 13346K, committed 13360K, reserved 1048576K
}
Event: 568.543 GC heap before
{Heap before GC invocations=32 (full 4):
 PSYoungGen      total 415744K, used 353423K [0x000000076ab00000, 0x000000078ac80000, 0x00000007c0000000)
  eden space 339968K, 100% used [0x000000076ab00000,0x000000077f700000,0x000000077f700000)
  from space 75776K, 17% used [0x000000077f700000,0x0000000780423c30,0x0000000784100000)
  to   space 74240K, 0% used [0x0000000786400000,0x0000000786400000,0x000000078ac80000)
 ParOldGen       total 382976K, used 110494K [0x00000006c0000000, 0x00000006d7600000, 0x000000076ab00000)
  object space 382976K, 28% used [0x00000006c0000000,0x00000006c6be7b48,0x00000006d7600000)
 Metaspace       used 93236K, capacity 100854K, committed 100904K, reserved 1136640K
  class space    used 11246K, capacity 13347K, committed 13360K, reserved 1048576K
Event: 568.558 GC heap after
Heap after GC invocations=32 (full 4):
 PSYoungGen      total 432128K, used 17473K [0x000000076ab00000, 0x000000078a000000, 0x00000007c0000000)
  eden space 370688K, 0% used [0x000000076ab00000,0x000000076ab00000,0x0000000781500000)
  from space 61440K, 28% used [0x0000000786400000,0x00000007875106c8,0x000000078a000000)
  to   space 71168K, 0% used [0x0000000781500000,0x0000000781500000,0x0000000785a80000)
 ParOldGen       total 382976K, used 110502K [0x00000006c0000000, 0x00000006d7600000, 0x000000076ab00000)
  object space 382976K, 28% used [0x00000006c0000000,0x00000006c6be9b48,0x00000006d7600000)
 Metaspace       used 93236K, capacity 100854K, committed 100904K, reserved 1136640K
  class space    used 11246K, capacity 13347K, committed 13360K, reserved 1048576K
}
Event: 627.076 GC heap before
{Heap before GC invocations=33 (full 4):
 PSYoungGen      total 432128K, used 388161K [0x000000076ab00000, 0x000000078a000000, 0x00000007c0000000)
  eden space 370688K, 100% used [0x000000076ab00000,0x0000000781500000,0x0000000781500000)
  from space 61440K, 28% used [0x0000000786400000,0x00000007875106c8,0x000000078a000000)
  to   space 71168K, 0% used [0x0000000781500000,0x0000000781500000,0x0000000785a80000)
 ParOldGen       total 382976K, used 110502K [0x00000006c0000000, 0x00000006d7600000, 0x000000076ab00000)
  object space 382976K, 28% used [0x00000006c0000000,0x00000006c6be9b48,0x00000006d7600000)
 Metaspace       used 96922K, capacity 104922K, committed 105000K, reserved 1140736K
  class space    used 11669K, capacity 13807K, committed 13872K, reserved 1048576K
Event: 627.093 GC heap after
Heap after GC invocations=33 (full 4):
 PSYoungGen      total 441856K, used 16194K [0x000000076ab00000, 0x000000078b600000, 0x00000007c0000000)
  eden space 370688K, 0% used [0x000000076ab00000,0x000000076ab00000,0x0000000781500000)
  from space 71168K, 22% used [0x0000000781500000,0x00000007824d0800,0x0000000785a80000)
  to   space 68608K, 0% used [0x0000000787300000,0x0000000787300000,0x000000078b600000)
 ParOldGen       total 382976K, used 110510K [0x00000006c0000000, 0x00000006d7600000, 0x000000076ab00000)
  object space 382976K, 28% used [0x00000006c0000000,0x00000006c6bebb48,0x00000006d7600000)
 Metaspace       used 96922K, capacity 104922K, committed 105000K, reserved 1140736K
  class space    used 11669K, capacity 13807K, committed 13872K, reserved 1048576K
}
Event: 749.051 GC heap before
{Heap before GC invocations=34 (full 4):
 PSYoungGen      total 441856K, used 386882K [0x000000076ab00000, 0x000000078b600000, 0x00000007c0000000)
  eden space 370688K, 100% used [0x000000076ab00000,0x0000000781500000,0x0000000781500000)
  from space 71168K, 22% used [0x0000000781500000,0x00000007824d0800,0x0000000785a80000)
  to   space 68608K, 0% used [0x0000000787300000,0x0000000787300000,0x000000078b600000)
 ParOldGen       total 382976K, used 110510K [0x00000006c0000000, 0x00000006d7600000, 0x000000076ab00000)
  object space 382976K, 28% used [0x00000006c0000000,0x00000006c6bebb48,0x00000006d7600000)
 Metaspace       used 100162K, capacity 108264K, committed 108456K, reserved 1142784K
  class space    used 12035K, capacity 14194K, committed 14256K, reserved 1048576K
Event: 749.064 GC heap after
Heap after GC invocations=34 (full 4):
 PSYoungGen      total 451584K, used 14285K [0x000000076ab00000, 0x000000078ac80000, 0x00000007c0000000)
  eden space 392704K, 0% used [0x000000076ab00000,0x000000076ab00000,0x0000000782a80000)
  from space 58880K, 24% used [0x0000000787300000,0x00000007880f3628,0x000000078ac80000)
  to   space 66560K, 0% used [0x0000000782a80000,0x0000000782a80000,0x0000000786b80000)
 ParOldGen       total 382976K, used 110518K [0x00000006c0000000, 0x00000006d7600000, 0x000000076ab00000)
  object space 382976K, 28% used [0x00000006c0000000,0x00000006c6bedb48,0x00000006d7600000)
 Metaspace       used 100162K, capacity 108264K, committed 108456K, reserved 1142784K
  class space    used 12035K, capacity 14194K, committed 14256K, reserved 1048576K
}
Event: 880.568 GC heap before
{Heap before GC invocations=35 (full 4):
 PSYoungGen      total 451584K, used 406675K [0x000000076ab00000, 0x000000078ac80000, 0x00000007c0000000)
  eden space 392704K, 99% used [0x000000076ab00000,0x0000000782a31718,0x0000000782a80000)
  from space 58880K, 24% used [0x0000000787300000,0x00000007880f3628,0x000000078ac80000)
  to   space 66560K, 0% used [0x0000000782a80000,0x0000000782a80000,0x0000000786b80000)
 ParOldGen       total 382976K, used 110518K [0x00000006c0000000, 0x00000006d7600000, 0x000000076ab00000)
  object space 382976K, 28% used [0x00000006c0000000,0x00000006c6bedb48,0x00000006d7600000)
 Metaspace       used 100412K, capacity 108536K, committed 108712K, reserved 1144832K
  class space    used 12067K, capacity 14242K, committed 14256K, reserved 1048576K
Event: 880.581 GC heap after
Heap after GC invocations=35 (full 4):
 PSYoungGen      total 459264K, used 22455K [0x000000076ab00000, 0x000000078b680000, 0x00000007c0000000)
  eden space 392704K, 0% used [0x000000076ab00000,0x000000076ab00000,0x0000000782a80000)
  from space 66560K, 33% used [0x0000000782a80000,0x000000078406dc30,0x0000000786b80000)
  to   space 62464K, 0% used [0x0000000787980000,0x0000000787980000,0x000000078b680000)
 ParOldGen       total 382976K, used 110518K [0x00000006c0000000, 0x00000006d7600000, 0x000000076ab00000)
  object space 382976K, 28% used [0x00000006c0000000,0x00000006c6bedb48,0x00000006d7600000)
 Metaspace       used 100412K, capacity 108536K, committed 108712K, reserved 1144832K
  class space    used 12067K, capacity 14242K, committed 14256K, reserved 1048576K
}

