# JRE version: Java(TM) SE Runtime Environment (8.0_144-b01) (build 1.8.0_144-b01)
# Java VM: Java HotSpot(TM) 64-Bit Server VM (25.144-b01 mixed mode bsd-amd64 compressed oops)
Heap:
 PSYoungGen      total 225792K, used 123668K [0x000000076ab00000, 0x000000077a980000, 0x00000007c0000000)
  eden space 212480K, 52% used [0x000000076ab00000,0x000000077172b4a8,0x0000000777a80000)
  from space 13312K, 96% used [0x0000000777e00000,0x0000000778a99d10,0x0000000778b00000)
  to   space 24064K, 0% used [0x0000000779200000,0x0000000779200000,0x000000077a980000)
 ParOldGen       total 523776K, used 124066K [0x00000006c0000000, 0x00000006dff80000, 0x000000076ab00000)
  object space 523776K, 23% used [0x00000006c0000000,0x00000006c7928a60,0x00000006dff80000)
 Metaspace       used 104351K, capacity 113038K, committed 113196K, reserved 1146880K
  class space    used 12507K, capacity 14835K, committed 14892K, reserved 1048576K
GC Heap History (10 events):
Event: 1044.200 GC heap before
{Heap before GC invocations=45 (full 4):
 PSYoungGen      total 253440K, used 246067K [0x000000076ab00000, 0x000000077c200000, 0x00000007c0000000)
  eden space 231424K, 100% used [0x000000076ab00000,0x0000000778d00000,0x0000000778d00000)
  from space 22016K, 66% used [0x000000077ac80000,0x000000077bacccb8,0x000000077c200000)
  to   space 27136K, 0% used [0x0000000778d00000,0x0000000778d00000,0x000000077a780000)
 ParOldGen       total 523776K, used 121591K [0x00000006c0000000, 0x00000006dff80000, 0x000000076ab00000)
  object space 523776K, 23% used [0x00000006c0000000,0x00000006c76bdd20,0x00000006dff80000)
 Metaspace       used 103811K, capacity 112394K, committed 112684K, reserved 1146880K
  class space    used 12505K, capacity 14835K, committed 14892K, reserved 1048576K
Event: 1044.214 GC heap after
Heap after GC invocations=45 (full 4):
 PSYoungGen      total 241664K, used 14137K [0x000000076ab00000, 0x000000077bc00000, 0x00000007c0000000)
  eden space 227328K, 0% used [0x000000076ab00000,0x000000076ab00000,0x0000000778900000)
  from space 14336K, 98% used [0x0000000778d00000,0x0000000779ace4b0,0x0000000779b00000)
  to   space 26112K, 0% used [0x000000077a280000,0x000000077a280000,0x000000077bc00000)
 ParOldGen       total 523776K, used 121647K [0x00000006c0000000, 0x00000006dff80000, 0x000000076ab00000)
  object space 523776K, 23% used [0x00000006c0000000,0x00000006c76cbd40,0x00000006dff80000)
 Metaspace       used 103811K, capacity 112394K, committed 112684K, reserved 1146880K
  class space    used 12505K, capacity 14835K, committed 14892K, reserved 1048576K
}
Event: 1049.124 GC heap before
{Heap before GC invocations=46 (full 4):
 PSYoungGen      total 241664K, used 241465K [0x000000076ab00000, 0x000000077bc00000, 0x00000007c0000000)
  eden space 227328K, 100% used [0x000000076ab00000,0x0000000778900000,0x0000000778900000)
  from space 14336K, 98% used [0x0000000778d00000,0x0000000779ace4b0,0x0000000779b00000)
  to   space 26112K, 0% used [0x000000077a280000,0x000000077a280000,0x000000077bc00000)
 ParOldGen       total 523776K, used 121647K [0x00000006c0000000, 0x00000006dff80000, 0x000000076ab00000)
  object space 523776K, 23% used [0x00000006c0000000,0x00000006c76cbd40,0x00000006dff80000)
 Metaspace       used 103946K, capacity 112778K, committed 112940K, reserved 1146880K
  class space    used 12505K, capacity 14835K, committed 14892K, reserved 1048576K
Event: 1049.139 GC heap after
Heap after GC invocations=46 (full 4):
 PSYoungGen      total 244224K, used 13011K [0x000000076ab00000, 0x000000077b700000, 0x00000007c0000000)
  eden space 223232K, 0% used [0x000000076ab00000,0x000000076ab00000,0x0000000778500000)
  from space 20992K, 61% used [0x000000077a280000,0x000000077af34fc8,0x000000077b700000)
  to   space 25600K, 0% used [0x0000000778500000,0x0000000778500000,0x0000000779e00000)
 ParOldGen       total 523776K, used 121711K [0x00000006c0000000, 0x00000006dff80000, 0x000000076ab00000)
  object space 523776K, 23% used [0x00000006c0000000,0x00000006c76dbd40,0x00000006dff80000)
 Metaspace       used 103946K, capacity 112778K, committed 112940K, reserved 1146880K
  class space    used 12505K, capacity 14835K, committed 14892K, reserved 1048576K
}
Event: 1070.381 GC heap before
{Heap before GC invocations=47 (full 4):
 PSYoungGen      total 244224K, used 235606K [0x000000076ab00000, 0x000000077b700000, 0x00000007c0000000)
  eden space 223232K, 99% used [0x000000076ab00000,0x0000000778460900,0x0000000778500000)
  from space 20992K, 61% used [0x000000077a280000,0x000000077af34fc8,0x000000077b700000)
  to   space 25600K, 0% used [0x0000000778500000,0x0000000778500000,0x0000000779e00000)
 ParOldGen       total 523776K, used 121711K [0x00000006c0000000, 0x00000006dff80000, 0x000000076ab00000)
  object space 523776K, 23% used [0x00000006c0000000,0x00000006c76dbd40,0x00000006dff80000)
 Metaspace       used 104073K, capacity 112778K, committed 112940K, reserved 1146880K
  class space    used 12506K, capacity 14835K, committed 14892K, reserved 1048576K
Event: 1070.395 GC heap after
Heap after GC invocations=47 (full 4):
 PSYoungGen      total 235520K, used 15750K [0x000000076ab00000, 0x000000077b180000, 0x00000007c0000000)
  eden space 219648K, 0% used [0x000000076ab00000,0x000000076ab00000,0x0000000778180000)
  from space 15872K, 99% used [0x0000000778500000,0x0000000779461928,0x0000000779480000)
  to   space 24576K, 0% used [0x0000000779980000,0x0000000779980000,0x000000077b180000)
 ParOldGen       total 523776K, used 123881K [0x00000006c0000000, 0x00000006dff80000, 0x000000076ab00000)
  object space 523776K, 23% used [0x00000006c0000000,0x00000006c78fa5c0,0x00000006dff80000)
 Metaspace       used 104073K, capacity 112778K, committed 112940K, reserved 1146880K
  class space    used 12506K, capacity 14835K, committed 14892K, reserved 1048576K
}
Event: 1073.464 GC heap before
{Heap before GC invocations=48 (full 4):
 PSYoungGen      total 235520K, used 235396K [0x000000076ab00000, 0x000000077b180000, 0x00000007c0000000)
  eden space 219648K, 99% used [0x000000076ab00000,0x000000077817f6d8,0x0000000778180000)
  from space 15872K, 99% used [0x0000000778500000,0x0000000779461928,0x0000000779480000)
  to   space 24576K, 0% used [0x0000000779980000,0x0000000779980000,0x000000077b180000)
 ParOldGen       total 523776K, used 123881K [0x00000006c0000000, 0x00000006dff80000, 0x000000076ab00000)
  object space 523776K, 23% used [0x00000006c0000000,0x00000006c78fa5c0,0x00000006dff80000)
 Metaspace       used 104149K, capacity 112842K, committed 113196K, reserved 1146880K
  class space    used 12506K, capacity 14835K, committed 14892K, reserved 1048576K
Event: 1073.482 GC heap after
Heap after GC invocations=48 (full 4):
 PSYoungGen      total 237056K, used 12217K [0x000000076ab00000, 0x000000077ae00000, 0x00000007c0000000)
  eden space 216064K, 0% used [0x000000076ab00000,0x000000076ab00000,0x0000000777e00000)
  from space 20992K, 58% used [0x0000000779980000,0x000000077a56e6e0,0x000000077ae00000)
  to   space 24576K, 0% used [0x0000000777e00000,0x0000000777e00000,0x0000000779600000)
 ParOldGen       total 523776K, used 124026K [0x00000006c0000000, 0x00000006dff80000, 0x000000076ab00000)
  object space 523776K, 23% used [0x00000006c0000000,0x00000006c791ea60,0x00000006dff80000)
 Metaspace       used 104149K, capacity 112842K, committed 113196K, reserved 1146880K
  class space    used 12506K, capacity 14835K, committed 14892K, reserved 1048576K
}
Event: 1078.451 GC heap before
{Heap before GC invocations=49 (full 4):
 PSYoungGen      total 237056K, used 228099K [0x000000076ab00000, 0x000000077ae00000, 0x00000007c0000000)
  eden space 216064K, 99% used [0x000000076ab00000,0x0000000777dd2548,0x0000000777e00000)
  from space 20992K, 58% used [0x0000000779980000,0x000000077a56e6e0,0x000000077ae00000)
  to   space 24576K, 0% used [0x0000000777e00000,0x0000000777e00000,0x0000000779600000)
 ParOldGen       total 523776K, used 124026K [0x00000006c0000000, 0x00000006dff80000, 0x000000076ab00000)
  object space 523776K, 23% used [0x00000006c0000000,0x00000006c791ea60,0x00000006dff80000)
 Metaspace       used 104261K, capacity 112906K, committed 113196K, reserved 1146880K
  class space    used 12507K, capacity 14835K, committed 14892K, reserved 1048576K
Event: 1078.462 GC heap after
Heap after GC invocations=49 (full 4):
 PSYoungGen      total 225792K, used 12903K [0x000000076ab00000, 0x000000077a980000, 0x00000007c0000000)
  eden space 212480K, 0% used [0x000000076ab00000,0x000000076ab00000,0x0000000777a80000)
  from space 13312K, 96% used [0x0000000777e00000,0x0000000778a99d10,0x0000000778b00000)
  to   space 24064K, 0% used [0x0000000779200000,0x0000000779200000,0x000000077a980000)
 ParOldGen       total 523776K, used 124066K [0x00000006c0000000, 0x00000006dff80000, 0x000000076ab00000)
  object space 523776K, 23% used [0x00000006c0000000,0x00000006c7928a60,0x00000006dff80000)
 Metaspace       used 104261K, capacity 112906K, committed 113196K, reserved 1146880K
  class space    used 12507K, capacity 14835K, committed 14892K, reserved 1048576K
}

