# JRE version: Java(TM) SE Runtime Environment (8.0_144-b01) (build 1.8.0_144-b01)
# Java VM: Java HotSpot(TM) 64-Bit Server VM (25.144-b01 mixed mode bsd-amd64 compressed oops)
Heap:
 PSYoungGen      total 217600K, used 136560K [0x000000076ab00000, 0x000000077a580000, 0x00000007c0000000)
  eden space 176128K, 71% used [0x000000076ab00000,0x00000007726c4998,0x0000000775700000)
  from space 41472K, 23% used [0x0000000775700000,0x0000000776097980,0x0000000777f80000)
  to   space 38912K, 0% used [0x0000000777f80000,0x0000000777f80000,0x000000077a580000)
 ParOldGen       total 526336K, used 143767K [0x00000006c0000000, 0x00000006e0200000, 0x000000076ab00000)
  object space 526336K, 27% used [0x00000006c0000000,0x00000006c8c65ef0,0x00000006e0200000)
 Metaspace       used 105814K, capacity 114200K, committed 114304K, reserved 1148928K
  class space    used 12603K, capacity 14906K, committed 14976K, reserved 1048576K
GC Heap History (10 events):
Event: 1906.173 GC heap before
{Heap before GC invocations=85 (full 4):
 PSYoungGen      total 221184K, used 180531K [0x000000076ab00000, 0x000000077ba80000, 0x00000007c0000000)
  eden space 171520K, 100% used [0x000000076ab00000,0x0000000775280000,0x0000000775280000)
  from space 49664K, 18% used [0x0000000778a00000,0x00000007792ccec8,0x000000077ba80000)
  to   space 53248K, 0% used [0x0000000775280000,0x0000000775280000,0x0000000778680000)
 ParOldGen       total 526336K, used 143530K [0x00000006c0000000, 0x00000006e0200000, 0x000000076ab00000)
  object space 526336K, 27% used [0x00000006c0000000,0x00000006c8c2abc0,0x00000006e0200000)
 Metaspace       used 105545K, capacity 113842K, committed 114048K, reserved 1148928K
  class space    used 12599K, capacity 14901K, committed 14976K, reserved 1048576K
Event: 1906.190 GC heap after
Heap after GC invocations=85 (full 4):
 PSYoungGen      total 182784K, used 10979K [0x000000076ab00000, 0x000000077b580000, 0x00000007c0000000)
  eden space 171520K, 0% used [0x000000076ab00000,0x000000076ab00000,0x0000000775280000)
  from space 11264K, 97% used [0x0000000775280000,0x0000000775d38eb8,0x0000000775d80000)
  to   space 49664K, 0% used [0x0000000778500000,0x0000000778500000,0x000000077b580000)
 ParOldGen       total 526336K, used 143570K [0x00000006c0000000, 0x00000006e0200000, 0x000000076ab00000)
  object space 526336K, 27% used [0x00000006c0000000,0x00000006c8c34bc0,0x00000006e0200000)
 Metaspace       used 105545K, capacity 113842K, committed 114048K, reserved 1148928K
  class space    used 12599K, capacity 14901K, committed 14976K, reserved 1048576K
}
Event: 1922.676 GC heap before
{Heap before GC invocations=86 (full 4):
 PSYoungGen      total 182784K, used 182499K [0x000000076ab00000, 0x000000077b580000, 0x00000007c0000000)
  eden space 171520K, 100% used [0x000000076ab00000,0x0000000775280000,0x0000000775280000)
  from space 11264K, 97% used [0x0000000775280000,0x0000000775d38eb8,0x0000000775d80000)
  to   space 49664K, 0% used [0x0000000778500000,0x0000000778500000,0x000000077b580000)
 ParOldGen       total 526336K, used 143570K [0x00000006c0000000, 0x00000006e0200000, 0x000000076ab00000)
  object space 526336K, 27% used [0x00000006c0000000,0x00000006c8c34bc0,0x00000006e0200000)
 Metaspace       used 105582K, capacity 113982K, committed 114304K, reserved 1148928K
  class space    used 12600K, capacity 14903K, committed 14976K, reserved 1048576K
Event: 1922.684 GC heap after
Heap after GC invocations=86 (full 4):
 PSYoungGen      total 217088K, used 8819K [0x000000076ab00000, 0x000000077af80000, 0x00000007c0000000)
  eden space 173568K, 0% used [0x000000076ab00000,0x000000076ab00000,0x0000000775480000)
  from space 43520K, 20% used [0x0000000778500000,0x0000000778d9ceb8,0x000000077af80000)
  to   space 46592K, 0% used [0x0000000775480000,0x0000000775480000,0x0000000778200000)
 ParOldGen       total 526336K, used 143618K [0x00000006c0000000, 0x00000006e0200000, 0x000000076ab00000)
  object space 526336K, 27% used [0x00000006c0000000,0x00000006c8c40bc0,0x00000006e0200000)
 Metaspace       used 105582K, capacity 113982K, committed 114304K, reserved 1148928K
  class space    used 12600K, capacity 14903K, committed 14976K, reserved 1048576K
}
Event: 1926.092 GC heap before
{Heap before GC invocations=87 (full 4):
 PSYoungGen      total 217088K, used 182387K [0x000000076ab00000, 0x000000077af80000, 0x00000007c0000000)
  eden space 173568K, 100% used [0x000000076ab00000,0x0000000775480000,0x0000000775480000)
  from space 43520K, 20% used [0x0000000778500000,0x0000000778d9ceb8,0x000000077af80000)
  to   space 46592K, 0% used [0x0000000775480000,0x0000000775480000,0x0000000778200000)
 ParOldGen       total 526336K, used 143618K [0x00000006c0000000, 0x00000006e0200000, 0x000000076ab00000)
  object space 526336K, 27% used [0x00000006c0000000,0x00000006c8c40bc0,0x00000006e0200000)
 Metaspace       used 105650K, capacity 114054K, committed 114304K, reserved 1148928K
  class space    used 12600K, capacity 14903K, committed 14976K, reserved 1048576K
Event: 1926.102 GC heap after
Heap after GC invocations=87 (full 4):
 PSYoungGen      total 220160K, used 10356K [0x000000076ab00000, 0x000000077ad00000, 0x00000007c0000000)
  eden space 173568K, 0% used [0x000000076ab00000,0x000000076ab00000,0x0000000775480000)
  from space 46592K, 22% used [0x0000000775480000,0x0000000775e9d2d8,0x0000000778200000)
  to   space 44032K, 0% used [0x0000000778200000,0x0000000778200000,0x000000077ad00000)
 ParOldGen       total 526336K, used 143634K [0x00000006c0000000, 0x00000006e0200000, 0x000000076ab00000)
  object space 526336K, 27% used [0x00000006c0000000,0x00000006c8c44bc0,0x00000006e0200000)
 Metaspace       used 105650K, capacity 114054K, committed 114304K, reserved 1148928K
  class space    used 12600K, capacity 14903K, committed 14976K, reserved 1048576K
}
Event: 1930.533 GC heap before
{Heap before GC invocations=88 (full 4):
 PSYoungGen      total 220160K, used 183924K [0x000000076ab00000, 0x000000077ad00000, 0x00000007c0000000)
  eden space 173568K, 100% used [0x000000076ab00000,0x0000000775480000,0x0000000775480000)
  from space 46592K, 22% used [0x0000000775480000,0x0000000775e9d2d8,0x0000000778200000)
  to   space 44032K, 0% used [0x0000000778200000,0x0000000778200000,0x000000077ad00000)
 ParOldGen       total 526336K, used 143634K [0x00000006c0000000, 0x00000006e0200000, 0x000000076ab00000)
  object space 526336K, 27% used [0x00000006c0000000,0x00000006c8c44bc0,0x00000006e0200000)
 Metaspace       used 105711K, capacity 114054K, committed 114304K, reserved 1148928K
  class space    used 12600K, capacity 14903K, committed 14976K, reserved 1048576K
Event: 1930.544 GC heap after
Heap after GC invocations=88 (full 4):
 PSYoungGen      total 215040K, used 8357K [0x000000076ab00000, 0x000000077a800000, 0x00000007c0000000)
  eden space 176128K, 0% used [0x000000076ab00000,0x000000076ab00000,0x0000000775700000)
  from space 38912K, 21% used [0x0000000778200000,0x0000000778a29580,0x000000077a800000)
  to   space 41472K, 0% used [0x0000000775700000,0x0000000775700000,0x0000000777f80000)
 ParOldGen       total 526336K, used 143666K [0x00000006c0000000, 0x00000006e0200000, 0x000000076ab00000)
  object space 526336K, 27% used [0x00000006c0000000,0x00000006c8c4cbc0,0x00000006e0200000)
 Metaspace       used 105711K, capacity 114054K, committed 114304K, reserved 1148928K
  class space    used 12600K, capacity 14903K, committed 14976K, reserved 1048576K
}
Event: 1936.955 GC heap before
{Heap before GC invocations=89 (full 4):
 PSYoungGen      total 215040K, used 183786K [0x000000076ab00000, 0x000000077a800000, 0x00000007c0000000)
  eden space 176128K, 99% used [0x000000076ab00000,0x00000007756512a8,0x0000000775700000)
  from space 38912K, 21% used [0x0000000778200000,0x0000000778a29580,0x000000077a800000)
  to   space 41472K, 0% used [0x0000000775700000,0x0000000775700000,0x0000000777f80000)
 ParOldGen       total 526336K, used 143666K [0x00000006c0000000, 0x00000006e0200000, 0x000000076ab00000)
  object space 526336K, 27% used [0x00000006c0000000,0x00000006c8c4cbc0,0x00000006e0200000)
 Metaspace       used 105727K, capacity 114054K, committed 114304K, reserved 1148928K
  class space    used 12600K, capacity 14903K, committed 14976K, reserved 1048576K
Event: 1936.967 GC heap after
Heap after GC invocations=89 (full 4):
 PSYoungGen      total 217600K, used 9822K [0x000000076ab00000, 0x000000077a580000, 0x00000007c0000000)
  eden space 176128K, 0% used [0x000000076ab00000,0x000000076ab00000,0x0000000775700000)
  from space 41472K, 23% used [0x0000000775700000,0x0000000776097980,0x0000000777f80000)
  to   space 38912K, 0% used [0x0000000777f80000,0x0000000777f80000,0x000000077a580000)
 ParOldGen       total 526336K, used 143767K [0x00000006c0000000, 0x00000006e0200000, 0x000000076ab00000)
  object space 526336K, 27% used [0x00000006c0000000,0x00000006c8c65ef0,0x00000006e0200000)
 Metaspace       used 105727K, capacity 114054K, committed 114304K, reserved 1148928K
  class space    used 12600K, capacity 14903K, committed 14976K, reserved 1048576K
}

